	.text
	.syntax unified
	.eabi_attribute	67, "2.09"	@ Tag_conformance
	.cpu	cortex-m4
	.eabi_attribute	6, 13	@ Tag_CPU_arch
	.eabi_attribute	7, 77	@ Tag_CPU_arch_profile
	.eabi_attribute	8, 0	@ Tag_ARM_ISA_use
	.eabi_attribute	9, 2	@ Tag_THUMB_ISA_use
	.fpu	fpv4-sp-d16
	.eabi_attribute	27, 1	@ Tag_ABI_HardFP_use
	.eabi_attribute	36, 1	@ Tag_FP_HP_extension
	.eabi_attribute	34, 1	@ Tag_CPU_unaligned_access
	.eabi_attribute	17, 1	@ Tag_ABI_PCS_GOT_use
	.eabi_attribute	20, 2	@ Tag_ABI_FP_denormal
	.eabi_attribute	21, 0	@ Tag_ABI_FP_exceptions
	.eabi_attribute	23, 1	@ Tag_ABI_FP_number_model
	.eabi_attribute	24, 1	@ Tag_ABI_align_needed
	.eabi_attribute	25, 1	@ Tag_ABI_align_preserved
	.eabi_attribute	28, 1	@ Tag_ABI_VFP_args
	.eabi_attribute	38, 1	@ Tag_ABI_FP_16bit_format
	.eabi_attribute	18, 2	@ Tag_ABI_PCS_wchar_t
	.eabi_attribute	26, 1	@ Tag_ABI_enum_size
	.eabi_attribute	14, 0	@ Tag_ABI_PCS_R9_use
	.file	"stm32g4_timer.c"
	.file	1 "C:\\Keil_v5\\ARM\\ARMCLANG\\Bin\\..\\include" "stdint.h"
	.file	2 "C:/Users/Shenny/AppData/Local/Arm/Packs/Keil/STM32G4xx_DFP/1.5.0/Drivers/CMSIS/Device/ST/STM32G4xx/Include" "stm32g474xx.h"
	.section	.text.ENABLE_CLOCK_TIM2_7,"ax",%progbits
	.hidden	ENABLE_CLOCK_TIM2_7             @ -- Begin function ENABLE_CLOCK_TIM2_7
	.globl	ENABLE_CLOCK_TIM2_7
	.p2align	2
	.type	ENABLE_CLOCK_TIM2_7,%function
	.code	16                              @ @ENABLE_CLOCK_TIM2_7
	.thumb_func
ENABLE_CLOCK_TIM2_7:
.Lfunc_begin0:
	.file	3 "C:\\Users\\Shenny\\Desktop\\Data\\Embedded_Github\\Public\\STM32_G474RE\\Keil_UV5\\Lesson_1_Blinky" "stm32g4_timer.c"
	.loc	3 12 0                          @ stm32g4_timer.c:12:0
	.fnstart
	.cfi_sections .debug_frame
	.cfi_startproc
@ %bb.0:
	.pad	#8
	sub	sp, #8
	.cfi_def_cfa_offset 8
	str	r0, [sp, #4]
.Ltmp0:
	.loc	3 13 23 prologue_end            @ stm32g4_timer.c:13:23
	ldr	r0, [sp, #4]
	.loc	3 13 58 is_stmt 0               @ stm32g4_timer.c:13:58
	ubfx	r0, r0, #10, #3
	.loc	3 13 11                         @ stm32g4_timer.c:13:11
	str	r0, [sp]
	.loc	3 14 2 is_stmt 1                @ stm32g4_timer.c:14:2
	ldr	r1, [sp]
	movs	r0, #1
	lsl.w	r2, r0, r1
	movw	r1, #4184
	movt	r1, #16386
	ldr	r0, [r1]
	orrs	r0, r2
	str	r0, [r1]
	.loc	3 15 1                          @ stm32g4_timer.c:15:1
	add	sp, #8
	bx	lr
.Ltmp1:
.Lfunc_end0:
	.size	ENABLE_CLOCK_TIM2_7, .Lfunc_end0-ENABLE_CLOCK_TIM2_7
	.cfi_endproc
	.cantunwind
	.fnend
                                        @ -- End function
	.section	.text.TIMx_Setup,"ax",%progbits
	.hidden	TIMx_Setup                      @ -- Begin function TIMx_Setup
	.globl	TIMx_Setup
	.p2align	2
	.type	TIMx_Setup,%function
	.code	16                              @ @TIMx_Setup
	.thumb_func
TIMx_Setup:
.Lfunc_begin1:
	.loc	3 18 0                          @ stm32g4_timer.c:18:0
	.fnstart
	.cfi_startproc
@ %bb.0:
	.save	{r7, lr}
	push	{r7, lr}
	.cfi_def_cfa_offset 8
	.cfi_offset lr, -4
	.cfi_offset r7, -8
	.pad	#8
	sub	sp, #8
	.cfi_def_cfa_offset 16
	str	r0, [sp, #4]
.Ltmp2:
	.loc	3 20 22 prologue_end            @ stm32g4_timer.c:20:22
	ldr	r0, [sp, #4]
	.loc	3 20 28 is_stmt 0               @ stm32g4_timer.c:20:28
	ldr	r0, [r0]
	.loc	3 20 2                          @ stm32g4_timer.c:20:2
	bl	ENABLE_CLOCK_TIM2_7
	.loc	3 23 2 is_stmt 1                @ stm32g4_timer.c:23:2
	ldr	r0, [sp, #4]
	ldr	r2, [r0, #4]
	ldr	r0, [sp, #4]
	ldr	r1, [r0]
	ldr	r0, [r1, #40]
	orrs	r0, r2
	str	r0, [r1, #40]
	.loc	3 26 2                          @ stm32g4_timer.c:26:2
	ldr	r0, [sp, #4]
	ldr	r0, [r0]
	ldr	r0, [r0, #44]
	ldr	r0, [sp, #4]
	ldr	r0, [r0, #12]
	ldr	r1, [sp, #4]
	ldr	r1, [r1]
	str	r0, [r1, #44]
	.loc	3 31 2                          @ stm32g4_timer.c:31:2
	ldr	r0, [sp, #4]
	ldr	r0, [r0, #16]
	ldr	r1, [sp, #4]
	ldr	r1, [r1, #20]
	orrs	r0, r1
	ldr	r1, [sp, #4]
	ldr	r1, [r1, #8]
	orr.w	r2, r0, r1
	ldr	r0, [sp, #4]
	ldr	r1, [r0]
	ldr	r0, [r1]
	orrs	r0, r2
	str	r0, [r1]
	.loc	3 34 2                          @ stm32g4_timer.c:34:2
	ldr	r0, [sp, #4]
	ldr	r1, [r0]
	ldr	r0, [r1]
	orr	r0, r0, #1
	str	r0, [r1]
	.loc	3 42 2                          @ stm32g4_timer.c:42:2
	ldr	r0, [sp, #4]
	ldr	r1, [r0]
	ldr	r0, [r1, #20]
	orr	r0, r0, #1
	str	r0, [r1, #20]
	.loc	3 43 1                          @ stm32g4_timer.c:43:1
	add	sp, #8
	pop	{r7, pc}
.Ltmp3:
.Lfunc_end1:
	.size	TIMx_Setup, .Lfunc_end1-TIMx_Setup
	.cfi_endproc
	.cantunwind
	.fnend
                                        @ -- End function
	.section	.text.TIMx_Init,"ax",%progbits
	.hidden	TIMx_Init                       @ -- Begin function TIMx_Init
	.globl	TIMx_Init
	.p2align	2
	.type	TIMx_Init,%function
	.code	16                              @ @TIMx_Init
	.thumb_func
TIMx_Init:
.Lfunc_begin2:
	.loc	3 47 0                          @ stm32g4_timer.c:47:0
	.fnstart
	.cfi_startproc
@ %bb.0:
	.save	{r7, lr}
	push	{r7, lr}
	.cfi_def_cfa_offset 8
	.cfi_offset lr, -4
	.cfi_offset r7, -8
	.pad	#24
	sub	sp, #24
	.cfi_def_cfa_offset 32
.Ltmp4:
	.loc	3 48 18 prologue_end            @ stm32g4_timer.c:48:18
	movw	lr, :lower16:.L__const.TIMx_Init.TIMx_Config
	movt	lr, :upper16:.L__const.TIMx_Init.TIMx_Config
	ldr.w	r0, [lr]
	ldr.w	r1, [lr, #4]
	ldr.w	r2, [lr, #8]
	ldr.w	r3, [lr, #12]
	ldr.w	r12, [lr, #16]
	ldr.w	lr, [lr, #20]
	str.w	lr, [sp, #20]
	str.w	r12, [sp, #16]
	str	r3, [sp, #12]
	str	r2, [sp, #8]
	str	r1, [sp, #4]
	str	r0, [sp]
	mov	r0, sp
	.loc	3 54 2                          @ stm32g4_timer.c:54:2
	bl	TIMx_Setup
	.loc	3 55 1                          @ stm32g4_timer.c:55:1
	add	sp, #24
	pop	{r7, pc}
.Ltmp5:
.Lfunc_end2:
	.size	TIMx_Init, .Lfunc_end2-TIMx_Init
	.cfi_endproc
	.cantunwind
	.fnend
                                        @ -- End function
	.type	.L__const.TIMx_Init.TIMx_Config,%object @ @__const.TIMx_Init.TIMx_Config
	.section	.rodata..L__const.TIMx_Init.TIMx_Config,"a",%progbits
	.p2align	2, 0x0
.L__const.TIMx_Init.TIMx_Config:
	.long	1073745920
	.long	169                             @ 0xa9
	.long	0                               @ 0x0
	.long	4294967295                      @ 0xffffffff
	.long	0                               @ 0x0
	.long	128                             @ 0x80
	.size	.L__const.TIMx_Init.TIMx_Config, 24

	.file	4 "C:\\Users\\Shenny\\Desktop\\Data\\Embedded_Github\\Public\\STM32_G474RE\\Keil_UV5\\Lesson_1_Blinky" "./stm32g4_timer.h"
	.file	5 "C:\\Users\\Shenny\\Desktop\\Data\\Embedded_Github\\Public\\STM32_G474RE\\Keil_UV5\\Lesson_1_Blinky" "./stm32g4_defvar.h"
	.section	.debug_abbrev,"",%progbits
	.byte	1                               @ Abbreviation Code
	.byte	17                              @ DW_TAG_compile_unit
	.byte	1                               @ DW_CHILDREN_yes
	.byte	37                              @ DW_AT_producer
	.byte	14                              @ DW_FORM_strp
	.byte	19                              @ DW_AT_language
	.byte	5                               @ DW_FORM_data2
	.byte	3                               @ DW_AT_name
	.byte	14                              @ DW_FORM_strp
	.byte	16                              @ DW_AT_stmt_list
	.byte	23                              @ DW_FORM_sec_offset
	.byte	27                              @ DW_AT_comp_dir
	.byte	14                              @ DW_FORM_strp
	.byte	17                              @ DW_AT_low_pc
	.byte	1                               @ DW_FORM_addr
	.byte	85                              @ DW_AT_ranges
	.byte	23                              @ DW_FORM_sec_offset
	.byte	0                               @ EOM(1)
	.byte	0                               @ EOM(2)
	.byte	2                               @ Abbreviation Code
	.byte	22                              @ DW_TAG_typedef
	.byte	0                               @ DW_CHILDREN_no
	.byte	73                              @ DW_AT_type
	.byte	19                              @ DW_FORM_ref4
	.byte	3                               @ DW_AT_name
	.byte	14                              @ DW_FORM_strp
	.byte	58                              @ DW_AT_decl_file
	.byte	11                              @ DW_FORM_data1
	.byte	59                              @ DW_AT_decl_line
	.byte	11                              @ DW_FORM_data1
	.byte	0                               @ EOM(1)
	.byte	0                               @ EOM(2)
	.byte	3                               @ Abbreviation Code
	.byte	36                              @ DW_TAG_base_type
	.byte	0                               @ DW_CHILDREN_no
	.byte	3                               @ DW_AT_name
	.byte	14                              @ DW_FORM_strp
	.byte	62                              @ DW_AT_encoding
	.byte	11                              @ DW_FORM_data1
	.byte	11                              @ DW_AT_byte_size
	.byte	11                              @ DW_FORM_data1
	.byte	0                               @ EOM(1)
	.byte	0                               @ EOM(2)
	.byte	4                               @ Abbreviation Code
	.byte	15                              @ DW_TAG_pointer_type
	.byte	0                               @ DW_CHILDREN_no
	.byte	73                              @ DW_AT_type
	.byte	19                              @ DW_FORM_ref4
	.byte	0                               @ EOM(1)
	.byte	0                               @ EOM(2)
	.byte	5                               @ Abbreviation Code
	.byte	22                              @ DW_TAG_typedef
	.byte	0                               @ DW_CHILDREN_no
	.byte	73                              @ DW_AT_type
	.byte	19                              @ DW_FORM_ref4
	.byte	3                               @ DW_AT_name
	.byte	14                              @ DW_FORM_strp
	.byte	58                              @ DW_AT_decl_file
	.byte	11                              @ DW_FORM_data1
	.byte	59                              @ DW_AT_decl_line
	.byte	5                               @ DW_FORM_data2
	.byte	0                               @ EOM(1)
	.byte	0                               @ EOM(2)
	.byte	6                               @ Abbreviation Code
	.byte	19                              @ DW_TAG_structure_type
	.byte	1                               @ DW_CHILDREN_yes
	.byte	11                              @ DW_AT_byte_size
	.byte	11                              @ DW_FORM_data1
	.byte	58                              @ DW_AT_decl_file
	.byte	11                              @ DW_FORM_data1
	.byte	59                              @ DW_AT_decl_line
	.byte	5                               @ DW_FORM_data2
	.byte	0                               @ EOM(1)
	.byte	0                               @ EOM(2)
	.byte	7                               @ Abbreviation Code
	.byte	13                              @ DW_TAG_member
	.byte	0                               @ DW_CHILDREN_no
	.byte	3                               @ DW_AT_name
	.byte	14                              @ DW_FORM_strp
	.byte	73                              @ DW_AT_type
	.byte	19                              @ DW_FORM_ref4
	.byte	58                              @ DW_AT_decl_file
	.byte	11                              @ DW_FORM_data1
	.byte	59                              @ DW_AT_decl_line
	.byte	5                               @ DW_FORM_data2
	.byte	56                              @ DW_AT_data_member_location
	.byte	11                              @ DW_FORM_data1
	.byte	0                               @ EOM(1)
	.byte	0                               @ EOM(2)
	.byte	8                               @ Abbreviation Code
	.byte	53                              @ DW_TAG_volatile_type
	.byte	0                               @ DW_CHILDREN_no
	.byte	73                              @ DW_AT_type
	.byte	19                              @ DW_FORM_ref4
	.byte	0                               @ EOM(1)
	.byte	0                               @ EOM(2)
	.byte	9                               @ Abbreviation Code
	.byte	46                              @ DW_TAG_subprogram
	.byte	1                               @ DW_CHILDREN_yes
	.byte	17                              @ DW_AT_low_pc
	.byte	1                               @ DW_FORM_addr
	.byte	18                              @ DW_AT_high_pc
	.byte	6                               @ DW_FORM_data4
	.byte	64                              @ DW_AT_frame_base
	.byte	24                              @ DW_FORM_exprloc
	.byte	3                               @ DW_AT_name
	.byte	14                              @ DW_FORM_strp
	.byte	58                              @ DW_AT_decl_file
	.byte	11                              @ DW_FORM_data1
	.byte	59                              @ DW_AT_decl_line
	.byte	11                              @ DW_FORM_data1
	.byte	39                              @ DW_AT_prototyped
	.byte	25                              @ DW_FORM_flag_present
	.byte	63                              @ DW_AT_external
	.byte	25                              @ DW_FORM_flag_present
	.byte	0                               @ EOM(1)
	.byte	0                               @ EOM(2)
	.byte	10                              @ Abbreviation Code
	.byte	5                               @ DW_TAG_formal_parameter
	.byte	0                               @ DW_CHILDREN_no
	.byte	2                               @ DW_AT_location
	.byte	24                              @ DW_FORM_exprloc
	.byte	3                               @ DW_AT_name
	.byte	14                              @ DW_FORM_strp
	.byte	58                              @ DW_AT_decl_file
	.byte	11                              @ DW_FORM_data1
	.byte	59                              @ DW_AT_decl_line
	.byte	11                              @ DW_FORM_data1
	.byte	73                              @ DW_AT_type
	.byte	19                              @ DW_FORM_ref4
	.byte	0                               @ EOM(1)
	.byte	0                               @ EOM(2)
	.byte	11                              @ Abbreviation Code
	.byte	52                              @ DW_TAG_variable
	.byte	0                               @ DW_CHILDREN_no
	.byte	2                               @ DW_AT_location
	.byte	24                              @ DW_FORM_exprloc
	.byte	3                               @ DW_AT_name
	.byte	14                              @ DW_FORM_strp
	.byte	58                              @ DW_AT_decl_file
	.byte	11                              @ DW_FORM_data1
	.byte	59                              @ DW_AT_decl_line
	.byte	11                              @ DW_FORM_data1
	.byte	73                              @ DW_AT_type
	.byte	19                              @ DW_FORM_ref4
	.byte	0                               @ EOM(1)
	.byte	0                               @ EOM(2)
	.byte	12                              @ Abbreviation Code
	.byte	19                              @ DW_TAG_structure_type
	.byte	1                               @ DW_CHILDREN_yes
	.byte	11                              @ DW_AT_byte_size
	.byte	5                               @ DW_FORM_data2
	.byte	58                              @ DW_AT_decl_file
	.byte	11                              @ DW_FORM_data1
	.byte	59                              @ DW_AT_decl_line
	.byte	5                               @ DW_FORM_data2
	.byte	0                               @ EOM(1)
	.byte	0                               @ EOM(2)
	.byte	13                              @ Abbreviation Code
	.byte	13                              @ DW_TAG_member
	.byte	0                               @ DW_CHILDREN_no
	.byte	3                               @ DW_AT_name
	.byte	14                              @ DW_FORM_strp
	.byte	73                              @ DW_AT_type
	.byte	19                              @ DW_FORM_ref4
	.byte	58                              @ DW_AT_decl_file
	.byte	11                              @ DW_FORM_data1
	.byte	59                              @ DW_AT_decl_line
	.byte	5                               @ DW_FORM_data2
	.byte	56                              @ DW_AT_data_member_location
	.byte	5                               @ DW_FORM_data2
	.byte	0                               @ EOM(1)
	.byte	0                               @ EOM(2)
	.byte	14                              @ Abbreviation Code
	.byte	1                               @ DW_TAG_array_type
	.byte	1                               @ DW_CHILDREN_yes
	.byte	73                              @ DW_AT_type
	.byte	19                              @ DW_FORM_ref4
	.byte	0                               @ EOM(1)
	.byte	0                               @ EOM(2)
	.byte	15                              @ Abbreviation Code
	.byte	33                              @ DW_TAG_subrange_type
	.byte	0                               @ DW_CHILDREN_no
	.byte	73                              @ DW_AT_type
	.byte	19                              @ DW_FORM_ref4
	.byte	55                              @ DW_AT_count
	.byte	11                              @ DW_FORM_data1
	.byte	0                               @ EOM(1)
	.byte	0                               @ EOM(2)
	.byte	16                              @ Abbreviation Code
	.byte	36                              @ DW_TAG_base_type
	.byte	0                               @ DW_CHILDREN_no
	.byte	3                               @ DW_AT_name
	.byte	14                              @ DW_FORM_strp
	.byte	11                              @ DW_AT_byte_size
	.byte	11                              @ DW_FORM_data1
	.byte	62                              @ DW_AT_encoding
	.byte	11                              @ DW_FORM_data1
	.byte	0                               @ EOM(1)
	.byte	0                               @ EOM(2)
	.byte	17                              @ Abbreviation Code
	.byte	19                              @ DW_TAG_structure_type
	.byte	1                               @ DW_CHILDREN_yes
	.byte	11                              @ DW_AT_byte_size
	.byte	11                              @ DW_FORM_data1
	.byte	58                              @ DW_AT_decl_file
	.byte	11                              @ DW_FORM_data1
	.byte	59                              @ DW_AT_decl_line
	.byte	11                              @ DW_FORM_data1
	.byte	0                               @ EOM(1)
	.byte	0                               @ EOM(2)
	.byte	18                              @ Abbreviation Code
	.byte	13                              @ DW_TAG_member
	.byte	0                               @ DW_CHILDREN_no
	.byte	3                               @ DW_AT_name
	.byte	14                              @ DW_FORM_strp
	.byte	73                              @ DW_AT_type
	.byte	19                              @ DW_FORM_ref4
	.byte	58                              @ DW_AT_decl_file
	.byte	11                              @ DW_FORM_data1
	.byte	59                              @ DW_AT_decl_line
	.byte	11                              @ DW_FORM_data1
	.byte	56                              @ DW_AT_data_member_location
	.byte	11                              @ DW_FORM_data1
	.byte	0                               @ EOM(1)
	.byte	0                               @ EOM(2)
	.byte	0                               @ EOM(3)
	.section	.debug_info,"",%progbits
.Lcu_begin0:
	.long	.Ldebug_info_end0-.Ldebug_info_start0 @ Length of Unit
.Ldebug_info_start0:
	.short	4                               @ DWARF version number
	.long	.debug_abbrev                   @ Offset Into Abbrev. Section
	.byte	4                               @ Address Size (in bytes)
	.byte	1                               @ Abbrev [1] 0xb:0x4e0 DW_TAG_compile_unit
	.long	.Linfo_string0                  @ DW_AT_producer
	.short	12                              @ DW_AT_language
	.long	.Linfo_string1                  @ DW_AT_name
	.long	.Lline_table_start0             @ DW_AT_stmt_list
	.long	.Linfo_string2                  @ DW_AT_comp_dir
	.long	0                               @ DW_AT_low_pc
	.long	.Ldebug_ranges0                 @ DW_AT_ranges
	.byte	2                               @ Abbrev [2] 0x26:0xb DW_TAG_typedef
	.long	49                              @ DW_AT_type
	.long	.Linfo_string4                  @ DW_AT_name
	.byte	1                               @ DW_AT_decl_file
	.byte	64                              @ DW_AT_decl_line
	.byte	3                               @ Abbrev [3] 0x31:0x7 DW_TAG_base_type
	.long	.Linfo_string3                  @ DW_AT_name
	.byte	7                               @ DW_AT_encoding
	.byte	4                               @ DW_AT_byte_size
	.byte	4                               @ Abbrev [4] 0x38:0x5 DW_TAG_pointer_type
	.long	61                              @ DW_AT_type
	.byte	5                               @ Abbrev [5] 0x3d:0xc DW_TAG_typedef
	.long	73                              @ DW_AT_type
	.long	.Linfo_string45                 @ DW_AT_name
	.byte	2                               @ DW_AT_decl_file
	.short	706                             @ DW_AT_decl_line
	.byte	6                               @ Abbrev [6] 0x49:0x20e DW_TAG_structure_type
	.byte	160                             @ DW_AT_byte_size
	.byte	2                               @ DW_AT_decl_file
	.short	664                             @ DW_AT_decl_line
	.byte	7                               @ Abbrev [7] 0x4e:0xd DW_TAG_member
	.long	.Linfo_string5                  @ DW_AT_name
	.long	599                             @ DW_AT_type
	.byte	2                               @ DW_AT_decl_file
	.short	666                             @ DW_AT_decl_line
	.byte	0                               @ DW_AT_data_member_location
	.byte	7                               @ Abbrev [7] 0x5b:0xd DW_TAG_member
	.long	.Linfo_string6                  @ DW_AT_name
	.long	599                             @ DW_AT_type
	.byte	2                               @ DW_AT_decl_file
	.short	667                             @ DW_AT_decl_line
	.byte	4                               @ DW_AT_data_member_location
	.byte	7                               @ Abbrev [7] 0x68:0xd DW_TAG_member
	.long	.Linfo_string7                  @ DW_AT_name
	.long	599                             @ DW_AT_type
	.byte	2                               @ DW_AT_decl_file
	.short	668                             @ DW_AT_decl_line
	.byte	8                               @ DW_AT_data_member_location
	.byte	7                               @ Abbrev [7] 0x75:0xd DW_TAG_member
	.long	.Linfo_string8                  @ DW_AT_name
	.long	599                             @ DW_AT_type
	.byte	2                               @ DW_AT_decl_file
	.short	669                             @ DW_AT_decl_line
	.byte	12                              @ DW_AT_data_member_location
	.byte	7                               @ Abbrev [7] 0x82:0xd DW_TAG_member
	.long	.Linfo_string9                  @ DW_AT_name
	.long	38                              @ DW_AT_type
	.byte	2                               @ DW_AT_decl_file
	.short	670                             @ DW_AT_decl_line
	.byte	16                              @ DW_AT_data_member_location
	.byte	7                               @ Abbrev [7] 0x8f:0xd DW_TAG_member
	.long	.Linfo_string10                 @ DW_AT_name
	.long	38                              @ DW_AT_type
	.byte	2                               @ DW_AT_decl_file
	.short	671                             @ DW_AT_decl_line
	.byte	20                              @ DW_AT_data_member_location
	.byte	7                               @ Abbrev [7] 0x9c:0xd DW_TAG_member
	.long	.Linfo_string11                 @ DW_AT_name
	.long	599                             @ DW_AT_type
	.byte	2                               @ DW_AT_decl_file
	.short	672                             @ DW_AT_decl_line
	.byte	24                              @ DW_AT_data_member_location
	.byte	7                               @ Abbrev [7] 0xa9:0xd DW_TAG_member
	.long	.Linfo_string12                 @ DW_AT_name
	.long	599                             @ DW_AT_type
	.byte	2                               @ DW_AT_decl_file
	.short	673                             @ DW_AT_decl_line
	.byte	28                              @ DW_AT_data_member_location
	.byte	7                               @ Abbrev [7] 0xb6:0xd DW_TAG_member
	.long	.Linfo_string13                 @ DW_AT_name
	.long	599                             @ DW_AT_type
	.byte	2                               @ DW_AT_decl_file
	.short	674                             @ DW_AT_decl_line
	.byte	32                              @ DW_AT_data_member_location
	.byte	7                               @ Abbrev [7] 0xc3:0xd DW_TAG_member
	.long	.Linfo_string14                 @ DW_AT_name
	.long	38                              @ DW_AT_type
	.byte	2                               @ DW_AT_decl_file
	.short	675                             @ DW_AT_decl_line
	.byte	36                              @ DW_AT_data_member_location
	.byte	7                               @ Abbrev [7] 0xd0:0xd DW_TAG_member
	.long	.Linfo_string15                 @ DW_AT_name
	.long	599                             @ DW_AT_type
	.byte	2                               @ DW_AT_decl_file
	.short	676                             @ DW_AT_decl_line
	.byte	40                              @ DW_AT_data_member_location
	.byte	7                               @ Abbrev [7] 0xdd:0xd DW_TAG_member
	.long	.Linfo_string16                 @ DW_AT_name
	.long	599                             @ DW_AT_type
	.byte	2                               @ DW_AT_decl_file
	.short	677                             @ DW_AT_decl_line
	.byte	44                              @ DW_AT_data_member_location
	.byte	7                               @ Abbrev [7] 0xea:0xd DW_TAG_member
	.long	.Linfo_string17                 @ DW_AT_name
	.long	599                             @ DW_AT_type
	.byte	2                               @ DW_AT_decl_file
	.short	678                             @ DW_AT_decl_line
	.byte	48                              @ DW_AT_data_member_location
	.byte	7                               @ Abbrev [7] 0xf7:0xd DW_TAG_member
	.long	.Linfo_string18                 @ DW_AT_name
	.long	38                              @ DW_AT_type
	.byte	2                               @ DW_AT_decl_file
	.short	679                             @ DW_AT_decl_line
	.byte	52                              @ DW_AT_data_member_location
	.byte	7                               @ Abbrev [7] 0x104:0xd DW_TAG_member
	.long	.Linfo_string19                 @ DW_AT_name
	.long	599                             @ DW_AT_type
	.byte	2                               @ DW_AT_decl_file
	.short	680                             @ DW_AT_decl_line
	.byte	56                              @ DW_AT_data_member_location
	.byte	7                               @ Abbrev [7] 0x111:0xd DW_TAG_member
	.long	.Linfo_string20                 @ DW_AT_name
	.long	599                             @ DW_AT_type
	.byte	2                               @ DW_AT_decl_file
	.short	681                             @ DW_AT_decl_line
	.byte	60                              @ DW_AT_data_member_location
	.byte	7                               @ Abbrev [7] 0x11e:0xd DW_TAG_member
	.long	.Linfo_string21                 @ DW_AT_name
	.long	599                             @ DW_AT_type
	.byte	2                               @ DW_AT_decl_file
	.short	682                             @ DW_AT_decl_line
	.byte	64                              @ DW_AT_data_member_location
	.byte	7                               @ Abbrev [7] 0x12b:0xd DW_TAG_member
	.long	.Linfo_string22                 @ DW_AT_name
	.long	38                              @ DW_AT_type
	.byte	2                               @ DW_AT_decl_file
	.short	683                             @ DW_AT_decl_line
	.byte	68                              @ DW_AT_data_member_location
	.byte	7                               @ Abbrev [7] 0x138:0xd DW_TAG_member
	.long	.Linfo_string23                 @ DW_AT_name
	.long	599                             @ DW_AT_type
	.byte	2                               @ DW_AT_decl_file
	.short	684                             @ DW_AT_decl_line
	.byte	72                              @ DW_AT_data_member_location
	.byte	7                               @ Abbrev [7] 0x145:0xd DW_TAG_member
	.long	.Linfo_string24                 @ DW_AT_name
	.long	599                             @ DW_AT_type
	.byte	2                               @ DW_AT_decl_file
	.short	685                             @ DW_AT_decl_line
	.byte	76                              @ DW_AT_data_member_location
	.byte	7                               @ Abbrev [7] 0x152:0xd DW_TAG_member
	.long	.Linfo_string25                 @ DW_AT_name
	.long	599                             @ DW_AT_type
	.byte	2                               @ DW_AT_decl_file
	.short	686                             @ DW_AT_decl_line
	.byte	80                              @ DW_AT_data_member_location
	.byte	7                               @ Abbrev [7] 0x15f:0xd DW_TAG_member
	.long	.Linfo_string26                 @ DW_AT_name
	.long	38                              @ DW_AT_type
	.byte	2                               @ DW_AT_decl_file
	.short	687                             @ DW_AT_decl_line
	.byte	84                              @ DW_AT_data_member_location
	.byte	7                               @ Abbrev [7] 0x16c:0xd DW_TAG_member
	.long	.Linfo_string27                 @ DW_AT_name
	.long	599                             @ DW_AT_type
	.byte	2                               @ DW_AT_decl_file
	.short	688                             @ DW_AT_decl_line
	.byte	88                              @ DW_AT_data_member_location
	.byte	7                               @ Abbrev [7] 0x179:0xd DW_TAG_member
	.long	.Linfo_string28                 @ DW_AT_name
	.long	599                             @ DW_AT_type
	.byte	2                               @ DW_AT_decl_file
	.short	689                             @ DW_AT_decl_line
	.byte	92                              @ DW_AT_data_member_location
	.byte	7                               @ Abbrev [7] 0x186:0xd DW_TAG_member
	.long	.Linfo_string29                 @ DW_AT_name
	.long	599                             @ DW_AT_type
	.byte	2                               @ DW_AT_decl_file
	.short	690                             @ DW_AT_decl_line
	.byte	96                              @ DW_AT_data_member_location
	.byte	7                               @ Abbrev [7] 0x193:0xd DW_TAG_member
	.long	.Linfo_string30                 @ DW_AT_name
	.long	38                              @ DW_AT_type
	.byte	2                               @ DW_AT_decl_file
	.short	691                             @ DW_AT_decl_line
	.byte	100                             @ DW_AT_data_member_location
	.byte	7                               @ Abbrev [7] 0x1a0:0xd DW_TAG_member
	.long	.Linfo_string31                 @ DW_AT_name
	.long	599                             @ DW_AT_type
	.byte	2                               @ DW_AT_decl_file
	.short	692                             @ DW_AT_decl_line
	.byte	104                             @ DW_AT_data_member_location
	.byte	7                               @ Abbrev [7] 0x1ad:0xd DW_TAG_member
	.long	.Linfo_string32                 @ DW_AT_name
	.long	599                             @ DW_AT_type
	.byte	2                               @ DW_AT_decl_file
	.short	693                             @ DW_AT_decl_line
	.byte	108                             @ DW_AT_data_member_location
	.byte	7                               @ Abbrev [7] 0x1ba:0xd DW_TAG_member
	.long	.Linfo_string33                 @ DW_AT_name
	.long	599                             @ DW_AT_type
	.byte	2                               @ DW_AT_decl_file
	.short	694                             @ DW_AT_decl_line
	.byte	112                             @ DW_AT_data_member_location
	.byte	7                               @ Abbrev [7] 0x1c7:0xd DW_TAG_member
	.long	.Linfo_string34                 @ DW_AT_name
	.long	38                              @ DW_AT_type
	.byte	2                               @ DW_AT_decl_file
	.short	695                             @ DW_AT_decl_line
	.byte	116                             @ DW_AT_data_member_location
	.byte	7                               @ Abbrev [7] 0x1d4:0xd DW_TAG_member
	.long	.Linfo_string35                 @ DW_AT_name
	.long	599                             @ DW_AT_type
	.byte	2                               @ DW_AT_decl_file
	.short	696                             @ DW_AT_decl_line
	.byte	120                             @ DW_AT_data_member_location
	.byte	7                               @ Abbrev [7] 0x1e1:0xd DW_TAG_member
	.long	.Linfo_string36                 @ DW_AT_name
	.long	599                             @ DW_AT_type
	.byte	2                               @ DW_AT_decl_file
	.short	697                             @ DW_AT_decl_line
	.byte	124                             @ DW_AT_data_member_location
	.byte	7                               @ Abbrev [7] 0x1ee:0xd DW_TAG_member
	.long	.Linfo_string37                 @ DW_AT_name
	.long	599                             @ DW_AT_type
	.byte	2                               @ DW_AT_decl_file
	.short	698                             @ DW_AT_decl_line
	.byte	128                             @ DW_AT_data_member_location
	.byte	7                               @ Abbrev [7] 0x1fb:0xd DW_TAG_member
	.long	.Linfo_string38                 @ DW_AT_name
	.long	38                              @ DW_AT_type
	.byte	2                               @ DW_AT_decl_file
	.short	699                             @ DW_AT_decl_line
	.byte	132                             @ DW_AT_data_member_location
	.byte	7                               @ Abbrev [7] 0x208:0xd DW_TAG_member
	.long	.Linfo_string39                 @ DW_AT_name
	.long	599                             @ DW_AT_type
	.byte	2                               @ DW_AT_decl_file
	.short	700                             @ DW_AT_decl_line
	.byte	136                             @ DW_AT_data_member_location
	.byte	7                               @ Abbrev [7] 0x215:0xd DW_TAG_member
	.long	.Linfo_string40                 @ DW_AT_name
	.long	38                              @ DW_AT_type
	.byte	2                               @ DW_AT_decl_file
	.short	701                             @ DW_AT_decl_line
	.byte	140                             @ DW_AT_data_member_location
	.byte	7                               @ Abbrev [7] 0x222:0xd DW_TAG_member
	.long	.Linfo_string41                 @ DW_AT_name
	.long	599                             @ DW_AT_type
	.byte	2                               @ DW_AT_decl_file
	.short	702                             @ DW_AT_decl_line
	.byte	144                             @ DW_AT_data_member_location
	.byte	7                               @ Abbrev [7] 0x22f:0xd DW_TAG_member
	.long	.Linfo_string42                 @ DW_AT_name
	.long	599                             @ DW_AT_type
	.byte	2                               @ DW_AT_decl_file
	.short	703                             @ DW_AT_decl_line
	.byte	148                             @ DW_AT_data_member_location
	.byte	7                               @ Abbrev [7] 0x23c:0xd DW_TAG_member
	.long	.Linfo_string43                 @ DW_AT_name
	.long	599                             @ DW_AT_type
	.byte	2                               @ DW_AT_decl_file
	.short	704                             @ DW_AT_decl_line
	.byte	152                             @ DW_AT_data_member_location
	.byte	7                               @ Abbrev [7] 0x249:0xd DW_TAG_member
	.long	.Linfo_string44                 @ DW_AT_name
	.long	599                             @ DW_AT_type
	.byte	2                               @ DW_AT_decl_file
	.short	705                             @ DW_AT_decl_line
	.byte	156                             @ DW_AT_data_member_location
	.byte	0                               @ End Of Children Mark
	.byte	8                               @ Abbrev [8] 0x257:0x5 DW_TAG_volatile_type
	.long	38                              @ DW_AT_type
	.byte	9                               @ Abbrev [9] 0x25c:0x2e DW_TAG_subprogram
	.long	.Lfunc_begin0                   @ DW_AT_low_pc
	.long	.Lfunc_end0-.Lfunc_begin0       @ DW_AT_high_pc
	.byte	1                               @ DW_AT_frame_base
	.byte	93
	.long	.Linfo_string46                 @ DW_AT_name
	.byte	3                               @ DW_AT_decl_file
	.byte	11                              @ DW_AT_decl_line
                                        @ DW_AT_prototyped
                                        @ DW_AT_external
	.byte	10                              @ Abbrev [10] 0x26d:0xe DW_TAG_formal_parameter
	.byte	2                               @ DW_AT_location
	.byte	145
	.byte	4
	.long	.Linfo_string49                 @ DW_AT_name
	.byte	3                               @ DW_AT_decl_file
	.byte	11                              @ DW_AT_decl_line
	.long	714                             @ DW_AT_type
	.byte	11                              @ Abbrev [11] 0x27b:0xe DW_TAG_variable
	.byte	2                               @ DW_AT_location
	.byte	145
	.byte	0
	.long	.Linfo_string81                 @ DW_AT_name
	.byte	3                               @ DW_AT_decl_file
	.byte	13                              @ DW_AT_decl_line
	.long	38                              @ DW_AT_type
	.byte	0                               @ End Of Children Mark
	.byte	9                               @ Abbrev [9] 0x28a:0x20 DW_TAG_subprogram
	.long	.Lfunc_begin1                   @ DW_AT_low_pc
	.long	.Lfunc_end1-.Lfunc_begin1       @ DW_AT_high_pc
	.byte	1                               @ DW_AT_frame_base
	.byte	93
	.long	.Linfo_string47                 @ DW_AT_name
	.byte	3                               @ DW_AT_decl_file
	.byte	17                              @ DW_AT_decl_line
                                        @ DW_AT_prototyped
                                        @ DW_AT_external
	.byte	10                              @ Abbrev [10] 0x29b:0xe DW_TAG_formal_parameter
	.byte	2                               @ DW_AT_location
	.byte	145
	.byte	4
	.long	.Linfo_string49                 @ DW_AT_name
	.byte	3                               @ DW_AT_decl_file
	.byte	17                              @ DW_AT_decl_line
	.long	1149                            @ DW_AT_type
	.byte	0                               @ End Of Children Mark
	.byte	9                               @ Abbrev [9] 0x2aa:0x20 DW_TAG_subprogram
	.long	.Lfunc_begin2                   @ DW_AT_low_pc
	.long	.Lfunc_end2-.Lfunc_begin2       @ DW_AT_high_pc
	.byte	1                               @ DW_AT_frame_base
	.byte	93
	.long	.Linfo_string48                 @ DW_AT_name
	.byte	3                               @ DW_AT_decl_file
	.byte	46                              @ DW_AT_decl_line
                                        @ DW_AT_prototyped
                                        @ DW_AT_external
	.byte	11                              @ Abbrev [11] 0x2bb:0xe DW_TAG_variable
	.byte	2                               @ DW_AT_location
	.byte	145
	.byte	0
	.long	.Linfo_string90                 @ DW_AT_name
	.byte	3                               @ DW_AT_decl_file
	.byte	48                              @ DW_AT_decl_line
	.long	1154                            @ DW_AT_type
	.byte	0                               @ End Of Children Mark
	.byte	4                               @ Abbrev [4] 0x2ca:0x5 DW_TAG_pointer_type
	.long	719                             @ DW_AT_type
	.byte	5                               @ Abbrev [5] 0x2cf:0xc DW_TAG_typedef
	.long	731                             @ DW_AT_type
	.long	.Linfo_string80                 @ DW_AT_name
	.byte	2                               @ DW_AT_decl_file
	.short	892                             @ DW_AT_decl_line
	.byte	12                              @ Abbrev [12] 0x2db:0x18f DW_TAG_structure_type
	.short	996                             @ DW_AT_byte_size
	.byte	2                               @ DW_AT_decl_file
	.short	860                             @ DW_AT_decl_line
	.byte	7                               @ Abbrev [7] 0x2e1:0xd DW_TAG_member
	.long	.Linfo_string50                 @ DW_AT_name
	.long	599                             @ DW_AT_type
	.byte	2                               @ DW_AT_decl_file
	.short	862                             @ DW_AT_decl_line
	.byte	0                               @ DW_AT_data_member_location
	.byte	7                               @ Abbrev [7] 0x2ee:0xd DW_TAG_member
	.long	.Linfo_string51                 @ DW_AT_name
	.long	599                             @ DW_AT_type
	.byte	2                               @ DW_AT_decl_file
	.short	863                             @ DW_AT_decl_line
	.byte	4                               @ DW_AT_data_member_location
	.byte	7                               @ Abbrev [7] 0x2fb:0xd DW_TAG_member
	.long	.Linfo_string52                 @ DW_AT_name
	.long	599                             @ DW_AT_type
	.byte	2                               @ DW_AT_decl_file
	.short	864                             @ DW_AT_decl_line
	.byte	8                               @ DW_AT_data_member_location
	.byte	7                               @ Abbrev [7] 0x308:0xd DW_TAG_member
	.long	.Linfo_string53                 @ DW_AT_name
	.long	599                             @ DW_AT_type
	.byte	2                               @ DW_AT_decl_file
	.short	865                             @ DW_AT_decl_line
	.byte	12                              @ DW_AT_data_member_location
	.byte	7                               @ Abbrev [7] 0x315:0xd DW_TAG_member
	.long	.Linfo_string54                 @ DW_AT_name
	.long	599                             @ DW_AT_type
	.byte	2                               @ DW_AT_decl_file
	.short	866                             @ DW_AT_decl_line
	.byte	16                              @ DW_AT_data_member_location
	.byte	7                               @ Abbrev [7] 0x322:0xd DW_TAG_member
	.long	.Linfo_string55                 @ DW_AT_name
	.long	599                             @ DW_AT_type
	.byte	2                               @ DW_AT_decl_file
	.short	867                             @ DW_AT_decl_line
	.byte	20                              @ DW_AT_data_member_location
	.byte	7                               @ Abbrev [7] 0x32f:0xd DW_TAG_member
	.long	.Linfo_string56                 @ DW_AT_name
	.long	599                             @ DW_AT_type
	.byte	2                               @ DW_AT_decl_file
	.short	868                             @ DW_AT_decl_line
	.byte	24                              @ DW_AT_data_member_location
	.byte	7                               @ Abbrev [7] 0x33c:0xd DW_TAG_member
	.long	.Linfo_string57                 @ DW_AT_name
	.long	599                             @ DW_AT_type
	.byte	2                               @ DW_AT_decl_file
	.short	869                             @ DW_AT_decl_line
	.byte	28                              @ DW_AT_data_member_location
	.byte	7                               @ Abbrev [7] 0x349:0xd DW_TAG_member
	.long	.Linfo_string58                 @ DW_AT_name
	.long	599                             @ DW_AT_type
	.byte	2                               @ DW_AT_decl_file
	.short	870                             @ DW_AT_decl_line
	.byte	32                              @ DW_AT_data_member_location
	.byte	7                               @ Abbrev [7] 0x356:0xd DW_TAG_member
	.long	.Linfo_string59                 @ DW_AT_name
	.long	599                             @ DW_AT_type
	.byte	2                               @ DW_AT_decl_file
	.short	871                             @ DW_AT_decl_line
	.byte	36                              @ DW_AT_data_member_location
	.byte	7                               @ Abbrev [7] 0x363:0xd DW_TAG_member
	.long	.Linfo_string60                 @ DW_AT_name
	.long	599                             @ DW_AT_type
	.byte	2                               @ DW_AT_decl_file
	.short	872                             @ DW_AT_decl_line
	.byte	40                              @ DW_AT_data_member_location
	.byte	7                               @ Abbrev [7] 0x370:0xd DW_TAG_member
	.long	.Linfo_string61                 @ DW_AT_name
	.long	599                             @ DW_AT_type
	.byte	2                               @ DW_AT_decl_file
	.short	873                             @ DW_AT_decl_line
	.byte	44                              @ DW_AT_data_member_location
	.byte	7                               @ Abbrev [7] 0x37d:0xd DW_TAG_member
	.long	.Linfo_string62                 @ DW_AT_name
	.long	599                             @ DW_AT_type
	.byte	2                               @ DW_AT_decl_file
	.short	874                             @ DW_AT_decl_line
	.byte	48                              @ DW_AT_data_member_location
	.byte	7                               @ Abbrev [7] 0x38a:0xd DW_TAG_member
	.long	.Linfo_string63                 @ DW_AT_name
	.long	599                             @ DW_AT_type
	.byte	2                               @ DW_AT_decl_file
	.short	875                             @ DW_AT_decl_line
	.byte	52                              @ DW_AT_data_member_location
	.byte	7                               @ Abbrev [7] 0x397:0xd DW_TAG_member
	.long	.Linfo_string64                 @ DW_AT_name
	.long	599                             @ DW_AT_type
	.byte	2                               @ DW_AT_decl_file
	.short	876                             @ DW_AT_decl_line
	.byte	56                              @ DW_AT_data_member_location
	.byte	7                               @ Abbrev [7] 0x3a4:0xd DW_TAG_member
	.long	.Linfo_string65                 @ DW_AT_name
	.long	599                             @ DW_AT_type
	.byte	2                               @ DW_AT_decl_file
	.short	877                             @ DW_AT_decl_line
	.byte	60                              @ DW_AT_data_member_location
	.byte	7                               @ Abbrev [7] 0x3b1:0xd DW_TAG_member
	.long	.Linfo_string66                 @ DW_AT_name
	.long	599                             @ DW_AT_type
	.byte	2                               @ DW_AT_decl_file
	.short	878                             @ DW_AT_decl_line
	.byte	64                              @ DW_AT_data_member_location
	.byte	7                               @ Abbrev [7] 0x3be:0xd DW_TAG_member
	.long	.Linfo_string67                 @ DW_AT_name
	.long	599                             @ DW_AT_type
	.byte	2                               @ DW_AT_decl_file
	.short	879                             @ DW_AT_decl_line
	.byte	68                              @ DW_AT_data_member_location
	.byte	7                               @ Abbrev [7] 0x3cb:0xd DW_TAG_member
	.long	.Linfo_string68                 @ DW_AT_name
	.long	599                             @ DW_AT_type
	.byte	2                               @ DW_AT_decl_file
	.short	880                             @ DW_AT_decl_line
	.byte	72                              @ DW_AT_data_member_location
	.byte	7                               @ Abbrev [7] 0x3d8:0xd DW_TAG_member
	.long	.Linfo_string69                 @ DW_AT_name
	.long	599                             @ DW_AT_type
	.byte	2                               @ DW_AT_decl_file
	.short	881                             @ DW_AT_decl_line
	.byte	76                              @ DW_AT_data_member_location
	.byte	7                               @ Abbrev [7] 0x3e5:0xd DW_TAG_member
	.long	.Linfo_string70                 @ DW_AT_name
	.long	599                             @ DW_AT_type
	.byte	2                               @ DW_AT_decl_file
	.short	882                             @ DW_AT_decl_line
	.byte	80                              @ DW_AT_data_member_location
	.byte	7                               @ Abbrev [7] 0x3f2:0xd DW_TAG_member
	.long	.Linfo_string71                 @ DW_AT_name
	.long	599                             @ DW_AT_type
	.byte	2                               @ DW_AT_decl_file
	.short	883                             @ DW_AT_decl_line
	.byte	84                              @ DW_AT_data_member_location
	.byte	7                               @ Abbrev [7] 0x3ff:0xd DW_TAG_member
	.long	.Linfo_string72                 @ DW_AT_name
	.long	599                             @ DW_AT_type
	.byte	2                               @ DW_AT_decl_file
	.short	884                             @ DW_AT_decl_line
	.byte	88                              @ DW_AT_data_member_location
	.byte	7                               @ Abbrev [7] 0x40c:0xd DW_TAG_member
	.long	.Linfo_string73                 @ DW_AT_name
	.long	599                             @ DW_AT_type
	.byte	2                               @ DW_AT_decl_file
	.short	885                             @ DW_AT_decl_line
	.byte	92                              @ DW_AT_data_member_location
	.byte	7                               @ Abbrev [7] 0x419:0xd DW_TAG_member
	.long	.Linfo_string74                 @ DW_AT_name
	.long	599                             @ DW_AT_type
	.byte	2                               @ DW_AT_decl_file
	.short	886                             @ DW_AT_decl_line
	.byte	96                              @ DW_AT_data_member_location
	.byte	7                               @ Abbrev [7] 0x426:0xd DW_TAG_member
	.long	.Linfo_string75                 @ DW_AT_name
	.long	599                             @ DW_AT_type
	.byte	2                               @ DW_AT_decl_file
	.short	887                             @ DW_AT_decl_line
	.byte	100                             @ DW_AT_data_member_location
	.byte	7                               @ Abbrev [7] 0x433:0xd DW_TAG_member
	.long	.Linfo_string76                 @ DW_AT_name
	.long	599                             @ DW_AT_type
	.byte	2                               @ DW_AT_decl_file
	.short	888                             @ DW_AT_decl_line
	.byte	104                             @ DW_AT_data_member_location
	.byte	7                               @ Abbrev [7] 0x440:0xd DW_TAG_member
	.long	.Linfo_string9                  @ DW_AT_name
	.long	1130                            @ DW_AT_type
	.byte	2                               @ DW_AT_decl_file
	.short	889                             @ DW_AT_decl_line
	.byte	108                             @ DW_AT_data_member_location
	.byte	13                              @ Abbrev [13] 0x44d:0xe DW_TAG_member
	.long	.Linfo_string78                 @ DW_AT_name
	.long	599                             @ DW_AT_type
	.byte	2                               @ DW_AT_decl_file
	.short	890                             @ DW_AT_decl_line
	.short	988                             @ DW_AT_data_member_location
	.byte	13                              @ Abbrev [13] 0x45b:0xe DW_TAG_member
	.long	.Linfo_string79                 @ DW_AT_name
	.long	599                             @ DW_AT_type
	.byte	2                               @ DW_AT_decl_file
	.short	891                             @ DW_AT_decl_line
	.short	992                             @ DW_AT_data_member_location
	.byte	0                               @ End Of Children Mark
	.byte	14                              @ Abbrev [14] 0x46a:0xc DW_TAG_array_type
	.long	38                              @ DW_AT_type
	.byte	15                              @ Abbrev [15] 0x46f:0x6 DW_TAG_subrange_type
	.long	1142                            @ DW_AT_type
	.byte	220                             @ DW_AT_count
	.byte	0                               @ End Of Children Mark
	.byte	16                              @ Abbrev [16] 0x476:0x7 DW_TAG_base_type
	.long	.Linfo_string77                 @ DW_AT_name
	.byte	8                               @ DW_AT_byte_size
	.byte	7                               @ DW_AT_encoding
	.byte	4                               @ Abbrev [4] 0x47d:0x5 DW_TAG_pointer_type
	.long	1154                            @ DW_AT_type
	.byte	2                               @ Abbrev [2] 0x482:0xb DW_TAG_typedef
	.long	1165                            @ DW_AT_type
	.long	.Linfo_string89                 @ DW_AT_name
	.byte	4                               @ DW_AT_decl_file
	.byte	23                              @ DW_AT_decl_line
	.byte	17                              @ Abbrev [17] 0x48d:0x4d DW_TAG_structure_type
	.byte	24                              @ DW_AT_byte_size
	.byte	4                               @ DW_AT_decl_file
	.byte	15                              @ DW_AT_decl_line
	.byte	18                              @ Abbrev [18] 0x491:0xc DW_TAG_member
	.long	.Linfo_string82                 @ DW_AT_name
	.long	714                             @ DW_AT_type
	.byte	4                               @ DW_AT_decl_file
	.byte	17                              @ DW_AT_decl_line
	.byte	0                               @ DW_AT_data_member_location
	.byte	18                              @ Abbrev [18] 0x49d:0xc DW_TAG_member
	.long	.Linfo_string83                 @ DW_AT_name
	.long	1242                            @ DW_AT_type
	.byte	4                               @ DW_AT_decl_file
	.byte	18                              @ DW_AT_decl_line
	.byte	4                               @ DW_AT_data_member_location
	.byte	18                              @ Abbrev [18] 0x4a9:0xc DW_TAG_member
	.long	.Linfo_string85                 @ DW_AT_name
	.long	1242                            @ DW_AT_type
	.byte	4                               @ DW_AT_decl_file
	.byte	19                              @ DW_AT_decl_line
	.byte	8                               @ DW_AT_data_member_location
	.byte	18                              @ Abbrev [18] 0x4b5:0xc DW_TAG_member
	.long	.Linfo_string86                 @ DW_AT_name
	.long	1242                            @ DW_AT_type
	.byte	4                               @ DW_AT_decl_file
	.byte	20                              @ DW_AT_decl_line
	.byte	12                              @ DW_AT_data_member_location
	.byte	18                              @ Abbrev [18] 0x4c1:0xc DW_TAG_member
	.long	.Linfo_string87                 @ DW_AT_name
	.long	1242                            @ DW_AT_type
	.byte	4                               @ DW_AT_decl_file
	.byte	21                              @ DW_AT_decl_line
	.byte	16                              @ DW_AT_data_member_location
	.byte	18                              @ Abbrev [18] 0x4cd:0xc DW_TAG_member
	.long	.Linfo_string88                 @ DW_AT_name
	.long	1242                            @ DW_AT_type
	.byte	4                               @ DW_AT_decl_file
	.byte	22                              @ DW_AT_decl_line
	.byte	20                              @ DW_AT_data_member_location
	.byte	0                               @ End Of Children Mark
	.byte	2                               @ Abbrev [2] 0x4da:0xb DW_TAG_typedef
	.long	1253                            @ DW_AT_type
	.long	.Linfo_string84                 @ DW_AT_name
	.byte	5                               @ DW_AT_decl_file
	.byte	29                              @ DW_AT_decl_line
	.byte	8                               @ Abbrev [8] 0x4e5:0x5 DW_TAG_volatile_type
	.long	49                              @ DW_AT_type
	.byte	0                               @ End Of Children Mark
.Ldebug_info_end0:
	.section	.debug_ranges,"",%progbits
.Ldebug_ranges0:
	.long	.Lfunc_begin0
	.long	.Lfunc_end0
	.long	.Lfunc_begin1
	.long	.Lfunc_end1
	.long	.Lfunc_begin2
	.long	.Lfunc_end2
	.long	0
	.long	0
	.section	.debug_str,"MS",%progbits,1
.Linfo_string0:
	.asciz	"Component: Arm Compiler for Embedded 6.19 Tool: armclang [5e73cb00]" @ string offset=0
.Linfo_string1:
	.asciz	"stm32g4_timer.c"               @ string offset=68
.Linfo_string2:
	.asciz	"C:\\Users\\Shenny\\Desktop\\Data\\Embedded_Github\\Public\\STM32_G474RE\\Keil_UV5\\Lesson_1_Blinky" @ string offset=84
.Linfo_string3:
	.asciz	"unsigned int"                  @ string offset=174
.Linfo_string4:
	.asciz	"uint32_t"                      @ string offset=187
.Linfo_string5:
	.asciz	"CR"                            @ string offset=196
.Linfo_string6:
	.asciz	"ICSCR"                         @ string offset=199
.Linfo_string7:
	.asciz	"CFGR"                          @ string offset=205
.Linfo_string8:
	.asciz	"PLLCFGR"                       @ string offset=210
.Linfo_string9:
	.asciz	"RESERVED0"                     @ string offset=218
.Linfo_string10:
	.asciz	"RESERVED1"                     @ string offset=228
.Linfo_string11:
	.asciz	"CIER"                          @ string offset=238
.Linfo_string12:
	.asciz	"CIFR"                          @ string offset=243
.Linfo_string13:
	.asciz	"CICR"                          @ string offset=248
.Linfo_string14:
	.asciz	"RESERVED2"                     @ string offset=253
.Linfo_string15:
	.asciz	"AHB1RSTR"                      @ string offset=263
.Linfo_string16:
	.asciz	"AHB2RSTR"                      @ string offset=272
.Linfo_string17:
	.asciz	"AHB3RSTR"                      @ string offset=281
.Linfo_string18:
	.asciz	"RESERVED3"                     @ string offset=290
.Linfo_string19:
	.asciz	"APB1RSTR1"                     @ string offset=300
.Linfo_string20:
	.asciz	"APB1RSTR2"                     @ string offset=310
.Linfo_string21:
	.asciz	"APB2RSTR"                      @ string offset=320
.Linfo_string22:
	.asciz	"RESERVED4"                     @ string offset=329
.Linfo_string23:
	.asciz	"AHB1ENR"                       @ string offset=339
.Linfo_string24:
	.asciz	"AHB2ENR"                       @ string offset=347
.Linfo_string25:
	.asciz	"AHB3ENR"                       @ string offset=355
.Linfo_string26:
	.asciz	"RESERVED5"                     @ string offset=363
.Linfo_string27:
	.asciz	"APB1ENR1"                      @ string offset=373
.Linfo_string28:
	.asciz	"APB1ENR2"                      @ string offset=382
.Linfo_string29:
	.asciz	"APB2ENR"                       @ string offset=391
.Linfo_string30:
	.asciz	"RESERVED6"                     @ string offset=399
.Linfo_string31:
	.asciz	"AHB1SMENR"                     @ string offset=409
.Linfo_string32:
	.asciz	"AHB2SMENR"                     @ string offset=419
.Linfo_string33:
	.asciz	"AHB3SMENR"                     @ string offset=429
.Linfo_string34:
	.asciz	"RESERVED7"                     @ string offset=439
.Linfo_string35:
	.asciz	"APB1SMENR1"                    @ string offset=449
.Linfo_string36:
	.asciz	"APB1SMENR2"                    @ string offset=460
.Linfo_string37:
	.asciz	"APB2SMENR"                     @ string offset=471
.Linfo_string38:
	.asciz	"RESERVED8"                     @ string offset=481
.Linfo_string39:
	.asciz	"CCIPR"                         @ string offset=491
.Linfo_string40:
	.asciz	"RESERVED9"                     @ string offset=497
.Linfo_string41:
	.asciz	"BDCR"                          @ string offset=507
.Linfo_string42:
	.asciz	"CSR"                           @ string offset=512
.Linfo_string43:
	.asciz	"CRRCR"                         @ string offset=516
.Linfo_string44:
	.asciz	"CCIPR2"                        @ string offset=522
.Linfo_string45:
	.asciz	"RCC_TypeDef"                   @ string offset=529
.Linfo_string46:
	.asciz	"ENABLE_CLOCK_TIM2_7"           @ string offset=541
.Linfo_string47:
	.asciz	"TIMx_Setup"                    @ string offset=561
.Linfo_string48:
	.asciz	"TIMx_Init"                     @ string offset=572
.Linfo_string49:
	.asciz	"TIMx"                          @ string offset=582
.Linfo_string50:
	.asciz	"CR1"                           @ string offset=587
.Linfo_string51:
	.asciz	"CR2"                           @ string offset=591
.Linfo_string52:
	.asciz	"SMCR"                          @ string offset=595
.Linfo_string53:
	.asciz	"DIER"                          @ string offset=600
.Linfo_string54:
	.asciz	"SR"                            @ string offset=605
.Linfo_string55:
	.asciz	"EGR"                           @ string offset=608
.Linfo_string56:
	.asciz	"CCMR1"                         @ string offset=612
.Linfo_string57:
	.asciz	"CCMR2"                         @ string offset=618
.Linfo_string58:
	.asciz	"CCER"                          @ string offset=624
.Linfo_string59:
	.asciz	"CNT"                           @ string offset=629
.Linfo_string60:
	.asciz	"PSC"                           @ string offset=633
.Linfo_string61:
	.asciz	"ARR"                           @ string offset=637
.Linfo_string62:
	.asciz	"RCR"                           @ string offset=641
.Linfo_string63:
	.asciz	"CCR1"                          @ string offset=645
.Linfo_string64:
	.asciz	"CCR2"                          @ string offset=650
.Linfo_string65:
	.asciz	"CCR3"                          @ string offset=655
.Linfo_string66:
	.asciz	"CCR4"                          @ string offset=660
.Linfo_string67:
	.asciz	"BDTR"                          @ string offset=665
.Linfo_string68:
	.asciz	"CCR5"                          @ string offset=670
.Linfo_string69:
	.asciz	"CCR6"                          @ string offset=675
.Linfo_string70:
	.asciz	"CCMR3"                         @ string offset=680
.Linfo_string71:
	.asciz	"DTR2"                          @ string offset=686
.Linfo_string72:
	.asciz	"ECR"                           @ string offset=691
.Linfo_string73:
	.asciz	"TISEL"                         @ string offset=695
.Linfo_string74:
	.asciz	"AF1"                           @ string offset=701
.Linfo_string75:
	.asciz	"AF2"                           @ string offset=705
.Linfo_string76:
	.asciz	"OR"                            @ string offset=709
.Linfo_string77:
	.asciz	"__ARRAY_SIZE_TYPE__"           @ string offset=712
.Linfo_string78:
	.asciz	"DCR"                           @ string offset=732
.Linfo_string79:
	.asciz	"DMAR"                          @ string offset=736
.Linfo_string80:
	.asciz	"TIM_TypeDef"                   @ string offset=741
.Linfo_string81:
	.asciz	"timer_pos"                     @ string offset=753
.Linfo_string82:
	.asciz	"Instance"                      @ string offset=763
.Linfo_string83:
	.asciz	"Prescaler"                     @ string offset=772
.Linfo_string84:
	.asciz	"v_uint32_t"                    @ string offset=782
.Linfo_string85:
	.asciz	"CounterMode"                   @ string offset=793
.Linfo_string86:
	.asciz	"Period"                        @ string offset=805
.Linfo_string87:
	.asciz	"ClockDivision"                 @ string offset=812
.Linfo_string88:
	.asciz	"AutoReloadPreload"             @ string offset=826
.Linfo_string89:
	.asciz	"TIM_InitTypedef"               @ string offset=844
.Linfo_string90:
	.asciz	"TIMx_Config"                   @ string offset=860
	.ident	"Component: Arm Compiler for Embedded 6.19 Tool: armclang [5e73cb00]"
	.section	".note.GNU-stack","",%progbits
	.eabi_attribute	30, 6	@ Tag_ABI_optimization_goals
	.ARM_attribute	16, 1	@ Tag_AV_eba
	.section	.debug_line,"",%progbits
.Lline_table_start0:
