	.text
	.syntax unified
	.eabi_attribute	67, "2.09"	@ Tag_conformance
	.cpu	cortex-m4
	.eabi_attribute	6, 13	@ Tag_CPU_arch
	.eabi_attribute	7, 77	@ Tag_CPU_arch_profile
	.eabi_attribute	8, 0	@ Tag_ARM_ISA_use
	.eabi_attribute	9, 2	@ Tag_THUMB_ISA_use
	.fpu	fpv4-sp-d16
	.eabi_attribute	27, 1	@ Tag_ABI_HardFP_use
	.eabi_attribute	36, 1	@ Tag_FP_HP_extension
	.eabi_attribute	34, 1	@ Tag_CPU_unaligned_access
	.eabi_attribute	17, 1	@ Tag_ABI_PCS_GOT_use
	.eabi_attribute	20, 2	@ Tag_ABI_FP_denormal
	.eabi_attribute	21, 0	@ Tag_ABI_FP_exceptions
	.eabi_attribute	23, 1	@ Tag_ABI_FP_number_model
	.eabi_attribute	24, 1	@ Tag_ABI_align_needed
	.eabi_attribute	25, 1	@ Tag_ABI_align_preserved
	.eabi_attribute	28, 1	@ Tag_ABI_VFP_args
	.eabi_attribute	38, 1	@ Tag_ABI_FP_16bit_format
	.eabi_attribute	18, 2	@ Tag_ABI_PCS_wchar_t
	.eabi_attribute	26, 1	@ Tag_ABI_enum_size
	.eabi_attribute	14, 0	@ Tag_ABI_PCS_R9_use
	.file	"stm32g4_rcc.c"
	.file	1 "C:\\Users\\Shenny\\Desktop\\Data\\Embedded_Github\\Public\\STM32_G474RE\\Keil_UV5\\Lesson_1_Blinky" "./stm32g4_defvar.h"
	.file	2 "C:\\Users\\Shenny\\Desktop\\Data\\Embedded_Github\\Public\\STM32_G474RE\\Keil_UV5\\Lesson_1_Blinky" "./stm32g4_rcc.h"
	.file	3 "C:\\Users\\Shenny\\Desktop\\Data\\Embedded_Github\\Public\\STM32_G474RE\\Keil_UV5\\Lesson_1_Blinky" "stm32g4_rcc.c"
	.file	4 "C:\\Keil_v5\\ARM\\ARMCLANG\\Bin\\..\\include" "stdint.h"
	.file	5 "C:/Users/Shenny/AppData/Local/Arm/Packs/Keil/STM32G4xx_DFP/1.5.0/Drivers/CMSIS/Device/ST/STM32G4xx/Include" "stm32g474xx.h"
	.section	.text.SystemClockInit,"ax",%progbits
	.hidden	SystemClockInit                 @ -- Begin function SystemClockInit
	.globl	SystemClockInit
	.p2align	2
	.type	SystemClockInit,%function
	.code	16                              @ @SystemClockInit
	.thumb_func
SystemClockInit:
.Lfunc_begin0:
	.loc	3 96 0                          @ stm32g4_rcc.c:96:0
	.fnstart
	.cfi_sections .debug_frame
	.cfi_startproc
@ %bb.0:
	.save	{r7, lr}
	push	{r7, lr}
	.cfi_def_cfa_offset 8
	.cfi_offset lr, -4
	.cfi_offset r7, -8
	.pad	#4
	sub	sp, #4
	.cfi_def_cfa_offset 12
	str	r0, [sp]
.Ltmp0:
	.loc	3 98 8 prologue_end             @ stm32g4_rcc.c:98:8
	ldr	r0, [sp]
	.loc	3 98 13 is_stmt 0               @ stm32g4_rcc.c:98:13
	ldr	r0, [r0]
.Ltmp1:
	.loc	3 98 8                          @ stm32g4_rcc.c:98:8
	cmp.w	r0, #65536
	bne	.LBB0_5
	b	.LBB0_1
.LBB0_1:
	.loc	3 0 8                           @ stm32g4_rcc.c:0:8
	movw	r1, #4096
	movt	r1, #16386
.Ltmp2:
	.loc	3 99 3 is_stmt 1                @ stm32g4_rcc.c:99:3
	ldr	r0, [r1]
	orr	r0, r0, #65536
	str	r0, [r1]
	.loc	3 100 3                         @ stm32g4_rcc.c:100:3
	b	.LBB0_2
.LBB0_2:                                @ =>This Inner Loop Header: Depth=1
	.loc	3 0 3 is_stmt 0                 @ stm32g4_rcc.c:0:3
	movw	r0, #4096
	movt	r0, #16386
	.loc	3 100 11                        @ stm32g4_rcc.c:100:11
	ldr	r0, [r0]
	.loc	3 100 3                         @ stm32g4_rcc.c:100:3
	lsls	r0, r0, #14
	cmp	r0, #0
	bmi	.LBB0_4
	b	.LBB0_3
.LBB0_3:                                @   in Loop: Header=BB0_2 Depth=1
	b	.LBB0_2
.LBB0_4:
	.loc	3 101 2 is_stmt 1               @ stm32g4_rcc.c:101:2
	b	.LBB0_6
.Ltmp3:
.LBB0_5:
	.loc	3 0 2 is_stmt 0                 @ stm32g4_rcc.c:0:2
	movw	r1, #4096
	movt	r1, #16386
.Ltmp4:
	.loc	3 102 9 is_stmt 1               @ stm32g4_rcc.c:102:9
	ldr	r0, [r1]
	bic	r0, r0, #65536
	str	r0, [r1]
	b	.LBB0_6
.Ltmp5:
.LBB0_6:
	.loc	3 0 9 is_stmt 0                 @ stm32g4_rcc.c:0:9
	movw	r1, #4184
	movt	r1, #16386
	.loc	3 109 5 is_stmt 1               @ stm32g4_rcc.c:109:5
	ldr	r0, [r1]
	orr	r0, r0, #268435456
	str	r0, [r1]
.Ltmp6:
	.loc	3 110 8                         @ stm32g4_rcc.c:110:8
	ldr	r0, [sp]
	.loc	3 110 13 is_stmt 0              @ stm32g4_rcc.c:110:13
	ldr	r0, [r0, #40]
.Ltmp7:
	.loc	3 110 8                         @ stm32g4_rcc.c:110:8
	cmp.w	r0, #512
	bne	.LBB0_8
	b	.LBB0_7
.LBB0_7:
	.loc	3 0 8                           @ stm32g4_rcc.c:0:8
	movw	r1, #28672
	movt	r1, #16384
.Ltmp8:
	.loc	3 111 9 is_stmt 1               @ stm32g4_rcc.c:111:9
	ldr	r0, [r1]
	movs	r2, #1
	bfi	r0, r2, #9, #2
	str	r0, [r1]
	.loc	3 112 5                         @ stm32g4_rcc.c:112:5
	b	.LBB0_9
.Ltmp9:
.LBB0_8:
	.loc	3 0 5 is_stmt 0                 @ stm32g4_rcc.c:0:5
	movw	r1, #28672
	movt	r1, #16384
.Ltmp10:
	.loc	3 113 9 is_stmt 1               @ stm32g4_rcc.c:113:9
	ldr	r0, [r1]
	movs	r2, #2
	bfi	r0, r2, #9, #2
	str	r0, [r1]
	b	.LBB0_9
.Ltmp11:
.LBB0_9:
	.loc	3 115 8                         @ stm32g4_rcc.c:115:8
	ldr	r0, [sp]
	.loc	3 115 13 is_stmt 0              @ stm32g4_rcc.c:115:13
	ldr	r0, [r0, #44]
.Ltmp12:
	.loc	3 115 8                         @ stm32g4_rcc.c:115:8
	cmp	r0, #1
	bne	.LBB0_11
	b	.LBB0_10
.LBB0_10:
	.loc	3 0 8                           @ stm32g4_rcc.c:0:8
	movw	r1, #28800
	movt	r1, #16384
.Ltmp13:
	.loc	3 116 9 is_stmt 1               @ stm32g4_rcc.c:116:9
	ldr	r0, [r1]
	bic	r0, r0, #256
	str	r0, [r1]
	.loc	3 117 5                         @ stm32g4_rcc.c:117:5
	b	.LBB0_12
.Ltmp14:
.LBB0_11:
	.loc	3 0 5 is_stmt 0                 @ stm32g4_rcc.c:0:5
	movw	r1, #28800
	movt	r1, #16384
.Ltmp15:
	.loc	3 118 9 is_stmt 1               @ stm32g4_rcc.c:118:9
	ldr	r0, [r1]
	orr	r0, r0, #256
	str	r0, [r1]
	b	.LBB0_12
.Ltmp16:
.LBB0_12:
	.loc	3 0 9 is_stmt 0                 @ stm32g4_rcc.c:0:9
	movw	r1, #8192
	movt	r1, #16386
	.loc	3 122 5 is_stmt 1               @ stm32g4_rcc.c:122:5
	ldr	r0, [r1]
	bic	r0, r0, #15
	ldr	r2, [sp]
	ldr	r2, [r2, #52]
	orrs	r0, r2
	str	r0, [r1]
	.loc	3 123 5                         @ stm32g4_rcc.c:123:5
	ldr	r0, [sp]
	ldr	r2, [r0, #48]
	ldr	r0, [r1]
	orrs	r0, r2
	str	r0, [r1]
	movw	r1, #4096
	movt	r1, #16386
	.loc	3 129 5                         @ stm32g4_rcc.c:129:5
	ldr	r0, [r1]
	bic	r0, r0, #16777216
	str	r0, [r1]
	movw	r2, #4108
	movt	r2, #16386
	.loc	3 130 5                         @ stm32g4_rcc.c:130:5
	ldr	r0, [r2]
	movw	r3, #32780
	movt	r3, #415
	ands	r0, r3
	ldr	r3, [sp]
	ldr	r3, [r3, #4]
	ldr.w	r12, [sp]
	ldr.w	lr, [r12, #8]
	mvn	r12, #15
	add.w	r12, r12, lr, lsl #4
	orr.w	r3, r3, r12
	ldr.w	r12, [sp]
	ldr.w	r12, [r12, #12]
	orr.w	r3, r3, r12, lsl #8
	ldr.w	r12, [sp]
	ldr.w	lr, [r12, #20]
	movw	r12, #0
	movt	r12, #65504
	and.w	r12, r12, lr, lsl #20
	sub.w	r12, r12, #2097152
	orr.w	r3, r3, r12
	ldr.w	r12, [sp]
	ldr.w	lr, [r12, #24]
	mov.w	r12, #-33554432
	and.w	r12, r12, lr, lsl #24
	add.w	r12, r12, #-33554432
	orr.w	r3, r3, r12
	ldr.w	r12, [sp]
	ldr.w	r12, [r12, #16]
	orr.w	r3, r3, r12, lsl #27
	orrs	r0, r3
	str	r0, [r2]
	.loc	3 131 2                         @ stm32g4_rcc.c:131:2
	ldr	r0, [r2]
	orr	r0, r0, #16777216
	str	r0, [r2]
	.loc	3 132 5                         @ stm32g4_rcc.c:132:5
	ldr	r0, [r1]
	orr	r0, r0, #16777216
	str	r0, [r1]
	.loc	3 133 5                         @ stm32g4_rcc.c:133:5
	b	.LBB0_13
.LBB0_13:                               @ =>This Inner Loop Header: Depth=1
	.loc	3 0 5 is_stmt 0                 @ stm32g4_rcc.c:0:5
	movw	r0, #4096
	movt	r0, #16386
	.loc	3 133 13                        @ stm32g4_rcc.c:133:13
	ldr	r0, [r0]
	.loc	3 133 5                         @ stm32g4_rcc.c:133:5
	lsls	r0, r0, #6
	cmp	r0, #0
	bmi	.LBB0_15
	b	.LBB0_14
.LBB0_14:                               @   in Loop: Header=BB0_13 Depth=1
	b	.LBB0_13
.LBB0_15:
	.loc	3 0 5                           @ stm32g4_rcc.c:0:5
	movw	r1, #4104
	movt	r1, #16386
	.loc	3 136 5 is_stmt 1               @ stm32g4_rcc.c:136:5
	ldr	r0, [r1]
	orr	r0, r0, #3
	str	r0, [r1]
	.loc	3 137 5                         @ stm32g4_rcc.c:137:5
	b	.LBB0_16
.LBB0_16:                               @ =>This Inner Loop Header: Depth=1
	.loc	3 0 5 is_stmt 0                 @ stm32g4_rcc.c:0:5
	movw	r0, #4104
	movt	r0, #16386
	.loc	3 137 13                        @ stm32g4_rcc.c:137:13
	ldr	r0, [r0]
	.loc	3 137 5                         @ stm32g4_rcc.c:137:5
	tst.w	r0, #12
	bne	.LBB0_18
	b	.LBB0_17
.LBB0_17:                               @   in Loop: Header=BB0_16 Depth=1
	b	.LBB0_16
.LBB0_18:
	.loc	3 0 5                           @ stm32g4_rcc.c:0:5
	movw	r1, #4104
	movt	r1, #16386
	.loc	3 138 5 is_stmt 1               @ stm32g4_rcc.c:138:5
	ldr	r0, [r1]
	bic	r0, r0, #240
	ldr	r2, [sp]
	ldr	r2, [r2, #28]
	orrs	r0, r2
	str	r0, [r1]
	.loc	3 139 2                         @ stm32g4_rcc.c:139:2
	ldr	r0, [r1]
	bic	r0, r0, #1792
	ldr	r2, [sp]
	ldr	r2, [r2, #32]
	orrs	r0, r2
	str	r0, [r1]
	.loc	3 140 2                         @ stm32g4_rcc.c:140:2
	ldr	r0, [r1]
	bic	r0, r0, #14336
	ldr	r2, [sp]
	ldr	r2, [r2, #36]
	orrs	r0, r2
	str	r0, [r1]
	.loc	3 141 1                         @ stm32g4_rcc.c:141:1
	add	sp, #4
	pop	{r7, pc}
.Ltmp17:
.Lfunc_end0:
	.size	SystemClockInit, .Lfunc_end0-SystemClockInit
	.cfi_endproc
	.cantunwind
	.fnend
                                        @ -- End function
	.hidden	RCC_Osc_HSE_Init                @ @RCC_Osc_HSE_Init
	.type	RCC_Osc_HSE_Init,%object
	.section	.rodata.RCC_Osc_HSE_Init,"a",%progbits
	.globl	RCC_Osc_HSE_Init
	.p2align	2, 0x0
RCC_Osc_HSE_Init:
	.long	65536                           @ 0x10000
	.long	3                               @ 0x3
	.long	2                               @ 0x2
	.long	8                               @ 0x8
	.long	2                               @ 0x2
	.long	2                               @ 0x2
	.long	2                               @ 0x2
	.long	128                             @ 0x80
	.long	0                               @ 0x0
	.long	0                               @ 0x0
	.long	512                             @ 0x200
	.long	0                               @ 0x0
	.long	1792                            @ 0x700
	.long	4                               @ 0x4
	.long	0                               @ 0x0
	.long	0                               @ 0x0
	.long	0                               @ 0x0
	.long	65536                           @ 0x10000
	.long	3                               @ 0x3
	.long	2                               @ 0x2
	.long	8                               @ 0x8
	.long	2                               @ 0x2
	.long	2                               @ 0x2
	.long	2                               @ 0x2
	.long	0                               @ 0x0
	.long	0                               @ 0x0
	.long	0                               @ 0x0
	.long	512                             @ 0x200
	.long	0                               @ 0x0
	.long	1792                            @ 0x700
	.long	4                               @ 0x4
	.long	0                               @ 0x0
	.long	0                               @ 0x0
	.long	0                               @ 0x0
	.long	65536                           @ 0x10000
	.long	3                               @ 0x3
	.long	2                               @ 0x2
	.long	16                              @ 0x10
	.long	2                               @ 0x2
	.long	2                               @ 0x2
	.long	2                               @ 0x2
	.long	0                               @ 0x0
	.long	0                               @ 0x0
	.long	0                               @ 0x0
	.long	512                             @ 0x200
	.long	0                               @ 0x0
	.long	1792                            @ 0x700
	.long	4                               @ 0x4
	.long	0                               @ 0x0
	.long	0                               @ 0x0
	.long	0                               @ 0x0
	.long	65536                           @ 0x10000
	.long	3                               @ 0x3
	.long	3                               @ 0x3
	.long	25                              @ 0x19
	.long	2                               @ 0x2
	.long	2                               @ 0x2
	.long	2                               @ 0x2
	.long	0                               @ 0x0
	.long	0                               @ 0x0
	.long	0                               @ 0x0
	.long	512                             @ 0x200
	.long	0                               @ 0x0
	.long	1792                            @ 0x700
	.long	3                               @ 0x3
	.long	0                               @ 0x0
	.long	0                               @ 0x0
	.long	0                               @ 0x0
	.long	65536                           @ 0x10000
	.long	3                               @ 0x3
	.long	6                               @ 0x6
	.long	85                              @ 0x55
	.long	2                               @ 0x2
	.long	2                               @ 0x2
	.long	2                               @ 0x2
	.long	0                               @ 0x0
	.long	0                               @ 0x0
	.long	0                               @ 0x0
	.long	512                             @ 0x200
	.long	1                               @ 0x1
	.long	1792                            @ 0x700
	.long	4                               @ 0x4
	.long	0                               @ 0x0
	.long	0                               @ 0x0
	.long	0                               @ 0x0
	.size	RCC_Osc_HSE_Init, 340

	.section	.debug_abbrev,"",%progbits
	.byte	1                               @ Abbreviation Code
	.byte	17                              @ DW_TAG_compile_unit
	.byte	1                               @ DW_CHILDREN_yes
	.byte	37                              @ DW_AT_producer
	.byte	14                              @ DW_FORM_strp
	.byte	19                              @ DW_AT_language
	.byte	5                               @ DW_FORM_data2
	.byte	3                               @ DW_AT_name
	.byte	14                              @ DW_FORM_strp
	.byte	16                              @ DW_AT_stmt_list
	.byte	23                              @ DW_FORM_sec_offset
	.byte	27                              @ DW_AT_comp_dir
	.byte	14                              @ DW_FORM_strp
	.byte	17                              @ DW_AT_low_pc
	.byte	1                               @ DW_FORM_addr
	.byte	18                              @ DW_AT_high_pc
	.byte	6                               @ DW_FORM_data4
	.byte	0                               @ EOM(1)
	.byte	0                               @ EOM(2)
	.byte	2                               @ Abbreviation Code
	.byte	52                              @ DW_TAG_variable
	.byte	0                               @ DW_CHILDREN_no
	.byte	3                               @ DW_AT_name
	.byte	14                              @ DW_FORM_strp
	.byte	73                              @ DW_AT_type
	.byte	19                              @ DW_FORM_ref4
	.byte	63                              @ DW_AT_external
	.byte	25                              @ DW_FORM_flag_present
	.byte	58                              @ DW_AT_decl_file
	.byte	11                              @ DW_FORM_data1
	.byte	59                              @ DW_AT_decl_line
	.byte	11                              @ DW_FORM_data1
	.byte	2                               @ DW_AT_location
	.byte	24                              @ DW_FORM_exprloc
	.byte	0                               @ EOM(1)
	.byte	0                               @ EOM(2)
	.byte	3                               @ Abbreviation Code
	.byte	1                               @ DW_TAG_array_type
	.byte	1                               @ DW_CHILDREN_yes
	.byte	73                              @ DW_AT_type
	.byte	19                              @ DW_FORM_ref4
	.byte	0                               @ EOM(1)
	.byte	0                               @ EOM(2)
	.byte	4                               @ Abbreviation Code
	.byte	33                              @ DW_TAG_subrange_type
	.byte	0                               @ DW_CHILDREN_no
	.byte	73                              @ DW_AT_type
	.byte	19                              @ DW_FORM_ref4
	.byte	55                              @ DW_AT_count
	.byte	11                              @ DW_FORM_data1
	.byte	0                               @ EOM(1)
	.byte	0                               @ EOM(2)
	.byte	5                               @ Abbreviation Code
	.byte	38                              @ DW_TAG_const_type
	.byte	0                               @ DW_CHILDREN_no
	.byte	73                              @ DW_AT_type
	.byte	19                              @ DW_FORM_ref4
	.byte	0                               @ EOM(1)
	.byte	0                               @ EOM(2)
	.byte	6                               @ Abbreviation Code
	.byte	19                              @ DW_TAG_structure_type
	.byte	1                               @ DW_CHILDREN_yes
	.byte	3                               @ DW_AT_name
	.byte	14                              @ DW_FORM_strp
	.byte	11                              @ DW_AT_byte_size
	.byte	11                              @ DW_FORM_data1
	.byte	58                              @ DW_AT_decl_file
	.byte	11                              @ DW_FORM_data1
	.byte	59                              @ DW_AT_decl_line
	.byte	11                              @ DW_FORM_data1
	.byte	0                               @ EOM(1)
	.byte	0                               @ EOM(2)
	.byte	7                               @ Abbreviation Code
	.byte	13                              @ DW_TAG_member
	.byte	0                               @ DW_CHILDREN_no
	.byte	3                               @ DW_AT_name
	.byte	14                              @ DW_FORM_strp
	.byte	73                              @ DW_AT_type
	.byte	19                              @ DW_FORM_ref4
	.byte	58                              @ DW_AT_decl_file
	.byte	11                              @ DW_FORM_data1
	.byte	59                              @ DW_AT_decl_line
	.byte	11                              @ DW_FORM_data1
	.byte	56                              @ DW_AT_data_member_location
	.byte	11                              @ DW_FORM_data1
	.byte	0                               @ EOM(1)
	.byte	0                               @ EOM(2)
	.byte	8                               @ Abbreviation Code
	.byte	22                              @ DW_TAG_typedef
	.byte	0                               @ DW_CHILDREN_no
	.byte	73                              @ DW_AT_type
	.byte	19                              @ DW_FORM_ref4
	.byte	3                               @ DW_AT_name
	.byte	14                              @ DW_FORM_strp
	.byte	58                              @ DW_AT_decl_file
	.byte	11                              @ DW_FORM_data1
	.byte	59                              @ DW_AT_decl_line
	.byte	11                              @ DW_FORM_data1
	.byte	0                               @ EOM(1)
	.byte	0                               @ EOM(2)
	.byte	9                               @ Abbreviation Code
	.byte	53                              @ DW_TAG_volatile_type
	.byte	0                               @ DW_CHILDREN_no
	.byte	73                              @ DW_AT_type
	.byte	19                              @ DW_FORM_ref4
	.byte	0                               @ EOM(1)
	.byte	0                               @ EOM(2)
	.byte	10                              @ Abbreviation Code
	.byte	36                              @ DW_TAG_base_type
	.byte	0                               @ DW_CHILDREN_no
	.byte	3                               @ DW_AT_name
	.byte	14                              @ DW_FORM_strp
	.byte	62                              @ DW_AT_encoding
	.byte	11                              @ DW_FORM_data1
	.byte	11                              @ DW_AT_byte_size
	.byte	11                              @ DW_FORM_data1
	.byte	0                               @ EOM(1)
	.byte	0                               @ EOM(2)
	.byte	11                              @ Abbreviation Code
	.byte	36                              @ DW_TAG_base_type
	.byte	0                               @ DW_CHILDREN_no
	.byte	3                               @ DW_AT_name
	.byte	14                              @ DW_FORM_strp
	.byte	11                              @ DW_AT_byte_size
	.byte	11                              @ DW_FORM_data1
	.byte	62                              @ DW_AT_encoding
	.byte	11                              @ DW_FORM_data1
	.byte	0                               @ EOM(1)
	.byte	0                               @ EOM(2)
	.byte	12                              @ Abbreviation Code
	.byte	15                              @ DW_TAG_pointer_type
	.byte	0                               @ DW_CHILDREN_no
	.byte	73                              @ DW_AT_type
	.byte	19                              @ DW_FORM_ref4
	.byte	0                               @ EOM(1)
	.byte	0                               @ EOM(2)
	.byte	13                              @ Abbreviation Code
	.byte	22                              @ DW_TAG_typedef
	.byte	0                               @ DW_CHILDREN_no
	.byte	73                              @ DW_AT_type
	.byte	19                              @ DW_FORM_ref4
	.byte	3                               @ DW_AT_name
	.byte	14                              @ DW_FORM_strp
	.byte	58                              @ DW_AT_decl_file
	.byte	11                              @ DW_FORM_data1
	.byte	59                              @ DW_AT_decl_line
	.byte	5                               @ DW_FORM_data2
	.byte	0                               @ EOM(1)
	.byte	0                               @ EOM(2)
	.byte	14                              @ Abbreviation Code
	.byte	19                              @ DW_TAG_structure_type
	.byte	1                               @ DW_CHILDREN_yes
	.byte	11                              @ DW_AT_byte_size
	.byte	11                              @ DW_FORM_data1
	.byte	58                              @ DW_AT_decl_file
	.byte	11                              @ DW_FORM_data1
	.byte	59                              @ DW_AT_decl_line
	.byte	5                               @ DW_FORM_data2
	.byte	0                               @ EOM(1)
	.byte	0                               @ EOM(2)
	.byte	15                              @ Abbreviation Code
	.byte	13                              @ DW_TAG_member
	.byte	0                               @ DW_CHILDREN_no
	.byte	3                               @ DW_AT_name
	.byte	14                              @ DW_FORM_strp
	.byte	73                              @ DW_AT_type
	.byte	19                              @ DW_FORM_ref4
	.byte	58                              @ DW_AT_decl_file
	.byte	11                              @ DW_FORM_data1
	.byte	59                              @ DW_AT_decl_line
	.byte	5                               @ DW_FORM_data2
	.byte	56                              @ DW_AT_data_member_location
	.byte	11                              @ DW_FORM_data1
	.byte	0                               @ EOM(1)
	.byte	0                               @ EOM(2)
	.byte	16                              @ Abbreviation Code
	.byte	46                              @ DW_TAG_subprogram
	.byte	1                               @ DW_CHILDREN_yes
	.byte	17                              @ DW_AT_low_pc
	.byte	1                               @ DW_FORM_addr
	.byte	18                              @ DW_AT_high_pc
	.byte	6                               @ DW_FORM_data4
	.byte	64                              @ DW_AT_frame_base
	.byte	24                              @ DW_FORM_exprloc
	.byte	3                               @ DW_AT_name
	.byte	14                              @ DW_FORM_strp
	.byte	58                              @ DW_AT_decl_file
	.byte	11                              @ DW_FORM_data1
	.byte	59                              @ DW_AT_decl_line
	.byte	11                              @ DW_FORM_data1
	.byte	39                              @ DW_AT_prototyped
	.byte	25                              @ DW_FORM_flag_present
	.byte	63                              @ DW_AT_external
	.byte	25                              @ DW_FORM_flag_present
	.byte	0                               @ EOM(1)
	.byte	0                               @ EOM(2)
	.byte	17                              @ Abbreviation Code
	.byte	5                               @ DW_TAG_formal_parameter
	.byte	0                               @ DW_CHILDREN_no
	.byte	2                               @ DW_AT_location
	.byte	24                              @ DW_FORM_exprloc
	.byte	3                               @ DW_AT_name
	.byte	14                              @ DW_FORM_strp
	.byte	58                              @ DW_AT_decl_file
	.byte	11                              @ DW_FORM_data1
	.byte	59                              @ DW_AT_decl_line
	.byte	11                              @ DW_FORM_data1
	.byte	73                              @ DW_AT_type
	.byte	19                              @ DW_FORM_ref4
	.byte	0                               @ EOM(1)
	.byte	0                               @ EOM(2)
	.byte	0                               @ EOM(3)
	.section	.debug_info,"",%progbits
.Lcu_begin0:
	.long	.Ldebug_info_end0-.Ldebug_info_start0 @ Length of Unit
.Ldebug_info_start0:
	.short	4                               @ DWARF version number
	.long	.debug_abbrev                   @ Offset Into Abbrev. Section
	.byte	4                               @ Address Size (in bytes)
	.byte	1                               @ Abbrev [1] 0xb:0x620 DW_TAG_compile_unit
	.long	.Linfo_string0                  @ DW_AT_producer
	.short	12                              @ DW_AT_language
	.long	.Linfo_string1                  @ DW_AT_name
	.long	.Lline_table_start0             @ DW_AT_stmt_list
	.long	.Linfo_string2                  @ DW_AT_comp_dir
	.long	.Lfunc_begin0                   @ DW_AT_low_pc
	.long	.Lfunc_end0-.Lfunc_begin0       @ DW_AT_high_pc
	.byte	2                               @ Abbrev [2] 0x26:0x11 DW_TAG_variable
	.long	.Linfo_string3                  @ DW_AT_name
	.long	55                              @ DW_AT_type
                                        @ DW_AT_external
	.byte	3                               @ DW_AT_decl_file
	.byte	12                              @ DW_AT_decl_line
	.byte	5                               @ DW_AT_location
	.byte	3
	.long	RCC_Osc_HSE_Init
	.byte	3                               @ Abbrev [3] 0x37:0xc DW_TAG_array_type
	.long	67                              @ DW_AT_type
	.byte	4                               @ Abbrev [4] 0x3c:0x6 DW_TAG_subrange_type
	.long	308                             @ DW_AT_type
	.byte	5                               @ DW_AT_count
	.byte	0                               @ End Of Children Mark
	.byte	5                               @ Abbrev [5] 0x43:0x5 DW_TAG_const_type
	.long	72                              @ DW_AT_type
	.byte	6                               @ Abbrev [6] 0x48:0xd5 DW_TAG_structure_type
	.long	.Linfo_string23                 @ DW_AT_name
	.byte	68                              @ DW_AT_byte_size
	.byte	2                               @ DW_AT_decl_file
	.byte	35                              @ DW_AT_decl_line
	.byte	7                               @ Abbrev [7] 0x50:0xc DW_TAG_member
	.long	.Linfo_string4                  @ DW_AT_name
	.long	285                             @ DW_AT_type
	.byte	2                               @ DW_AT_decl_file
	.byte	37                              @ DW_AT_decl_line
	.byte	0                               @ DW_AT_data_member_location
	.byte	7                               @ Abbrev [7] 0x5c:0xc DW_TAG_member
	.long	.Linfo_string7                  @ DW_AT_name
	.long	285                             @ DW_AT_type
	.byte	2                               @ DW_AT_decl_file
	.byte	38                              @ DW_AT_decl_line
	.byte	4                               @ DW_AT_data_member_location
	.byte	7                               @ Abbrev [7] 0x68:0xc DW_TAG_member
	.long	.Linfo_string8                  @ DW_AT_name
	.long	285                             @ DW_AT_type
	.byte	2                               @ DW_AT_decl_file
	.byte	39                              @ DW_AT_decl_line
	.byte	8                               @ DW_AT_data_member_location
	.byte	7                               @ Abbrev [7] 0x74:0xc DW_TAG_member
	.long	.Linfo_string9                  @ DW_AT_name
	.long	285                             @ DW_AT_type
	.byte	2                               @ DW_AT_decl_file
	.byte	40                              @ DW_AT_decl_line
	.byte	12                              @ DW_AT_data_member_location
	.byte	7                               @ Abbrev [7] 0x80:0xc DW_TAG_member
	.long	.Linfo_string10                 @ DW_AT_name
	.long	285                             @ DW_AT_type
	.byte	2                               @ DW_AT_decl_file
	.byte	41                              @ DW_AT_decl_line
	.byte	16                              @ DW_AT_data_member_location
	.byte	7                               @ Abbrev [7] 0x8c:0xc DW_TAG_member
	.long	.Linfo_string11                 @ DW_AT_name
	.long	285                             @ DW_AT_type
	.byte	2                               @ DW_AT_decl_file
	.byte	42                              @ DW_AT_decl_line
	.byte	20                              @ DW_AT_data_member_location
	.byte	7                               @ Abbrev [7] 0x98:0xc DW_TAG_member
	.long	.Linfo_string12                 @ DW_AT_name
	.long	285                             @ DW_AT_type
	.byte	2                               @ DW_AT_decl_file
	.byte	43                              @ DW_AT_decl_line
	.byte	24                              @ DW_AT_data_member_location
	.byte	7                               @ Abbrev [7] 0xa4:0xc DW_TAG_member
	.long	.Linfo_string13                 @ DW_AT_name
	.long	285                             @ DW_AT_type
	.byte	2                               @ DW_AT_decl_file
	.byte	44                              @ DW_AT_decl_line
	.byte	28                              @ DW_AT_data_member_location
	.byte	7                               @ Abbrev [7] 0xb0:0xc DW_TAG_member
	.long	.Linfo_string14                 @ DW_AT_name
	.long	285                             @ DW_AT_type
	.byte	2                               @ DW_AT_decl_file
	.byte	45                              @ DW_AT_decl_line
	.byte	32                              @ DW_AT_data_member_location
	.byte	7                               @ Abbrev [7] 0xbc:0xc DW_TAG_member
	.long	.Linfo_string15                 @ DW_AT_name
	.long	285                             @ DW_AT_type
	.byte	2                               @ DW_AT_decl_file
	.byte	46                              @ DW_AT_decl_line
	.byte	36                              @ DW_AT_data_member_location
	.byte	7                               @ Abbrev [7] 0xc8:0xc DW_TAG_member
	.long	.Linfo_string16                 @ DW_AT_name
	.long	285                             @ DW_AT_type
	.byte	2                               @ DW_AT_decl_file
	.byte	47                              @ DW_AT_decl_line
	.byte	40                              @ DW_AT_data_member_location
	.byte	7                               @ Abbrev [7] 0xd4:0xc DW_TAG_member
	.long	.Linfo_string17                 @ DW_AT_name
	.long	285                             @ DW_AT_type
	.byte	2                               @ DW_AT_decl_file
	.byte	48                              @ DW_AT_decl_line
	.byte	44                              @ DW_AT_data_member_location
	.byte	7                               @ Abbrev [7] 0xe0:0xc DW_TAG_member
	.long	.Linfo_string18                 @ DW_AT_name
	.long	285                             @ DW_AT_type
	.byte	2                               @ DW_AT_decl_file
	.byte	49                              @ DW_AT_decl_line
	.byte	48                              @ DW_AT_data_member_location
	.byte	7                               @ Abbrev [7] 0xec:0xc DW_TAG_member
	.long	.Linfo_string19                 @ DW_AT_name
	.long	285                             @ DW_AT_type
	.byte	2                               @ DW_AT_decl_file
	.byte	50                              @ DW_AT_decl_line
	.byte	52                              @ DW_AT_data_member_location
	.byte	7                               @ Abbrev [7] 0xf8:0xc DW_TAG_member
	.long	.Linfo_string20                 @ DW_AT_name
	.long	285                             @ DW_AT_type
	.byte	2                               @ DW_AT_decl_file
	.byte	51                              @ DW_AT_decl_line
	.byte	56                              @ DW_AT_data_member_location
	.byte	7                               @ Abbrev [7] 0x104:0xc DW_TAG_member
	.long	.Linfo_string21                 @ DW_AT_name
	.long	285                             @ DW_AT_type
	.byte	2                               @ DW_AT_decl_file
	.byte	52                              @ DW_AT_decl_line
	.byte	60                              @ DW_AT_data_member_location
	.byte	7                               @ Abbrev [7] 0x110:0xc DW_TAG_member
	.long	.Linfo_string22                 @ DW_AT_name
	.long	285                             @ DW_AT_type
	.byte	2                               @ DW_AT_decl_file
	.byte	53                              @ DW_AT_decl_line
	.byte	64                              @ DW_AT_data_member_location
	.byte	0                               @ End Of Children Mark
	.byte	8                               @ Abbrev [8] 0x11d:0xb DW_TAG_typedef
	.long	296                             @ DW_AT_type
	.long	.Linfo_string6                  @ DW_AT_name
	.byte	1                               @ DW_AT_decl_file
	.byte	29                              @ DW_AT_decl_line
	.byte	9                               @ Abbrev [9] 0x128:0x5 DW_TAG_volatile_type
	.long	301                             @ DW_AT_type
	.byte	10                              @ Abbrev [10] 0x12d:0x7 DW_TAG_base_type
	.long	.Linfo_string5                  @ DW_AT_name
	.byte	7                               @ DW_AT_encoding
	.byte	4                               @ DW_AT_byte_size
	.byte	11                              @ Abbrev [11] 0x134:0x7 DW_TAG_base_type
	.long	.Linfo_string24                 @ DW_AT_name
	.byte	8                               @ DW_AT_byte_size
	.byte	7                               @ DW_AT_encoding
	.byte	12                              @ Abbrev [12] 0x13b:0x5 DW_TAG_pointer_type
	.long	320                             @ DW_AT_type
	.byte	13                              @ Abbrev [13] 0x140:0xc DW_TAG_typedef
	.long	332                             @ DW_AT_type
	.long	.Linfo_string66                 @ DW_AT_name
	.byte	5                               @ DW_AT_decl_file
	.short	706                             @ DW_AT_decl_line
	.byte	14                              @ Abbrev [14] 0x14c:0x20e DW_TAG_structure_type
	.byte	160                             @ DW_AT_byte_size
	.byte	5                               @ DW_AT_decl_file
	.short	664                             @ DW_AT_decl_line
	.byte	15                              @ Abbrev [15] 0x151:0xd DW_TAG_member
	.long	.Linfo_string25                 @ DW_AT_name
	.long	858                             @ DW_AT_type
	.byte	5                               @ DW_AT_decl_file
	.short	666                             @ DW_AT_decl_line
	.byte	0                               @ DW_AT_data_member_location
	.byte	15                              @ Abbrev [15] 0x15e:0xd DW_TAG_member
	.long	.Linfo_string27                 @ DW_AT_name
	.long	858                             @ DW_AT_type
	.byte	5                               @ DW_AT_decl_file
	.short	667                             @ DW_AT_decl_line
	.byte	4                               @ DW_AT_data_member_location
	.byte	15                              @ Abbrev [15] 0x16b:0xd DW_TAG_member
	.long	.Linfo_string28                 @ DW_AT_name
	.long	858                             @ DW_AT_type
	.byte	5                               @ DW_AT_decl_file
	.short	668                             @ DW_AT_decl_line
	.byte	8                               @ DW_AT_data_member_location
	.byte	15                              @ Abbrev [15] 0x178:0xd DW_TAG_member
	.long	.Linfo_string29                 @ DW_AT_name
	.long	858                             @ DW_AT_type
	.byte	5                               @ DW_AT_decl_file
	.short	669                             @ DW_AT_decl_line
	.byte	12                              @ DW_AT_data_member_location
	.byte	15                              @ Abbrev [15] 0x185:0xd DW_TAG_member
	.long	.Linfo_string30                 @ DW_AT_name
	.long	863                             @ DW_AT_type
	.byte	5                               @ DW_AT_decl_file
	.short	670                             @ DW_AT_decl_line
	.byte	16                              @ DW_AT_data_member_location
	.byte	15                              @ Abbrev [15] 0x192:0xd DW_TAG_member
	.long	.Linfo_string31                 @ DW_AT_name
	.long	863                             @ DW_AT_type
	.byte	5                               @ DW_AT_decl_file
	.short	671                             @ DW_AT_decl_line
	.byte	20                              @ DW_AT_data_member_location
	.byte	15                              @ Abbrev [15] 0x19f:0xd DW_TAG_member
	.long	.Linfo_string32                 @ DW_AT_name
	.long	858                             @ DW_AT_type
	.byte	5                               @ DW_AT_decl_file
	.short	672                             @ DW_AT_decl_line
	.byte	24                              @ DW_AT_data_member_location
	.byte	15                              @ Abbrev [15] 0x1ac:0xd DW_TAG_member
	.long	.Linfo_string33                 @ DW_AT_name
	.long	858                             @ DW_AT_type
	.byte	5                               @ DW_AT_decl_file
	.short	673                             @ DW_AT_decl_line
	.byte	28                              @ DW_AT_data_member_location
	.byte	15                              @ Abbrev [15] 0x1b9:0xd DW_TAG_member
	.long	.Linfo_string34                 @ DW_AT_name
	.long	858                             @ DW_AT_type
	.byte	5                               @ DW_AT_decl_file
	.short	674                             @ DW_AT_decl_line
	.byte	32                              @ DW_AT_data_member_location
	.byte	15                              @ Abbrev [15] 0x1c6:0xd DW_TAG_member
	.long	.Linfo_string35                 @ DW_AT_name
	.long	863                             @ DW_AT_type
	.byte	5                               @ DW_AT_decl_file
	.short	675                             @ DW_AT_decl_line
	.byte	36                              @ DW_AT_data_member_location
	.byte	15                              @ Abbrev [15] 0x1d3:0xd DW_TAG_member
	.long	.Linfo_string36                 @ DW_AT_name
	.long	858                             @ DW_AT_type
	.byte	5                               @ DW_AT_decl_file
	.short	676                             @ DW_AT_decl_line
	.byte	40                              @ DW_AT_data_member_location
	.byte	15                              @ Abbrev [15] 0x1e0:0xd DW_TAG_member
	.long	.Linfo_string37                 @ DW_AT_name
	.long	858                             @ DW_AT_type
	.byte	5                               @ DW_AT_decl_file
	.short	677                             @ DW_AT_decl_line
	.byte	44                              @ DW_AT_data_member_location
	.byte	15                              @ Abbrev [15] 0x1ed:0xd DW_TAG_member
	.long	.Linfo_string38                 @ DW_AT_name
	.long	858                             @ DW_AT_type
	.byte	5                               @ DW_AT_decl_file
	.short	678                             @ DW_AT_decl_line
	.byte	48                              @ DW_AT_data_member_location
	.byte	15                              @ Abbrev [15] 0x1fa:0xd DW_TAG_member
	.long	.Linfo_string39                 @ DW_AT_name
	.long	863                             @ DW_AT_type
	.byte	5                               @ DW_AT_decl_file
	.short	679                             @ DW_AT_decl_line
	.byte	52                              @ DW_AT_data_member_location
	.byte	15                              @ Abbrev [15] 0x207:0xd DW_TAG_member
	.long	.Linfo_string40                 @ DW_AT_name
	.long	858                             @ DW_AT_type
	.byte	5                               @ DW_AT_decl_file
	.short	680                             @ DW_AT_decl_line
	.byte	56                              @ DW_AT_data_member_location
	.byte	15                              @ Abbrev [15] 0x214:0xd DW_TAG_member
	.long	.Linfo_string41                 @ DW_AT_name
	.long	858                             @ DW_AT_type
	.byte	5                               @ DW_AT_decl_file
	.short	681                             @ DW_AT_decl_line
	.byte	60                              @ DW_AT_data_member_location
	.byte	15                              @ Abbrev [15] 0x221:0xd DW_TAG_member
	.long	.Linfo_string42                 @ DW_AT_name
	.long	858                             @ DW_AT_type
	.byte	5                               @ DW_AT_decl_file
	.short	682                             @ DW_AT_decl_line
	.byte	64                              @ DW_AT_data_member_location
	.byte	15                              @ Abbrev [15] 0x22e:0xd DW_TAG_member
	.long	.Linfo_string43                 @ DW_AT_name
	.long	863                             @ DW_AT_type
	.byte	5                               @ DW_AT_decl_file
	.short	683                             @ DW_AT_decl_line
	.byte	68                              @ DW_AT_data_member_location
	.byte	15                              @ Abbrev [15] 0x23b:0xd DW_TAG_member
	.long	.Linfo_string44                 @ DW_AT_name
	.long	858                             @ DW_AT_type
	.byte	5                               @ DW_AT_decl_file
	.short	684                             @ DW_AT_decl_line
	.byte	72                              @ DW_AT_data_member_location
	.byte	15                              @ Abbrev [15] 0x248:0xd DW_TAG_member
	.long	.Linfo_string45                 @ DW_AT_name
	.long	858                             @ DW_AT_type
	.byte	5                               @ DW_AT_decl_file
	.short	685                             @ DW_AT_decl_line
	.byte	76                              @ DW_AT_data_member_location
	.byte	15                              @ Abbrev [15] 0x255:0xd DW_TAG_member
	.long	.Linfo_string46                 @ DW_AT_name
	.long	858                             @ DW_AT_type
	.byte	5                               @ DW_AT_decl_file
	.short	686                             @ DW_AT_decl_line
	.byte	80                              @ DW_AT_data_member_location
	.byte	15                              @ Abbrev [15] 0x262:0xd DW_TAG_member
	.long	.Linfo_string47                 @ DW_AT_name
	.long	863                             @ DW_AT_type
	.byte	5                               @ DW_AT_decl_file
	.short	687                             @ DW_AT_decl_line
	.byte	84                              @ DW_AT_data_member_location
	.byte	15                              @ Abbrev [15] 0x26f:0xd DW_TAG_member
	.long	.Linfo_string48                 @ DW_AT_name
	.long	858                             @ DW_AT_type
	.byte	5                               @ DW_AT_decl_file
	.short	688                             @ DW_AT_decl_line
	.byte	88                              @ DW_AT_data_member_location
	.byte	15                              @ Abbrev [15] 0x27c:0xd DW_TAG_member
	.long	.Linfo_string49                 @ DW_AT_name
	.long	858                             @ DW_AT_type
	.byte	5                               @ DW_AT_decl_file
	.short	689                             @ DW_AT_decl_line
	.byte	92                              @ DW_AT_data_member_location
	.byte	15                              @ Abbrev [15] 0x289:0xd DW_TAG_member
	.long	.Linfo_string50                 @ DW_AT_name
	.long	858                             @ DW_AT_type
	.byte	5                               @ DW_AT_decl_file
	.short	690                             @ DW_AT_decl_line
	.byte	96                              @ DW_AT_data_member_location
	.byte	15                              @ Abbrev [15] 0x296:0xd DW_TAG_member
	.long	.Linfo_string51                 @ DW_AT_name
	.long	863                             @ DW_AT_type
	.byte	5                               @ DW_AT_decl_file
	.short	691                             @ DW_AT_decl_line
	.byte	100                             @ DW_AT_data_member_location
	.byte	15                              @ Abbrev [15] 0x2a3:0xd DW_TAG_member
	.long	.Linfo_string52                 @ DW_AT_name
	.long	858                             @ DW_AT_type
	.byte	5                               @ DW_AT_decl_file
	.short	692                             @ DW_AT_decl_line
	.byte	104                             @ DW_AT_data_member_location
	.byte	15                              @ Abbrev [15] 0x2b0:0xd DW_TAG_member
	.long	.Linfo_string53                 @ DW_AT_name
	.long	858                             @ DW_AT_type
	.byte	5                               @ DW_AT_decl_file
	.short	693                             @ DW_AT_decl_line
	.byte	108                             @ DW_AT_data_member_location
	.byte	15                              @ Abbrev [15] 0x2bd:0xd DW_TAG_member
	.long	.Linfo_string54                 @ DW_AT_name
	.long	858                             @ DW_AT_type
	.byte	5                               @ DW_AT_decl_file
	.short	694                             @ DW_AT_decl_line
	.byte	112                             @ DW_AT_data_member_location
	.byte	15                              @ Abbrev [15] 0x2ca:0xd DW_TAG_member
	.long	.Linfo_string55                 @ DW_AT_name
	.long	863                             @ DW_AT_type
	.byte	5                               @ DW_AT_decl_file
	.short	695                             @ DW_AT_decl_line
	.byte	116                             @ DW_AT_data_member_location
	.byte	15                              @ Abbrev [15] 0x2d7:0xd DW_TAG_member
	.long	.Linfo_string56                 @ DW_AT_name
	.long	858                             @ DW_AT_type
	.byte	5                               @ DW_AT_decl_file
	.short	696                             @ DW_AT_decl_line
	.byte	120                             @ DW_AT_data_member_location
	.byte	15                              @ Abbrev [15] 0x2e4:0xd DW_TAG_member
	.long	.Linfo_string57                 @ DW_AT_name
	.long	858                             @ DW_AT_type
	.byte	5                               @ DW_AT_decl_file
	.short	697                             @ DW_AT_decl_line
	.byte	124                             @ DW_AT_data_member_location
	.byte	15                              @ Abbrev [15] 0x2f1:0xd DW_TAG_member
	.long	.Linfo_string58                 @ DW_AT_name
	.long	858                             @ DW_AT_type
	.byte	5                               @ DW_AT_decl_file
	.short	698                             @ DW_AT_decl_line
	.byte	128                             @ DW_AT_data_member_location
	.byte	15                              @ Abbrev [15] 0x2fe:0xd DW_TAG_member
	.long	.Linfo_string59                 @ DW_AT_name
	.long	863                             @ DW_AT_type
	.byte	5                               @ DW_AT_decl_file
	.short	699                             @ DW_AT_decl_line
	.byte	132                             @ DW_AT_data_member_location
	.byte	15                              @ Abbrev [15] 0x30b:0xd DW_TAG_member
	.long	.Linfo_string60                 @ DW_AT_name
	.long	858                             @ DW_AT_type
	.byte	5                               @ DW_AT_decl_file
	.short	700                             @ DW_AT_decl_line
	.byte	136                             @ DW_AT_data_member_location
	.byte	15                              @ Abbrev [15] 0x318:0xd DW_TAG_member
	.long	.Linfo_string61                 @ DW_AT_name
	.long	863                             @ DW_AT_type
	.byte	5                               @ DW_AT_decl_file
	.short	701                             @ DW_AT_decl_line
	.byte	140                             @ DW_AT_data_member_location
	.byte	15                              @ Abbrev [15] 0x325:0xd DW_TAG_member
	.long	.Linfo_string62                 @ DW_AT_name
	.long	858                             @ DW_AT_type
	.byte	5                               @ DW_AT_decl_file
	.short	702                             @ DW_AT_decl_line
	.byte	144                             @ DW_AT_data_member_location
	.byte	15                              @ Abbrev [15] 0x332:0xd DW_TAG_member
	.long	.Linfo_string63                 @ DW_AT_name
	.long	858                             @ DW_AT_type
	.byte	5                               @ DW_AT_decl_file
	.short	703                             @ DW_AT_decl_line
	.byte	148                             @ DW_AT_data_member_location
	.byte	15                              @ Abbrev [15] 0x33f:0xd DW_TAG_member
	.long	.Linfo_string64                 @ DW_AT_name
	.long	858                             @ DW_AT_type
	.byte	5                               @ DW_AT_decl_file
	.short	704                             @ DW_AT_decl_line
	.byte	152                             @ DW_AT_data_member_location
	.byte	15                              @ Abbrev [15] 0x34c:0xd DW_TAG_member
	.long	.Linfo_string65                 @ DW_AT_name
	.long	858                             @ DW_AT_type
	.byte	5                               @ DW_AT_decl_file
	.short	705                             @ DW_AT_decl_line
	.byte	156                             @ DW_AT_data_member_location
	.byte	0                               @ End Of Children Mark
	.byte	9                               @ Abbrev [9] 0x35a:0x5 DW_TAG_volatile_type
	.long	863                             @ DW_AT_type
	.byte	8                               @ Abbrev [8] 0x35f:0xb DW_TAG_typedef
	.long	301                             @ DW_AT_type
	.long	.Linfo_string26                 @ DW_AT_name
	.byte	4                               @ DW_AT_decl_file
	.byte	64                              @ DW_AT_decl_line
	.byte	12                              @ Abbrev [12] 0x36a:0x5 DW_TAG_pointer_type
	.long	879                             @ DW_AT_type
	.byte	13                              @ Abbrev [13] 0x36f:0xc DW_TAG_typedef
	.long	891                             @ DW_AT_type
	.long	.Linfo_string90                 @ DW_AT_name
	.byte	5                               @ DW_AT_decl_file
	.short	637                             @ DW_AT_decl_line
	.byte	14                              @ Abbrev [14] 0x37b:0x13e DW_TAG_structure_type
	.byte	132                             @ DW_AT_byte_size
	.byte	5                               @ DW_AT_decl_file
	.short	611                             @ DW_AT_decl_line
	.byte	15                              @ Abbrev [15] 0x380:0xd DW_TAG_member
	.long	.Linfo_string67                 @ DW_AT_name
	.long	858                             @ DW_AT_type
	.byte	5                               @ DW_AT_decl_file
	.short	613                             @ DW_AT_decl_line
	.byte	0                               @ DW_AT_data_member_location
	.byte	15                              @ Abbrev [15] 0x38d:0xd DW_TAG_member
	.long	.Linfo_string68                 @ DW_AT_name
	.long	858                             @ DW_AT_type
	.byte	5                               @ DW_AT_decl_file
	.short	614                             @ DW_AT_decl_line
	.byte	4                               @ DW_AT_data_member_location
	.byte	15                              @ Abbrev [15] 0x39a:0xd DW_TAG_member
	.long	.Linfo_string69                 @ DW_AT_name
	.long	858                             @ DW_AT_type
	.byte	5                               @ DW_AT_decl_file
	.short	615                             @ DW_AT_decl_line
	.byte	8                               @ DW_AT_data_member_location
	.byte	15                              @ Abbrev [15] 0x3a7:0xd DW_TAG_member
	.long	.Linfo_string70                 @ DW_AT_name
	.long	858                             @ DW_AT_type
	.byte	5                               @ DW_AT_decl_file
	.short	616                             @ DW_AT_decl_line
	.byte	12                              @ DW_AT_data_member_location
	.byte	15                              @ Abbrev [15] 0x3b4:0xd DW_TAG_member
	.long	.Linfo_string71                 @ DW_AT_name
	.long	858                             @ DW_AT_type
	.byte	5                               @ DW_AT_decl_file
	.short	617                             @ DW_AT_decl_line
	.byte	16                              @ DW_AT_data_member_location
	.byte	15                              @ Abbrev [15] 0x3c1:0xd DW_TAG_member
	.long	.Linfo_string72                 @ DW_AT_name
	.long	858                             @ DW_AT_type
	.byte	5                               @ DW_AT_decl_file
	.short	618                             @ DW_AT_decl_line
	.byte	20                              @ DW_AT_data_member_location
	.byte	15                              @ Abbrev [15] 0x3ce:0xd DW_TAG_member
	.long	.Linfo_string73                 @ DW_AT_name
	.long	858                             @ DW_AT_type
	.byte	5                               @ DW_AT_decl_file
	.short	619                             @ DW_AT_decl_line
	.byte	24                              @ DW_AT_data_member_location
	.byte	15                              @ Abbrev [15] 0x3db:0xd DW_TAG_member
	.long	.Linfo_string74                 @ DW_AT_name
	.long	863                             @ DW_AT_type
	.byte	5                               @ DW_AT_decl_file
	.short	620                             @ DW_AT_decl_line
	.byte	28                              @ DW_AT_data_member_location
	.byte	15                              @ Abbrev [15] 0x3e8:0xd DW_TAG_member
	.long	.Linfo_string75                 @ DW_AT_name
	.long	858                             @ DW_AT_type
	.byte	5                               @ DW_AT_decl_file
	.short	621                             @ DW_AT_decl_line
	.byte	32                              @ DW_AT_data_member_location
	.byte	15                              @ Abbrev [15] 0x3f5:0xd DW_TAG_member
	.long	.Linfo_string76                 @ DW_AT_name
	.long	858                             @ DW_AT_type
	.byte	5                               @ DW_AT_decl_file
	.short	622                             @ DW_AT_decl_line
	.byte	36                              @ DW_AT_data_member_location
	.byte	15                              @ Abbrev [15] 0x402:0xd DW_TAG_member
	.long	.Linfo_string77                 @ DW_AT_name
	.long	858                             @ DW_AT_type
	.byte	5                               @ DW_AT_decl_file
	.short	623                             @ DW_AT_decl_line
	.byte	40                              @ DW_AT_data_member_location
	.byte	15                              @ Abbrev [15] 0x40f:0xd DW_TAG_member
	.long	.Linfo_string78                 @ DW_AT_name
	.long	858                             @ DW_AT_type
	.byte	5                               @ DW_AT_decl_file
	.short	624                             @ DW_AT_decl_line
	.byte	44                              @ DW_AT_data_member_location
	.byte	15                              @ Abbrev [15] 0x41c:0xd DW_TAG_member
	.long	.Linfo_string79                 @ DW_AT_name
	.long	858                             @ DW_AT_type
	.byte	5                               @ DW_AT_decl_file
	.short	625                             @ DW_AT_decl_line
	.byte	48                              @ DW_AT_data_member_location
	.byte	15                              @ Abbrev [15] 0x429:0xd DW_TAG_member
	.long	.Linfo_string80                 @ DW_AT_name
	.long	858                             @ DW_AT_type
	.byte	5                               @ DW_AT_decl_file
	.short	626                             @ DW_AT_decl_line
	.byte	52                              @ DW_AT_data_member_location
	.byte	15                              @ Abbrev [15] 0x436:0xd DW_TAG_member
	.long	.Linfo_string81                 @ DW_AT_name
	.long	858                             @ DW_AT_type
	.byte	5                               @ DW_AT_decl_file
	.short	627                             @ DW_AT_decl_line
	.byte	56                              @ DW_AT_data_member_location
	.byte	15                              @ Abbrev [15] 0x443:0xd DW_TAG_member
	.long	.Linfo_string82                 @ DW_AT_name
	.long	858                             @ DW_AT_type
	.byte	5                               @ DW_AT_decl_file
	.short	628                             @ DW_AT_decl_line
	.byte	60                              @ DW_AT_data_member_location
	.byte	15                              @ Abbrev [15] 0x450:0xd DW_TAG_member
	.long	.Linfo_string83                 @ DW_AT_name
	.long	858                             @ DW_AT_type
	.byte	5                               @ DW_AT_decl_file
	.short	629                             @ DW_AT_decl_line
	.byte	64                              @ DW_AT_data_member_location
	.byte	15                              @ Abbrev [15] 0x45d:0xd DW_TAG_member
	.long	.Linfo_string84                 @ DW_AT_name
	.long	858                             @ DW_AT_type
	.byte	5                               @ DW_AT_decl_file
	.short	630                             @ DW_AT_decl_line
	.byte	68                              @ DW_AT_data_member_location
	.byte	15                              @ Abbrev [15] 0x46a:0xd DW_TAG_member
	.long	.Linfo_string85                 @ DW_AT_name
	.long	858                             @ DW_AT_type
	.byte	5                               @ DW_AT_decl_file
	.short	631                             @ DW_AT_decl_line
	.byte	72                              @ DW_AT_data_member_location
	.byte	15                              @ Abbrev [15] 0x477:0xd DW_TAG_member
	.long	.Linfo_string86                 @ DW_AT_name
	.long	858                             @ DW_AT_type
	.byte	5                               @ DW_AT_decl_file
	.short	632                             @ DW_AT_decl_line
	.byte	76                              @ DW_AT_data_member_location
	.byte	15                              @ Abbrev [15] 0x484:0xd DW_TAG_member
	.long	.Linfo_string87                 @ DW_AT_name
	.long	858                             @ DW_AT_type
	.byte	5                               @ DW_AT_decl_file
	.short	633                             @ DW_AT_decl_line
	.byte	80                              @ DW_AT_data_member_location
	.byte	15                              @ Abbrev [15] 0x491:0xd DW_TAG_member
	.long	.Linfo_string88                 @ DW_AT_name
	.long	858                             @ DW_AT_type
	.byte	5                               @ DW_AT_decl_file
	.short	634                             @ DW_AT_decl_line
	.byte	84                              @ DW_AT_data_member_location
	.byte	15                              @ Abbrev [15] 0x49e:0xd DW_TAG_member
	.long	.Linfo_string31                 @ DW_AT_name
	.long	1209                            @ DW_AT_type
	.byte	5                               @ DW_AT_decl_file
	.short	635                             @ DW_AT_decl_line
	.byte	88                              @ DW_AT_data_member_location
	.byte	15                              @ Abbrev [15] 0x4ab:0xd DW_TAG_member
	.long	.Linfo_string89                 @ DW_AT_name
	.long	858                             @ DW_AT_type
	.byte	5                               @ DW_AT_decl_file
	.short	636                             @ DW_AT_decl_line
	.byte	128                             @ DW_AT_data_member_location
	.byte	0                               @ End Of Children Mark
	.byte	3                               @ Abbrev [3] 0x4b9:0xc DW_TAG_array_type
	.long	863                             @ DW_AT_type
	.byte	4                               @ Abbrev [4] 0x4be:0x6 DW_TAG_subrange_type
	.long	308                             @ DW_AT_type
	.byte	10                              @ DW_AT_count
	.byte	0                               @ End Of Children Mark
	.byte	12                              @ Abbrev [12] 0x4c5:0x5 DW_TAG_pointer_type
	.long	1226                            @ DW_AT_type
	.byte	13                              @ Abbrev [13] 0x4ca:0xc DW_TAG_typedef
	.long	1238                            @ DW_AT_type
	.long	.Linfo_string108                @ DW_AT_name
	.byte	5                               @ DW_AT_decl_file
	.short	479                             @ DW_AT_decl_line
	.byte	14                              @ Abbrev [14] 0x4d6:0x117 DW_TAG_structure_type
	.byte	120                             @ DW_AT_byte_size
	.byte	5                               @ DW_AT_decl_file
	.short	456                             @ DW_AT_decl_line
	.byte	15                              @ Abbrev [15] 0x4db:0xd DW_TAG_member
	.long	.Linfo_string91                 @ DW_AT_name
	.long	858                             @ DW_AT_type
	.byte	5                               @ DW_AT_decl_file
	.short	458                             @ DW_AT_decl_line
	.byte	0                               @ DW_AT_data_member_location
	.byte	15                              @ Abbrev [15] 0x4e8:0xd DW_TAG_member
	.long	.Linfo_string92                 @ DW_AT_name
	.long	858                             @ DW_AT_type
	.byte	5                               @ DW_AT_decl_file
	.short	459                             @ DW_AT_decl_line
	.byte	4                               @ DW_AT_data_member_location
	.byte	15                              @ Abbrev [15] 0x4f5:0xd DW_TAG_member
	.long	.Linfo_string93                 @ DW_AT_name
	.long	858                             @ DW_AT_type
	.byte	5                               @ DW_AT_decl_file
	.short	460                             @ DW_AT_decl_line
	.byte	8                               @ DW_AT_data_member_location
	.byte	15                              @ Abbrev [15] 0x502:0xd DW_TAG_member
	.long	.Linfo_string94                 @ DW_AT_name
	.long	858                             @ DW_AT_type
	.byte	5                               @ DW_AT_decl_file
	.short	461                             @ DW_AT_decl_line
	.byte	12                              @ DW_AT_data_member_location
	.byte	15                              @ Abbrev [15] 0x50f:0xd DW_TAG_member
	.long	.Linfo_string95                 @ DW_AT_name
	.long	858                             @ DW_AT_type
	.byte	5                               @ DW_AT_decl_file
	.short	462                             @ DW_AT_decl_line
	.byte	16                              @ DW_AT_data_member_location
	.byte	15                              @ Abbrev [15] 0x51c:0xd DW_TAG_member
	.long	.Linfo_string25                 @ DW_AT_name
	.long	858                             @ DW_AT_type
	.byte	5                               @ DW_AT_decl_file
	.short	463                             @ DW_AT_decl_line
	.byte	20                              @ DW_AT_data_member_location
	.byte	15                              @ Abbrev [15] 0x529:0xd DW_TAG_member
	.long	.Linfo_string96                 @ DW_AT_name
	.long	858                             @ DW_AT_type
	.byte	5                               @ DW_AT_decl_file
	.short	464                             @ DW_AT_decl_line
	.byte	24                              @ DW_AT_data_member_location
	.byte	15                              @ Abbrev [15] 0x536:0xd DW_TAG_member
	.long	.Linfo_string31                 @ DW_AT_name
	.long	863                             @ DW_AT_type
	.byte	5                               @ DW_AT_decl_file
	.short	465                             @ DW_AT_decl_line
	.byte	28                              @ DW_AT_data_member_location
	.byte	15                              @ Abbrev [15] 0x543:0xd DW_TAG_member
	.long	.Linfo_string97                 @ DW_AT_name
	.long	858                             @ DW_AT_type
	.byte	5                               @ DW_AT_decl_file
	.short	466                             @ DW_AT_decl_line
	.byte	32                              @ DW_AT_data_member_location
	.byte	15                              @ Abbrev [15] 0x550:0xd DW_TAG_member
	.long	.Linfo_string98                 @ DW_AT_name
	.long	858                             @ DW_AT_type
	.byte	5                               @ DW_AT_decl_file
	.short	467                             @ DW_AT_decl_line
	.byte	36                              @ DW_AT_data_member_location
	.byte	15                              @ Abbrev [15] 0x55d:0xd DW_TAG_member
	.long	.Linfo_string99                 @ DW_AT_name
	.long	858                             @ DW_AT_type
	.byte	5                               @ DW_AT_decl_file
	.short	468                             @ DW_AT_decl_line
	.byte	40                              @ DW_AT_data_member_location
	.byte	15                              @ Abbrev [15] 0x56a:0xd DW_TAG_member
	.long	.Linfo_string100                @ DW_AT_name
	.long	858                             @ DW_AT_type
	.byte	5                               @ DW_AT_decl_file
	.short	469                             @ DW_AT_decl_line
	.byte	44                              @ DW_AT_data_member_location
	.byte	15                              @ Abbrev [15] 0x577:0xd DW_TAG_member
	.long	.Linfo_string101                @ DW_AT_name
	.long	858                             @ DW_AT_type
	.byte	5                               @ DW_AT_decl_file
	.short	470                             @ DW_AT_decl_line
	.byte	48                              @ DW_AT_data_member_location
	.byte	15                              @ Abbrev [15] 0x584:0xd DW_TAG_member
	.long	.Linfo_string35                 @ DW_AT_name
	.long	1517                            @ DW_AT_type
	.byte	5                               @ DW_AT_decl_file
	.short	471                             @ DW_AT_decl_line
	.byte	52                              @ DW_AT_data_member_location
	.byte	15                              @ Abbrev [15] 0x591:0xd DW_TAG_member
	.long	.Linfo_string102                @ DW_AT_name
	.long	858                             @ DW_AT_type
	.byte	5                               @ DW_AT_decl_file
	.short	472                             @ DW_AT_decl_line
	.byte	68                              @ DW_AT_data_member_location
	.byte	15                              @ Abbrev [15] 0x59e:0xd DW_TAG_member
	.long	.Linfo_string103                @ DW_AT_name
	.long	858                             @ DW_AT_type
	.byte	5                               @ DW_AT_decl_file
	.short	473                             @ DW_AT_decl_line
	.byte	72                              @ DW_AT_data_member_location
	.byte	15                              @ Abbrev [15] 0x5ab:0xd DW_TAG_member
	.long	.Linfo_string104                @ DW_AT_name
	.long	858                             @ DW_AT_type
	.byte	5                               @ DW_AT_decl_file
	.short	474                             @ DW_AT_decl_line
	.byte	76                              @ DW_AT_data_member_location
	.byte	15                              @ Abbrev [15] 0x5b8:0xd DW_TAG_member
	.long	.Linfo_string105                @ DW_AT_name
	.long	858                             @ DW_AT_type
	.byte	5                               @ DW_AT_decl_file
	.short	475                             @ DW_AT_decl_line
	.byte	80                              @ DW_AT_data_member_location
	.byte	15                              @ Abbrev [15] 0x5c5:0xd DW_TAG_member
	.long	.Linfo_string39                 @ DW_AT_name
	.long	1529                            @ DW_AT_type
	.byte	5                               @ DW_AT_decl_file
	.short	476                             @ DW_AT_decl_line
	.byte	84                              @ DW_AT_data_member_location
	.byte	15                              @ Abbrev [15] 0x5d2:0xd DW_TAG_member
	.long	.Linfo_string106                @ DW_AT_name
	.long	858                             @ DW_AT_type
	.byte	5                               @ DW_AT_decl_file
	.short	477                             @ DW_AT_decl_line
	.byte	112                             @ DW_AT_data_member_location
	.byte	15                              @ Abbrev [15] 0x5df:0xd DW_TAG_member
	.long	.Linfo_string107                @ DW_AT_name
	.long	858                             @ DW_AT_type
	.byte	5                               @ DW_AT_decl_file
	.short	478                             @ DW_AT_decl_line
	.byte	116                             @ DW_AT_data_member_location
	.byte	0                               @ End Of Children Mark
	.byte	3                               @ Abbrev [3] 0x5ed:0xc DW_TAG_array_type
	.long	863                             @ DW_AT_type
	.byte	4                               @ Abbrev [4] 0x5f2:0x6 DW_TAG_subrange_type
	.long	308                             @ DW_AT_type
	.byte	4                               @ DW_AT_count
	.byte	0                               @ End Of Children Mark
	.byte	3                               @ Abbrev [3] 0x5f9:0xc DW_TAG_array_type
	.long	863                             @ DW_AT_type
	.byte	4                               @ Abbrev [4] 0x5fe:0x6 DW_TAG_subrange_type
	.long	308                             @ DW_AT_type
	.byte	7                               @ DW_AT_count
	.byte	0                               @ End Of Children Mark
	.byte	16                              @ Abbrev [16] 0x605:0x20 DW_TAG_subprogram
	.long	.Lfunc_begin0                   @ DW_AT_low_pc
	.long	.Lfunc_end0-.Lfunc_begin0       @ DW_AT_high_pc
	.byte	1                               @ DW_AT_frame_base
	.byte	93
	.long	.Linfo_string109                @ DW_AT_name
	.byte	3                               @ DW_AT_decl_file
	.byte	95                              @ DW_AT_decl_line
                                        @ DW_AT_prototyped
                                        @ DW_AT_external
	.byte	17                              @ Abbrev [17] 0x616:0xe DW_TAG_formal_parameter
	.byte	2                               @ DW_AT_location
	.byte	145
	.byte	0
	.long	.Linfo_string110                @ DW_AT_name
	.byte	3                               @ DW_AT_decl_file
	.byte	95                              @ DW_AT_decl_line
	.long	1573                            @ DW_AT_type
	.byte	0                               @ End Of Children Mark
	.byte	12                              @ Abbrev [12] 0x625:0x5 DW_TAG_pointer_type
	.long	67                              @ DW_AT_type
	.byte	0                               @ End Of Children Mark
.Ldebug_info_end0:
	.section	.debug_str,"MS",%progbits,1
.Linfo_string0:
	.asciz	"Component: Arm Compiler for Embedded 6.19 Tool: armclang [5e73cb00]" @ string offset=0
.Linfo_string1:
	.asciz	"stm32g4_rcc.c"                 @ string offset=68
.Linfo_string2:
	.asciz	"C:\\Users\\Shenny\\Desktop\\Data\\Embedded_Github\\Public\\STM32_G474RE\\Keil_UV5\\Lesson_1_Blinky" @ string offset=82
.Linfo_string3:
	.asciz	"RCC_Osc_HSE_Init"              @ string offset=172
.Linfo_string4:
	.asciz	"HSEState"                      @ string offset=189
.Linfo_string5:
	.asciz	"unsigned int"                  @ string offset=198
.Linfo_string6:
	.asciz	"v_uint32_t"                    @ string offset=211
.Linfo_string7:
	.asciz	"PLLSource"                     @ string offset=222
.Linfo_string8:
	.asciz	"PLLM"                          @ string offset=232
.Linfo_string9:
	.asciz	"PLLN"                          @ string offset=237
.Linfo_string10:
	.asciz	"PLLP"                          @ string offset=242
.Linfo_string11:
	.asciz	"PLLQ"                          @ string offset=247
.Linfo_string12:
	.asciz	"PLLR"                          @ string offset=252
.Linfo_string13:
	.asciz	"HPRE"                          @ string offset=257
.Linfo_string14:
	.asciz	"PPRE1"                         @ string offset=262
.Linfo_string15:
	.asciz	"PPRE2"                         @ string offset=268
.Linfo_string16:
	.asciz	"VOS_SCALE"                     @ string offset=274
.Linfo_string17:
	.asciz	"BOOST"                         @ string offset=284
.Linfo_string18:
	.asciz	"FLASH_CONFIG"                  @ string offset=290
.Linfo_string19:
	.asciz	"FLASH_WAIT"                    @ string offset=303
.Linfo_string20:
	.asciz	"AHBCLKDivider"                 @ string offset=314
.Linfo_string21:
	.asciz	"APB1CLKDivider"                @ string offset=328
.Linfo_string22:
	.asciz	"APB2CLKDivider"                @ string offset=343
.Linfo_string23:
	.asciz	"RCC_OscInit"                   @ string offset=358
.Linfo_string24:
	.asciz	"__ARRAY_SIZE_TYPE__"           @ string offset=370
.Linfo_string25:
	.asciz	"CR"                            @ string offset=390
.Linfo_string26:
	.asciz	"uint32_t"                      @ string offset=393
.Linfo_string27:
	.asciz	"ICSCR"                         @ string offset=402
.Linfo_string28:
	.asciz	"CFGR"                          @ string offset=408
.Linfo_string29:
	.asciz	"PLLCFGR"                       @ string offset=413
.Linfo_string30:
	.asciz	"RESERVED0"                     @ string offset=421
.Linfo_string31:
	.asciz	"RESERVED1"                     @ string offset=431
.Linfo_string32:
	.asciz	"CIER"                          @ string offset=441
.Linfo_string33:
	.asciz	"CIFR"                          @ string offset=446
.Linfo_string34:
	.asciz	"CICR"                          @ string offset=451
.Linfo_string35:
	.asciz	"RESERVED2"                     @ string offset=456
.Linfo_string36:
	.asciz	"AHB1RSTR"                      @ string offset=466
.Linfo_string37:
	.asciz	"AHB2RSTR"                      @ string offset=475
.Linfo_string38:
	.asciz	"AHB3RSTR"                      @ string offset=484
.Linfo_string39:
	.asciz	"RESERVED3"                     @ string offset=493
.Linfo_string40:
	.asciz	"APB1RSTR1"                     @ string offset=503
.Linfo_string41:
	.asciz	"APB1RSTR2"                     @ string offset=513
.Linfo_string42:
	.asciz	"APB2RSTR"                      @ string offset=523
.Linfo_string43:
	.asciz	"RESERVED4"                     @ string offset=532
.Linfo_string44:
	.asciz	"AHB1ENR"                       @ string offset=542
.Linfo_string45:
	.asciz	"AHB2ENR"                       @ string offset=550
.Linfo_string46:
	.asciz	"AHB3ENR"                       @ string offset=558
.Linfo_string47:
	.asciz	"RESERVED5"                     @ string offset=566
.Linfo_string48:
	.asciz	"APB1ENR1"                      @ string offset=576
.Linfo_string49:
	.asciz	"APB1ENR2"                      @ string offset=585
.Linfo_string50:
	.asciz	"APB2ENR"                       @ string offset=594
.Linfo_string51:
	.asciz	"RESERVED6"                     @ string offset=602
.Linfo_string52:
	.asciz	"AHB1SMENR"                     @ string offset=612
.Linfo_string53:
	.asciz	"AHB2SMENR"                     @ string offset=622
.Linfo_string54:
	.asciz	"AHB3SMENR"                     @ string offset=632
.Linfo_string55:
	.asciz	"RESERVED7"                     @ string offset=642
.Linfo_string56:
	.asciz	"APB1SMENR1"                    @ string offset=652
.Linfo_string57:
	.asciz	"APB1SMENR2"                    @ string offset=663
.Linfo_string58:
	.asciz	"APB2SMENR"                     @ string offset=674
.Linfo_string59:
	.asciz	"RESERVED8"                     @ string offset=684
.Linfo_string60:
	.asciz	"CCIPR"                         @ string offset=694
.Linfo_string61:
	.asciz	"RESERVED9"                     @ string offset=700
.Linfo_string62:
	.asciz	"BDCR"                          @ string offset=710
.Linfo_string63:
	.asciz	"CSR"                           @ string offset=715
.Linfo_string64:
	.asciz	"CRRCR"                         @ string offset=719
.Linfo_string65:
	.asciz	"CCIPR2"                        @ string offset=725
.Linfo_string66:
	.asciz	"RCC_TypeDef"                   @ string offset=732
.Linfo_string67:
	.asciz	"CR1"                           @ string offset=744
.Linfo_string68:
	.asciz	"CR2"                           @ string offset=748
.Linfo_string69:
	.asciz	"CR3"                           @ string offset=752
.Linfo_string70:
	.asciz	"CR4"                           @ string offset=756
.Linfo_string71:
	.asciz	"SR1"                           @ string offset=760
.Linfo_string72:
	.asciz	"SR2"                           @ string offset=764
.Linfo_string73:
	.asciz	"SCR"                           @ string offset=768
.Linfo_string74:
	.asciz	"RESERVED"                      @ string offset=772
.Linfo_string75:
	.asciz	"PUCRA"                         @ string offset=781
.Linfo_string76:
	.asciz	"PDCRA"                         @ string offset=787
.Linfo_string77:
	.asciz	"PUCRB"                         @ string offset=793
.Linfo_string78:
	.asciz	"PDCRB"                         @ string offset=799
.Linfo_string79:
	.asciz	"PUCRC"                         @ string offset=805
.Linfo_string80:
	.asciz	"PDCRC"                         @ string offset=811
.Linfo_string81:
	.asciz	"PUCRD"                         @ string offset=817
.Linfo_string82:
	.asciz	"PDCRD"                         @ string offset=823
.Linfo_string83:
	.asciz	"PUCRE"                         @ string offset=829
.Linfo_string84:
	.asciz	"PDCRE"                         @ string offset=835
.Linfo_string85:
	.asciz	"PUCRF"                         @ string offset=841
.Linfo_string86:
	.asciz	"PDCRF"                         @ string offset=847
.Linfo_string87:
	.asciz	"PUCRG"                         @ string offset=853
.Linfo_string88:
	.asciz	"PDCRG"                         @ string offset=859
.Linfo_string89:
	.asciz	"CR5"                           @ string offset=865
.Linfo_string90:
	.asciz	"PWR_TypeDef"                   @ string offset=869
.Linfo_string91:
	.asciz	"ACR"                           @ string offset=881
.Linfo_string92:
	.asciz	"PDKEYR"                        @ string offset=885
.Linfo_string93:
	.asciz	"KEYR"                          @ string offset=892
.Linfo_string94:
	.asciz	"OPTKEYR"                       @ string offset=897
.Linfo_string95:
	.asciz	"SR"                            @ string offset=905
.Linfo_string96:
	.asciz	"ECCR"                          @ string offset=908
.Linfo_string97:
	.asciz	"OPTR"                          @ string offset=913
.Linfo_string98:
	.asciz	"PCROP1SR"                      @ string offset=918
.Linfo_string99:
	.asciz	"PCROP1ER"                      @ string offset=927
.Linfo_string100:
	.asciz	"WRP1AR"                        @ string offset=936
.Linfo_string101:
	.asciz	"WRP1BR"                        @ string offset=943
.Linfo_string102:
	.asciz	"PCROP2SR"                      @ string offset=950
.Linfo_string103:
	.asciz	"PCROP2ER"                      @ string offset=959
.Linfo_string104:
	.asciz	"WRP2AR"                        @ string offset=968
.Linfo_string105:
	.asciz	"WRP2BR"                        @ string offset=975
.Linfo_string106:
	.asciz	"SEC1R"                         @ string offset=982
.Linfo_string107:
	.asciz	"SEC2R"                         @ string offset=988
.Linfo_string108:
	.asciz	"FLASH_TypeDef"                 @ string offset=994
.Linfo_string109:
	.asciz	"SystemClockInit"               @ string offset=1008
.Linfo_string110:
	.asciz	"Mhz"                           @ string offset=1024
	.ident	"Component: Arm Compiler for Embedded 6.19 Tool: armclang [5e73cb00]"
	.section	".note.GNU-stack","",%progbits
	.eabi_attribute	30, 6	@ Tag_ABI_optimization_goals
	.ARM_attribute	16, 1	@ Tag_AV_eba
	.section	.debug_line,"",%progbits
.Lline_table_start0:
