	.text
	.syntax unified
	.eabi_attribute	67, "2.09"	@ Tag_conformance
	.cpu	cortex-m4
	.eabi_attribute	6, 13	@ Tag_CPU_arch
	.eabi_attribute	7, 77	@ Tag_CPU_arch_profile
	.eabi_attribute	8, 0	@ Tag_ARM_ISA_use
	.eabi_attribute	9, 2	@ Tag_THUMB_ISA_use
	.fpu	fpv4-sp-d16
	.eabi_attribute	27, 1	@ Tag_ABI_HardFP_use
	.eabi_attribute	36, 1	@ Tag_FP_HP_extension
	.eabi_attribute	34, 1	@ Tag_CPU_unaligned_access
	.eabi_attribute	17, 1	@ Tag_ABI_PCS_GOT_use
	.eabi_attribute	20, 2	@ Tag_ABI_FP_denormal
	.eabi_attribute	21, 0	@ Tag_ABI_FP_exceptions
	.eabi_attribute	23, 1	@ Tag_ABI_FP_number_model
	.eabi_attribute	24, 1	@ Tag_ABI_align_needed
	.eabi_attribute	25, 1	@ Tag_ABI_align_preserved
	.eabi_attribute	28, 1	@ Tag_ABI_VFP_args
	.eabi_attribute	38, 1	@ Tag_ABI_FP_16bit_format
	.eabi_attribute	18, 2	@ Tag_ABI_PCS_wchar_t
	.eabi_attribute	26, 1	@ Tag_ABI_enum_size
	.eabi_attribute	14, 0	@ Tag_ABI_PCS_R9_use
	.file	"stm32g4_gpio.c"
	.file	1 "C:\\Keil_v5\\ARM\\ARMCLANG\\Bin\\..\\include" "stdint.h"
	.file	2 "C:/Users/Shenny/AppData/Local/Arm/Packs/Keil/STM32G4xx_DFP/1.5.0/Drivers/CMSIS/Device/ST/STM32G4xx/Include" "stm32g474xx.h"
	.section	.text.ENABLE_CLOCK_PORT,"ax",%progbits
	.hidden	ENABLE_CLOCK_PORT               @ -- Begin function ENABLE_CLOCK_PORT
	.globl	ENABLE_CLOCK_PORT
	.p2align	2
	.type	ENABLE_CLOCK_PORT,%function
	.code	16                              @ @ENABLE_CLOCK_PORT
	.thumb_func
ENABLE_CLOCK_PORT:
.Lfunc_begin0:
	.file	3 "C:\\Users\\Shenny\\Desktop\\Data\\Embedded_Github\\Public\\STM32_G474RE\\Keil_UV5\\Lesson_1_Blinky" "stm32g4_gpio.c"
	.loc	3 13 0                          @ stm32g4_gpio.c:13:0
	.fnstart
	.cfi_sections .debug_frame
	.cfi_startproc
@ %bb.0:
	.pad	#8
	sub	sp, #8
	.cfi_def_cfa_offset 8
	str	r0, [sp, #4]
.Ltmp0:
	.loc	3 14 23 prologue_end            @ stm32g4_gpio.c:14:23
	ldr	r0, [sp, #4]
	.loc	3 14 65 is_stmt 0               @ stm32g4_gpio.c:14:65
	ubfx	r0, r0, #10, #3
	.loc	3 14 11                         @ stm32g4_gpio.c:14:11
	str	r0, [sp]
	.loc	3 15 2 is_stmt 1                @ stm32g4_gpio.c:15:2
	ldr	r1, [sp]
	movs	r0, #1
	lsl.w	r2, r0, r1
	movw	r1, #4172
	movt	r1, #16386
	ldr	r0, [r1]
	orrs	r0, r2
	str	r0, [r1]
	.loc	3 16 1                          @ stm32g4_gpio.c:16:1
	add	sp, #8
	bx	lr
.Ltmp1:
.Lfunc_end0:
	.size	ENABLE_CLOCK_PORT, .Lfunc_end0-ENABLE_CLOCK_PORT
	.cfi_endproc
	.cantunwind
	.fnend
                                        @ -- End function
	.section	.text.Check_pin_afmode,"ax",%progbits
	.hidden	Check_pin_afmode                @ -- Begin function Check_pin_afmode
	.globl	Check_pin_afmode
	.p2align	2
	.type	Check_pin_afmode,%function
	.code	16                              @ @Check_pin_afmode
	.thumb_func
Check_pin_afmode:
.Lfunc_begin1:
	.loc	3 19 0                          @ stm32g4_gpio.c:19:0
	.fnstart
	.cfi_startproc
@ %bb.0:
	.pad	#8
	sub	sp, #8
	.cfi_def_cfa_offset 8
	str	r0, [sp]
.Ltmp2:
	.loc	3 20 5 prologue_end             @ stm32g4_gpio.c:20:5
	ldr	r0, [sp]
.Ltmp3:
	.loc	3 20 5 is_stmt 0                @ stm32g4_gpio.c:20:5
	cmp	r0, #7
	bhi	.LBB1_2
	b	.LBB1_1
.LBB1_1:
	.loc	3 0 5                           @ stm32g4_gpio.c:0:5
	movs	r0, #1
.Ltmp4:
	.loc	3 21 3 is_stmt 1                @ stm32g4_gpio.c:21:3
	str	r0, [sp, #4]
	b	.LBB1_3
.Ltmp5:
.LBB1_2:
	.loc	3 0 3 is_stmt 0                 @ stm32g4_gpio.c:0:3
	movs	r0, #0
.Ltmp6:
	.loc	3 24 3 is_stmt 1                @ stm32g4_gpio.c:24:3
	str	r0, [sp, #4]
	b	.LBB1_3
.Ltmp7:
.LBB1_3:
	.loc	3 26 1                          @ stm32g4_gpio.c:26:1
	ldr	r0, [sp, #4]
	add	sp, #8
	bx	lr
.Ltmp8:
.Lfunc_end1:
	.size	Check_pin_afmode, .Lfunc_end1-Check_pin_afmode
	.cfi_endproc
	.cantunwind
	.fnend
                                        @ -- End function
	.section	.text.GPIO_Setup,"ax",%progbits
	.hidden	GPIO_Setup                      @ -- Begin function GPIO_Setup
	.globl	GPIO_Setup
	.p2align	2
	.type	GPIO_Setup,%function
	.code	16                              @ @GPIO_Setup
	.thumb_func
GPIO_Setup:
.Lfunc_begin2:
	.loc	3 29 0                          @ stm32g4_gpio.c:29:0
	.fnstart
	.cfi_startproc
@ %bb.0:
	.save	{r7, lr}
	push	{r7, lr}
	.cfi_def_cfa_offset 8
	.cfi_offset lr, -4
	.cfi_offset r7, -8
	.pad	#16
	sub	sp, #16
	.cfi_def_cfa_offset 24
	str	r0, [sp, #12]
.Ltmp9:
	.loc	3 30 21 prologue_end            @ stm32g4_gpio.c:30:21
	ldr	r0, [sp, #12]
	.loc	3 30 28 is_stmt 0               @ stm32g4_gpio.c:30:28
	ldr	r0, [r0, #4]
	.loc	3 30 32                         @ stm32g4_gpio.c:30:32
	lsls	r0, r0, #1
	.loc	3 30 11                         @ stm32g4_gpio.c:30:11
	str	r0, [sp, #8]
	.loc	3 31 37 is_stmt 1               @ stm32g4_gpio.c:31:37
	ldr	r0, [sp, #12]
	.loc	3 31 44 is_stmt 0               @ stm32g4_gpio.c:31:44
	ldr	r0, [r0, #4]
	.loc	3 31 20                         @ stm32g4_gpio.c:31:20
	bl	Check_pin_afmode
	cmp	r0, #0
	it	ne
	movne	r0, #1
	.loc	3 31 7                          @ stm32g4_gpio.c:31:7
	strb.w	r0, [sp, #7]
	.loc	3 34 20 is_stmt 1               @ stm32g4_gpio.c:34:20
	ldr	r0, [sp, #12]
	.loc	3 34 27 is_stmt 0               @ stm32g4_gpio.c:34:27
	ldr	r0, [r0]
	.loc	3 34 2                          @ stm32g4_gpio.c:34:2
	bl	ENABLE_CLOCK_PORT
	.loc	3 37 10 is_stmt 1               @ stm32g4_gpio.c:37:10
	ldr	r0, [sp, #12]
	.loc	3 37 17 is_stmt 0               @ stm32g4_gpio.c:37:17
	ldr	r0, [r0, #8]
	.loc	3 37 2                          @ stm32g4_gpio.c:37:2
	str	r0, [sp]                        @ 4-byte Spill
	cbz	r0, .LBB2_3
	b	.LBB2_1
.LBB2_1:
	ldr	r0, [sp]                        @ 4-byte Reload
	cmp	r0, #1
	beq	.LBB2_4
	b	.LBB2_2
.LBB2_2:
	ldr	r0, [sp]                        @ 4-byte Reload
	cmp	r0, #2
	beq	.LBB2_5
	b	.LBB2_9
.LBB2_3:
.Ltmp10:
	.loc	3 39 4 is_stmt 1                @ stm32g4_gpio.c:39:4
	ldr	r0, [sp, #12]
	ldr	r0, [r0]
	ldr	r0, [r0]
	ldr	r2, [sp, #8]
	movs	r1, #3
	lsls	r1, r2
	bics	r0, r1
	ldr	r1, [sp, #12]
	ldr	r1, [r1]
	str	r0, [r1]
	.loc	3 40 4                          @ stm32g4_gpio.c:40:4
	b	.LBB2_10
.LBB2_4:
	.loc	3 42 4                          @ stm32g4_gpio.c:42:4
	ldr	r0, [sp, #12]
	ldr	r0, [r0]
	ldr	r0, [r0]
	ldr	r2, [sp, #8]
	movs	r1, #3
	lsls	r1, r2
	bics	r0, r1
	movs	r1, #1
	lsls	r1, r2
	orrs	r0, r1
	ldr	r1, [sp, #12]
	ldr	r1, [r1]
	str	r0, [r1]
	.loc	3 43 4                          @ stm32g4_gpio.c:43:4
	b	.LBB2_10
.LBB2_5:
	.loc	3 45 4                          @ stm32g4_gpio.c:45:4
	ldr	r0, [sp, #12]
	ldr	r0, [r0]
	ldr	r0, [r0]
	ldr	r2, [sp, #8]
	movs	r1, #3
	lsls	r1, r2
	bics	r0, r1
	movs	r1, #2
	lsls	r1, r2
	orrs	r0, r1
	ldr	r1, [sp, #12]
	ldr	r1, [r1]
	str	r0, [r1]
.Ltmp11:
	.loc	3 46 7                          @ stm32g4_gpio.c:46:7
	ldrb.w	r0, [sp, #7]
.Ltmp12:
	.loc	3 46 7 is_stmt 0                @ stm32g4_gpio.c:46:7
	lsls	r0, r0, #31
	cbz	r0, .LBB2_7
	b	.LBB2_6
.LBB2_6:
.Ltmp13:
	.loc	3 47 5 is_stmt 1                @ stm32g4_gpio.c:47:5
	ldr	r0, [sp, #12]
	ldr	r0, [r0]
	ldr	r0, [r0, #32]
	bic	r0, r0, #15
	ldr	r1, [sp, #12]
	ldr	r1, [r1, #20]
	ldr	r2, [sp, #8]
	lsls	r2, r2, #1
	lsls	r1, r2
	orrs	r0, r1
	ldr	r1, [sp, #12]
	ldr	r1, [r1]
	str	r0, [r1, #32]
	.loc	3 48 4                          @ stm32g4_gpio.c:48:4
	b	.LBB2_8
.Ltmp14:
.LBB2_7:
	.loc	3 50 5                          @ stm32g4_gpio.c:50:5
	ldr	r0, [sp, #12]
	ldr	r0, [r0]
	ldr	r0, [r0, #36]
	bic	r0, r0, #15
	ldr	r1, [sp, #12]
	ldr	r1, [r1, #20]
	ldr	r2, [sp, #8]
	lsls	r2, r2, #1
	lsls	r1, r2
	orrs	r0, r1
	ldr	r1, [sp, #12]
	ldr	r1, [r1]
	str	r0, [r1, #36]
	b	.LBB2_8
.Ltmp15:
.LBB2_8:
	.loc	3 52 4                          @ stm32g4_gpio.c:52:4
	b	.LBB2_10
.LBB2_9:
	.loc	3 54 4                          @ stm32g4_gpio.c:54:4
	b	.LBB2_10
.Ltmp16:
.LBB2_10:
	.loc	3 57 2                          @ stm32g4_gpio.c:57:2
	ldr	r0, [sp, #12]
	ldr	r0, [r0]
	ldr	r0, [r0, #12]
	ldr	r2, [sp, #8]
	movs	r1, #3
	lsl.w	r2, r1, r2
	bics	r0, r2
	ldr	r2, [sp, #12]
	ldr	r2, [r2, #12]
	ldr	r3, [sp, #8]
	lsls	r2, r3
	orrs	r0, r2
	ldr	r2, [sp, #12]
	ldr	r2, [r2]
	str	r0, [r2, #12]
	.loc	3 58 2                          @ stm32g4_gpio.c:58:2
	ldr	r0, [sp, #12]
	ldr	r0, [r0]
	ldr	r0, [r0, #8]
	ldr	r2, [sp, #8]
	lsls	r1, r2
	orrs	r0, r1
	ldr	r1, [sp, #12]
	ldr	r1, [r1]
	str	r0, [r1, #8]
	.loc	3 59 1                          @ stm32g4_gpio.c:59:1
	add	sp, #16
	pop	{r7, pc}
.Ltmp17:
.Lfunc_end2:
	.size	GPIO_Setup, .Lfunc_end2-GPIO_Setup
	.cfi_endproc
	.cantunwind
	.fnend
                                        @ -- End function
	.section	.text.GPIO_Init,"ax",%progbits
	.hidden	GPIO_Init                       @ -- Begin function GPIO_Init
	.globl	GPIO_Init
	.p2align	2
	.type	GPIO_Init,%function
	.code	16                              @ @GPIO_Init
	.thumb_func
GPIO_Init:
.Lfunc_begin3:
	.loc	3 62 0                          @ stm32g4_gpio.c:62:0
	.fnstart
	.cfi_startproc
@ %bb.0:
	.save	{r7, lr}
	push	{r7, lr}
	.cfi_def_cfa_offset 8
	.cfi_offset lr, -4
	.cfi_offset r7, -8
	.pad	#24
	sub	sp, #24
	.cfi_def_cfa_offset 32
.Ltmp18:
	.loc	3 64 19 prologue_end            @ stm32g4_gpio.c:64:19
	movw	lr, :lower16:.L__const.GPIO_Init.GPIO_Config
	movt	lr, :upper16:.L__const.GPIO_Init.GPIO_Config
	ldr.w	r0, [lr]
	ldr.w	r1, [lr, #4]
	ldr.w	r2, [lr, #8]
	ldr.w	r3, [lr, #12]
	ldr.w	r12, [lr, #16]
	ldr.w	lr, [lr, #20]
	str.w	lr, [sp, #20]
	str.w	r12, [sp, #16]
	str	r3, [sp, #12]
	str	r2, [sp, #8]
	str	r1, [sp, #4]
	str	r0, [sp]
	mov	r0, sp
	.loc	3 71 2                          @ stm32g4_gpio.c:71:2
	bl	GPIO_Setup
	.loc	3 72 1                          @ stm32g4_gpio.c:72:1
	add	sp, #24
	pop	{r7, pc}
.Ltmp19:
.Lfunc_end3:
	.size	GPIO_Init, .Lfunc_end3-GPIO_Init
	.cfi_endproc
	.cantunwind
	.fnend
                                        @ -- End function
	.section	.text.GPIO_Toggle,"ax",%progbits
	.hidden	GPIO_Toggle                     @ -- Begin function GPIO_Toggle
	.globl	GPIO_Toggle
	.p2align	2
	.type	GPIO_Toggle,%function
	.code	16                              @ @GPIO_Toggle
	.thumb_func
GPIO_Toggle:
.Lfunc_begin4:
	.loc	3 75 0                          @ stm32g4_gpio.c:75:0
	.fnstart
	.cfi_startproc
@ %bb.0:
	.pad	#8
	sub	sp, #8
	.cfi_def_cfa_offset 8
	str	r0, [sp, #4]
	str	r1, [sp]
.Ltmp20:
	.loc	3 76 2 prologue_end             @ stm32g4_gpio.c:76:2
	ldr	r1, [sp]
	movs	r0, #1
	lsl.w	r2, r0, r1
	ldr	r1, [sp, #4]
	ldr	r0, [r1, #20]
	eors	r0, r2
	str	r0, [r1, #20]
	.loc	3 77 1                          @ stm32g4_gpio.c:77:1
	add	sp, #8
	bx	lr
.Ltmp21:
.Lfunc_end4:
	.size	GPIO_Toggle, .Lfunc_end4-GPIO_Toggle
	.cfi_endproc
	.cantunwind
	.fnend
                                        @ -- End function
	.type	.L__const.GPIO_Init.GPIO_Config,%object @ @__const.GPIO_Init.GPIO_Config
	.section	.rodata..L__const.GPIO_Init.GPIO_Config,"a",%progbits
	.p2align	2, 0x0
.L__const.GPIO_Init.GPIO_Config:
	.long	1207959552
	.long	5                               @ 0x5
	.long	1                               @ 0x1
	.long	0                               @ 0x0
	.long	3                               @ 0x3
	.long	0                               @ 0x0
	.size	.L__const.GPIO_Init.GPIO_Config, 24

	.file	4 "C:\\Users\\Shenny\\Desktop\\Data\\Embedded_Github\\Public\\STM32_G474RE\\Keil_UV5\\Lesson_1_Blinky" "./stm32g4_gpio.h"
	.file	5 "C:\\Users\\Shenny\\Desktop\\Data\\Embedded_Github\\Public\\STM32_G474RE\\Keil_UV5\\Lesson_1_Blinky" "./stm32g4_defvar.h"
	.section	.debug_abbrev,"",%progbits
	.byte	1                               @ Abbreviation Code
	.byte	17                              @ DW_TAG_compile_unit
	.byte	1                               @ DW_CHILDREN_yes
	.byte	37                              @ DW_AT_producer
	.byte	14                              @ DW_FORM_strp
	.byte	19                              @ DW_AT_language
	.byte	5                               @ DW_FORM_data2
	.byte	3                               @ DW_AT_name
	.byte	14                              @ DW_FORM_strp
	.byte	16                              @ DW_AT_stmt_list
	.byte	23                              @ DW_FORM_sec_offset
	.byte	27                              @ DW_AT_comp_dir
	.byte	14                              @ DW_FORM_strp
	.byte	17                              @ DW_AT_low_pc
	.byte	1                               @ DW_FORM_addr
	.byte	85                              @ DW_AT_ranges
	.byte	23                              @ DW_FORM_sec_offset
	.byte	0                               @ EOM(1)
	.byte	0                               @ EOM(2)
	.byte	2                               @ Abbreviation Code
	.byte	22                              @ DW_TAG_typedef
	.byte	0                               @ DW_CHILDREN_no
	.byte	73                              @ DW_AT_type
	.byte	19                              @ DW_FORM_ref4
	.byte	3                               @ DW_AT_name
	.byte	14                              @ DW_FORM_strp
	.byte	58                              @ DW_AT_decl_file
	.byte	11                              @ DW_FORM_data1
	.byte	59                              @ DW_AT_decl_line
	.byte	11                              @ DW_FORM_data1
	.byte	0                               @ EOM(1)
	.byte	0                               @ EOM(2)
	.byte	3                               @ Abbreviation Code
	.byte	36                              @ DW_TAG_base_type
	.byte	0                               @ DW_CHILDREN_no
	.byte	3                               @ DW_AT_name
	.byte	14                              @ DW_FORM_strp
	.byte	62                              @ DW_AT_encoding
	.byte	11                              @ DW_FORM_data1
	.byte	11                              @ DW_AT_byte_size
	.byte	11                              @ DW_FORM_data1
	.byte	0                               @ EOM(1)
	.byte	0                               @ EOM(2)
	.byte	4                               @ Abbreviation Code
	.byte	15                              @ DW_TAG_pointer_type
	.byte	0                               @ DW_CHILDREN_no
	.byte	73                              @ DW_AT_type
	.byte	19                              @ DW_FORM_ref4
	.byte	0                               @ EOM(1)
	.byte	0                               @ EOM(2)
	.byte	5                               @ Abbreviation Code
	.byte	22                              @ DW_TAG_typedef
	.byte	0                               @ DW_CHILDREN_no
	.byte	73                              @ DW_AT_type
	.byte	19                              @ DW_FORM_ref4
	.byte	3                               @ DW_AT_name
	.byte	14                              @ DW_FORM_strp
	.byte	58                              @ DW_AT_decl_file
	.byte	11                              @ DW_FORM_data1
	.byte	59                              @ DW_AT_decl_line
	.byte	5                               @ DW_FORM_data2
	.byte	0                               @ EOM(1)
	.byte	0                               @ EOM(2)
	.byte	6                               @ Abbreviation Code
	.byte	19                              @ DW_TAG_structure_type
	.byte	1                               @ DW_CHILDREN_yes
	.byte	11                              @ DW_AT_byte_size
	.byte	11                              @ DW_FORM_data1
	.byte	58                              @ DW_AT_decl_file
	.byte	11                              @ DW_FORM_data1
	.byte	59                              @ DW_AT_decl_line
	.byte	5                               @ DW_FORM_data2
	.byte	0                               @ EOM(1)
	.byte	0                               @ EOM(2)
	.byte	7                               @ Abbreviation Code
	.byte	13                              @ DW_TAG_member
	.byte	0                               @ DW_CHILDREN_no
	.byte	3                               @ DW_AT_name
	.byte	14                              @ DW_FORM_strp
	.byte	73                              @ DW_AT_type
	.byte	19                              @ DW_FORM_ref4
	.byte	58                              @ DW_AT_decl_file
	.byte	11                              @ DW_FORM_data1
	.byte	59                              @ DW_AT_decl_line
	.byte	5                               @ DW_FORM_data2
	.byte	56                              @ DW_AT_data_member_location
	.byte	11                              @ DW_FORM_data1
	.byte	0                               @ EOM(1)
	.byte	0                               @ EOM(2)
	.byte	8                               @ Abbreviation Code
	.byte	53                              @ DW_TAG_volatile_type
	.byte	0                               @ DW_CHILDREN_no
	.byte	73                              @ DW_AT_type
	.byte	19                              @ DW_FORM_ref4
	.byte	0                               @ EOM(1)
	.byte	0                               @ EOM(2)
	.byte	9                               @ Abbreviation Code
	.byte	46                              @ DW_TAG_subprogram
	.byte	1                               @ DW_CHILDREN_yes
	.byte	17                              @ DW_AT_low_pc
	.byte	1                               @ DW_FORM_addr
	.byte	18                              @ DW_AT_high_pc
	.byte	6                               @ DW_FORM_data4
	.byte	64                              @ DW_AT_frame_base
	.byte	24                              @ DW_FORM_exprloc
	.byte	3                               @ DW_AT_name
	.byte	14                              @ DW_FORM_strp
	.byte	58                              @ DW_AT_decl_file
	.byte	11                              @ DW_FORM_data1
	.byte	59                              @ DW_AT_decl_line
	.byte	11                              @ DW_FORM_data1
	.byte	39                              @ DW_AT_prototyped
	.byte	25                              @ DW_FORM_flag_present
	.byte	63                              @ DW_AT_external
	.byte	25                              @ DW_FORM_flag_present
	.byte	0                               @ EOM(1)
	.byte	0                               @ EOM(2)
	.byte	10                              @ Abbreviation Code
	.byte	5                               @ DW_TAG_formal_parameter
	.byte	0                               @ DW_CHILDREN_no
	.byte	2                               @ DW_AT_location
	.byte	24                              @ DW_FORM_exprloc
	.byte	3                               @ DW_AT_name
	.byte	14                              @ DW_FORM_strp
	.byte	58                              @ DW_AT_decl_file
	.byte	11                              @ DW_FORM_data1
	.byte	59                              @ DW_AT_decl_line
	.byte	11                              @ DW_FORM_data1
	.byte	73                              @ DW_AT_type
	.byte	19                              @ DW_FORM_ref4
	.byte	0                               @ EOM(1)
	.byte	0                               @ EOM(2)
	.byte	11                              @ Abbreviation Code
	.byte	52                              @ DW_TAG_variable
	.byte	0                               @ DW_CHILDREN_no
	.byte	2                               @ DW_AT_location
	.byte	24                              @ DW_FORM_exprloc
	.byte	3                               @ DW_AT_name
	.byte	14                              @ DW_FORM_strp
	.byte	58                              @ DW_AT_decl_file
	.byte	11                              @ DW_FORM_data1
	.byte	59                              @ DW_AT_decl_line
	.byte	11                              @ DW_FORM_data1
	.byte	73                              @ DW_AT_type
	.byte	19                              @ DW_FORM_ref4
	.byte	0                               @ EOM(1)
	.byte	0                               @ EOM(2)
	.byte	12                              @ Abbreviation Code
	.byte	46                              @ DW_TAG_subprogram
	.byte	1                               @ DW_CHILDREN_yes
	.byte	17                              @ DW_AT_low_pc
	.byte	1                               @ DW_FORM_addr
	.byte	18                              @ DW_AT_high_pc
	.byte	6                               @ DW_FORM_data4
	.byte	64                              @ DW_AT_frame_base
	.byte	24                              @ DW_FORM_exprloc
	.byte	3                               @ DW_AT_name
	.byte	14                              @ DW_FORM_strp
	.byte	58                              @ DW_AT_decl_file
	.byte	11                              @ DW_FORM_data1
	.byte	59                              @ DW_AT_decl_line
	.byte	11                              @ DW_FORM_data1
	.byte	39                              @ DW_AT_prototyped
	.byte	25                              @ DW_FORM_flag_present
	.byte	73                              @ DW_AT_type
	.byte	19                              @ DW_FORM_ref4
	.byte	63                              @ DW_AT_external
	.byte	25                              @ DW_FORM_flag_present
	.byte	0                               @ EOM(1)
	.byte	0                               @ EOM(2)
	.byte	13                              @ Abbreviation Code
	.byte	1                               @ DW_TAG_array_type
	.byte	1                               @ DW_CHILDREN_yes
	.byte	73                              @ DW_AT_type
	.byte	19                              @ DW_FORM_ref4
	.byte	0                               @ EOM(1)
	.byte	0                               @ EOM(2)
	.byte	14                              @ Abbreviation Code
	.byte	33                              @ DW_TAG_subrange_type
	.byte	0                               @ DW_CHILDREN_no
	.byte	73                              @ DW_AT_type
	.byte	19                              @ DW_FORM_ref4
	.byte	55                              @ DW_AT_count
	.byte	11                              @ DW_FORM_data1
	.byte	0                               @ EOM(1)
	.byte	0                               @ EOM(2)
	.byte	15                              @ Abbreviation Code
	.byte	36                              @ DW_TAG_base_type
	.byte	0                               @ DW_CHILDREN_no
	.byte	3                               @ DW_AT_name
	.byte	14                              @ DW_FORM_strp
	.byte	11                              @ DW_AT_byte_size
	.byte	11                              @ DW_FORM_data1
	.byte	62                              @ DW_AT_encoding
	.byte	11                              @ DW_FORM_data1
	.byte	0                               @ EOM(1)
	.byte	0                               @ EOM(2)
	.byte	16                              @ Abbreviation Code
	.byte	19                              @ DW_TAG_structure_type
	.byte	1                               @ DW_CHILDREN_yes
	.byte	11                              @ DW_AT_byte_size
	.byte	11                              @ DW_FORM_data1
	.byte	58                              @ DW_AT_decl_file
	.byte	11                              @ DW_FORM_data1
	.byte	59                              @ DW_AT_decl_line
	.byte	11                              @ DW_FORM_data1
	.byte	0                               @ EOM(1)
	.byte	0                               @ EOM(2)
	.byte	17                              @ Abbreviation Code
	.byte	13                              @ DW_TAG_member
	.byte	0                               @ DW_CHILDREN_no
	.byte	3                               @ DW_AT_name
	.byte	14                              @ DW_FORM_strp
	.byte	73                              @ DW_AT_type
	.byte	19                              @ DW_FORM_ref4
	.byte	58                              @ DW_AT_decl_file
	.byte	11                              @ DW_FORM_data1
	.byte	59                              @ DW_AT_decl_line
	.byte	11                              @ DW_FORM_data1
	.byte	56                              @ DW_AT_data_member_location
	.byte	11                              @ DW_FORM_data1
	.byte	0                               @ EOM(1)
	.byte	0                               @ EOM(2)
	.byte	0                               @ EOM(3)
	.section	.debug_info,"",%progbits
.Lcu_begin0:
	.long	.Ldebug_info_end0-.Ldebug_info_start0 @ Length of Unit
.Ldebug_info_start0:
	.short	4                               @ DWARF version number
	.long	.debug_abbrev                   @ Offset Into Abbrev. Section
	.byte	4                               @ Address Size (in bytes)
	.byte	1                               @ Abbrev [1] 0xb:0x455 DW_TAG_compile_unit
	.long	.Linfo_string0                  @ DW_AT_producer
	.short	12                              @ DW_AT_language
	.long	.Linfo_string1                  @ DW_AT_name
	.long	.Lline_table_start0             @ DW_AT_stmt_list
	.long	.Linfo_string2                  @ DW_AT_comp_dir
	.long	0                               @ DW_AT_low_pc
	.long	.Ldebug_ranges0                 @ DW_AT_ranges
	.byte	2                               @ Abbrev [2] 0x26:0xb DW_TAG_typedef
	.long	49                              @ DW_AT_type
	.long	.Linfo_string4                  @ DW_AT_name
	.byte	1                               @ DW_AT_decl_file
	.byte	64                              @ DW_AT_decl_line
	.byte	3                               @ Abbrev [3] 0x31:0x7 DW_TAG_base_type
	.long	.Linfo_string3                  @ DW_AT_name
	.byte	7                               @ DW_AT_encoding
	.byte	4                               @ DW_AT_byte_size
	.byte	4                               @ Abbrev [4] 0x38:0x5 DW_TAG_pointer_type
	.long	61                              @ DW_AT_type
	.byte	5                               @ Abbrev [5] 0x3d:0xc DW_TAG_typedef
	.long	73                              @ DW_AT_type
	.long	.Linfo_string45                 @ DW_AT_name
	.byte	2                               @ DW_AT_decl_file
	.short	706                             @ DW_AT_decl_line
	.byte	6                               @ Abbrev [6] 0x49:0x20e DW_TAG_structure_type
	.byte	160                             @ DW_AT_byte_size
	.byte	2                               @ DW_AT_decl_file
	.short	664                             @ DW_AT_decl_line
	.byte	7                               @ Abbrev [7] 0x4e:0xd DW_TAG_member
	.long	.Linfo_string5                  @ DW_AT_name
	.long	599                             @ DW_AT_type
	.byte	2                               @ DW_AT_decl_file
	.short	666                             @ DW_AT_decl_line
	.byte	0                               @ DW_AT_data_member_location
	.byte	7                               @ Abbrev [7] 0x5b:0xd DW_TAG_member
	.long	.Linfo_string6                  @ DW_AT_name
	.long	599                             @ DW_AT_type
	.byte	2                               @ DW_AT_decl_file
	.short	667                             @ DW_AT_decl_line
	.byte	4                               @ DW_AT_data_member_location
	.byte	7                               @ Abbrev [7] 0x68:0xd DW_TAG_member
	.long	.Linfo_string7                  @ DW_AT_name
	.long	599                             @ DW_AT_type
	.byte	2                               @ DW_AT_decl_file
	.short	668                             @ DW_AT_decl_line
	.byte	8                               @ DW_AT_data_member_location
	.byte	7                               @ Abbrev [7] 0x75:0xd DW_TAG_member
	.long	.Linfo_string8                  @ DW_AT_name
	.long	599                             @ DW_AT_type
	.byte	2                               @ DW_AT_decl_file
	.short	669                             @ DW_AT_decl_line
	.byte	12                              @ DW_AT_data_member_location
	.byte	7                               @ Abbrev [7] 0x82:0xd DW_TAG_member
	.long	.Linfo_string9                  @ DW_AT_name
	.long	38                              @ DW_AT_type
	.byte	2                               @ DW_AT_decl_file
	.short	670                             @ DW_AT_decl_line
	.byte	16                              @ DW_AT_data_member_location
	.byte	7                               @ Abbrev [7] 0x8f:0xd DW_TAG_member
	.long	.Linfo_string10                 @ DW_AT_name
	.long	38                              @ DW_AT_type
	.byte	2                               @ DW_AT_decl_file
	.short	671                             @ DW_AT_decl_line
	.byte	20                              @ DW_AT_data_member_location
	.byte	7                               @ Abbrev [7] 0x9c:0xd DW_TAG_member
	.long	.Linfo_string11                 @ DW_AT_name
	.long	599                             @ DW_AT_type
	.byte	2                               @ DW_AT_decl_file
	.short	672                             @ DW_AT_decl_line
	.byte	24                              @ DW_AT_data_member_location
	.byte	7                               @ Abbrev [7] 0xa9:0xd DW_TAG_member
	.long	.Linfo_string12                 @ DW_AT_name
	.long	599                             @ DW_AT_type
	.byte	2                               @ DW_AT_decl_file
	.short	673                             @ DW_AT_decl_line
	.byte	28                              @ DW_AT_data_member_location
	.byte	7                               @ Abbrev [7] 0xb6:0xd DW_TAG_member
	.long	.Linfo_string13                 @ DW_AT_name
	.long	599                             @ DW_AT_type
	.byte	2                               @ DW_AT_decl_file
	.short	674                             @ DW_AT_decl_line
	.byte	32                              @ DW_AT_data_member_location
	.byte	7                               @ Abbrev [7] 0xc3:0xd DW_TAG_member
	.long	.Linfo_string14                 @ DW_AT_name
	.long	38                              @ DW_AT_type
	.byte	2                               @ DW_AT_decl_file
	.short	675                             @ DW_AT_decl_line
	.byte	36                              @ DW_AT_data_member_location
	.byte	7                               @ Abbrev [7] 0xd0:0xd DW_TAG_member
	.long	.Linfo_string15                 @ DW_AT_name
	.long	599                             @ DW_AT_type
	.byte	2                               @ DW_AT_decl_file
	.short	676                             @ DW_AT_decl_line
	.byte	40                              @ DW_AT_data_member_location
	.byte	7                               @ Abbrev [7] 0xdd:0xd DW_TAG_member
	.long	.Linfo_string16                 @ DW_AT_name
	.long	599                             @ DW_AT_type
	.byte	2                               @ DW_AT_decl_file
	.short	677                             @ DW_AT_decl_line
	.byte	44                              @ DW_AT_data_member_location
	.byte	7                               @ Abbrev [7] 0xea:0xd DW_TAG_member
	.long	.Linfo_string17                 @ DW_AT_name
	.long	599                             @ DW_AT_type
	.byte	2                               @ DW_AT_decl_file
	.short	678                             @ DW_AT_decl_line
	.byte	48                              @ DW_AT_data_member_location
	.byte	7                               @ Abbrev [7] 0xf7:0xd DW_TAG_member
	.long	.Linfo_string18                 @ DW_AT_name
	.long	38                              @ DW_AT_type
	.byte	2                               @ DW_AT_decl_file
	.short	679                             @ DW_AT_decl_line
	.byte	52                              @ DW_AT_data_member_location
	.byte	7                               @ Abbrev [7] 0x104:0xd DW_TAG_member
	.long	.Linfo_string19                 @ DW_AT_name
	.long	599                             @ DW_AT_type
	.byte	2                               @ DW_AT_decl_file
	.short	680                             @ DW_AT_decl_line
	.byte	56                              @ DW_AT_data_member_location
	.byte	7                               @ Abbrev [7] 0x111:0xd DW_TAG_member
	.long	.Linfo_string20                 @ DW_AT_name
	.long	599                             @ DW_AT_type
	.byte	2                               @ DW_AT_decl_file
	.short	681                             @ DW_AT_decl_line
	.byte	60                              @ DW_AT_data_member_location
	.byte	7                               @ Abbrev [7] 0x11e:0xd DW_TAG_member
	.long	.Linfo_string21                 @ DW_AT_name
	.long	599                             @ DW_AT_type
	.byte	2                               @ DW_AT_decl_file
	.short	682                             @ DW_AT_decl_line
	.byte	64                              @ DW_AT_data_member_location
	.byte	7                               @ Abbrev [7] 0x12b:0xd DW_TAG_member
	.long	.Linfo_string22                 @ DW_AT_name
	.long	38                              @ DW_AT_type
	.byte	2                               @ DW_AT_decl_file
	.short	683                             @ DW_AT_decl_line
	.byte	68                              @ DW_AT_data_member_location
	.byte	7                               @ Abbrev [7] 0x138:0xd DW_TAG_member
	.long	.Linfo_string23                 @ DW_AT_name
	.long	599                             @ DW_AT_type
	.byte	2                               @ DW_AT_decl_file
	.short	684                             @ DW_AT_decl_line
	.byte	72                              @ DW_AT_data_member_location
	.byte	7                               @ Abbrev [7] 0x145:0xd DW_TAG_member
	.long	.Linfo_string24                 @ DW_AT_name
	.long	599                             @ DW_AT_type
	.byte	2                               @ DW_AT_decl_file
	.short	685                             @ DW_AT_decl_line
	.byte	76                              @ DW_AT_data_member_location
	.byte	7                               @ Abbrev [7] 0x152:0xd DW_TAG_member
	.long	.Linfo_string25                 @ DW_AT_name
	.long	599                             @ DW_AT_type
	.byte	2                               @ DW_AT_decl_file
	.short	686                             @ DW_AT_decl_line
	.byte	80                              @ DW_AT_data_member_location
	.byte	7                               @ Abbrev [7] 0x15f:0xd DW_TAG_member
	.long	.Linfo_string26                 @ DW_AT_name
	.long	38                              @ DW_AT_type
	.byte	2                               @ DW_AT_decl_file
	.short	687                             @ DW_AT_decl_line
	.byte	84                              @ DW_AT_data_member_location
	.byte	7                               @ Abbrev [7] 0x16c:0xd DW_TAG_member
	.long	.Linfo_string27                 @ DW_AT_name
	.long	599                             @ DW_AT_type
	.byte	2                               @ DW_AT_decl_file
	.short	688                             @ DW_AT_decl_line
	.byte	88                              @ DW_AT_data_member_location
	.byte	7                               @ Abbrev [7] 0x179:0xd DW_TAG_member
	.long	.Linfo_string28                 @ DW_AT_name
	.long	599                             @ DW_AT_type
	.byte	2                               @ DW_AT_decl_file
	.short	689                             @ DW_AT_decl_line
	.byte	92                              @ DW_AT_data_member_location
	.byte	7                               @ Abbrev [7] 0x186:0xd DW_TAG_member
	.long	.Linfo_string29                 @ DW_AT_name
	.long	599                             @ DW_AT_type
	.byte	2                               @ DW_AT_decl_file
	.short	690                             @ DW_AT_decl_line
	.byte	96                              @ DW_AT_data_member_location
	.byte	7                               @ Abbrev [7] 0x193:0xd DW_TAG_member
	.long	.Linfo_string30                 @ DW_AT_name
	.long	38                              @ DW_AT_type
	.byte	2                               @ DW_AT_decl_file
	.short	691                             @ DW_AT_decl_line
	.byte	100                             @ DW_AT_data_member_location
	.byte	7                               @ Abbrev [7] 0x1a0:0xd DW_TAG_member
	.long	.Linfo_string31                 @ DW_AT_name
	.long	599                             @ DW_AT_type
	.byte	2                               @ DW_AT_decl_file
	.short	692                             @ DW_AT_decl_line
	.byte	104                             @ DW_AT_data_member_location
	.byte	7                               @ Abbrev [7] 0x1ad:0xd DW_TAG_member
	.long	.Linfo_string32                 @ DW_AT_name
	.long	599                             @ DW_AT_type
	.byte	2                               @ DW_AT_decl_file
	.short	693                             @ DW_AT_decl_line
	.byte	108                             @ DW_AT_data_member_location
	.byte	7                               @ Abbrev [7] 0x1ba:0xd DW_TAG_member
	.long	.Linfo_string33                 @ DW_AT_name
	.long	599                             @ DW_AT_type
	.byte	2                               @ DW_AT_decl_file
	.short	694                             @ DW_AT_decl_line
	.byte	112                             @ DW_AT_data_member_location
	.byte	7                               @ Abbrev [7] 0x1c7:0xd DW_TAG_member
	.long	.Linfo_string34                 @ DW_AT_name
	.long	38                              @ DW_AT_type
	.byte	2                               @ DW_AT_decl_file
	.short	695                             @ DW_AT_decl_line
	.byte	116                             @ DW_AT_data_member_location
	.byte	7                               @ Abbrev [7] 0x1d4:0xd DW_TAG_member
	.long	.Linfo_string35                 @ DW_AT_name
	.long	599                             @ DW_AT_type
	.byte	2                               @ DW_AT_decl_file
	.short	696                             @ DW_AT_decl_line
	.byte	120                             @ DW_AT_data_member_location
	.byte	7                               @ Abbrev [7] 0x1e1:0xd DW_TAG_member
	.long	.Linfo_string36                 @ DW_AT_name
	.long	599                             @ DW_AT_type
	.byte	2                               @ DW_AT_decl_file
	.short	697                             @ DW_AT_decl_line
	.byte	124                             @ DW_AT_data_member_location
	.byte	7                               @ Abbrev [7] 0x1ee:0xd DW_TAG_member
	.long	.Linfo_string37                 @ DW_AT_name
	.long	599                             @ DW_AT_type
	.byte	2                               @ DW_AT_decl_file
	.short	698                             @ DW_AT_decl_line
	.byte	128                             @ DW_AT_data_member_location
	.byte	7                               @ Abbrev [7] 0x1fb:0xd DW_TAG_member
	.long	.Linfo_string38                 @ DW_AT_name
	.long	38                              @ DW_AT_type
	.byte	2                               @ DW_AT_decl_file
	.short	699                             @ DW_AT_decl_line
	.byte	132                             @ DW_AT_data_member_location
	.byte	7                               @ Abbrev [7] 0x208:0xd DW_TAG_member
	.long	.Linfo_string39                 @ DW_AT_name
	.long	599                             @ DW_AT_type
	.byte	2                               @ DW_AT_decl_file
	.short	700                             @ DW_AT_decl_line
	.byte	136                             @ DW_AT_data_member_location
	.byte	7                               @ Abbrev [7] 0x215:0xd DW_TAG_member
	.long	.Linfo_string40                 @ DW_AT_name
	.long	38                              @ DW_AT_type
	.byte	2                               @ DW_AT_decl_file
	.short	701                             @ DW_AT_decl_line
	.byte	140                             @ DW_AT_data_member_location
	.byte	7                               @ Abbrev [7] 0x222:0xd DW_TAG_member
	.long	.Linfo_string41                 @ DW_AT_name
	.long	599                             @ DW_AT_type
	.byte	2                               @ DW_AT_decl_file
	.short	702                             @ DW_AT_decl_line
	.byte	144                             @ DW_AT_data_member_location
	.byte	7                               @ Abbrev [7] 0x22f:0xd DW_TAG_member
	.long	.Linfo_string42                 @ DW_AT_name
	.long	599                             @ DW_AT_type
	.byte	2                               @ DW_AT_decl_file
	.short	703                             @ DW_AT_decl_line
	.byte	148                             @ DW_AT_data_member_location
	.byte	7                               @ Abbrev [7] 0x23c:0xd DW_TAG_member
	.long	.Linfo_string43                 @ DW_AT_name
	.long	599                             @ DW_AT_type
	.byte	2                               @ DW_AT_decl_file
	.short	704                             @ DW_AT_decl_line
	.byte	152                             @ DW_AT_data_member_location
	.byte	7                               @ Abbrev [7] 0x249:0xd DW_TAG_member
	.long	.Linfo_string44                 @ DW_AT_name
	.long	599                             @ DW_AT_type
	.byte	2                               @ DW_AT_decl_file
	.short	705                             @ DW_AT_decl_line
	.byte	156                             @ DW_AT_data_member_location
	.byte	0                               @ End Of Children Mark
	.byte	8                               @ Abbrev [8] 0x257:0x5 DW_TAG_volatile_type
	.long	38                              @ DW_AT_type
	.byte	9                               @ Abbrev [9] 0x25c:0x2e DW_TAG_subprogram
	.long	.Lfunc_begin0                   @ DW_AT_low_pc
	.long	.Lfunc_end0-.Lfunc_begin0       @ DW_AT_high_pc
	.byte	1                               @ DW_AT_frame_base
	.byte	93
	.long	.Linfo_string46                 @ DW_AT_name
	.byte	3                               @ DW_AT_decl_file
	.byte	12                              @ DW_AT_decl_line
                                        @ DW_AT_prototyped
                                        @ DW_AT_external
	.byte	10                              @ Abbrev [10] 0x26d:0xe DW_TAG_formal_parameter
	.byte	2                               @ DW_AT_location
	.byte	145
	.byte	4
	.long	.Linfo_string52                 @ DW_AT_name
	.byte	3                               @ DW_AT_decl_file
	.byte	12                              @ DW_AT_decl_line
	.long	831                             @ DW_AT_type
	.byte	11                              @ Abbrev [11] 0x27b:0xe DW_TAG_variable
	.byte	2                               @ DW_AT_location
	.byte	145
	.byte	0
	.long	.Linfo_string65                 @ DW_AT_name
	.byte	3                               @ DW_AT_decl_file
	.byte	14                              @ DW_AT_decl_line
	.long	38                              @ DW_AT_type
	.byte	0                               @ End Of Children Mark
	.byte	12                              @ Abbrev [12] 0x28a:0x24 DW_TAG_subprogram
	.long	.Lfunc_begin1                   @ DW_AT_low_pc
	.long	.Lfunc_end1-.Lfunc_begin1       @ DW_AT_high_pc
	.byte	1                               @ DW_AT_frame_base
	.byte	93
	.long	.Linfo_string47                 @ DW_AT_name
	.byte	3                               @ DW_AT_decl_file
	.byte	18                              @ DW_AT_decl_line
                                        @ DW_AT_prototyped
	.long	824                             @ DW_AT_type
                                        @ DW_AT_external
	.byte	10                              @ Abbrev [10] 0x29f:0xe DW_TAG_formal_parameter
	.byte	2                               @ DW_AT_location
	.byte	145
	.byte	0
	.long	.Linfo_string66                 @ DW_AT_name
	.byte	3                               @ DW_AT_decl_file
	.byte	18                              @ DW_AT_decl_line
	.long	38                              @ DW_AT_type
	.byte	0                               @ End Of Children Mark
	.byte	9                               @ Abbrev [9] 0x2ae:0x3c DW_TAG_subprogram
	.long	.Lfunc_begin2                   @ DW_AT_low_pc
	.long	.Lfunc_end2-.Lfunc_begin2       @ DW_AT_high_pc
	.byte	1                               @ DW_AT_frame_base
	.byte	93
	.long	.Linfo_string49                 @ DW_AT_name
	.byte	3                               @ DW_AT_decl_file
	.byte	28                              @ DW_AT_decl_line
                                        @ DW_AT_prototyped
                                        @ DW_AT_external
	.byte	10                              @ Abbrev [10] 0x2bf:0xe DW_TAG_formal_parameter
	.byte	2                               @ DW_AT_location
	.byte	145
	.byte	12
	.long	.Linfo_string67                 @ DW_AT_name
	.byte	3                               @ DW_AT_decl_file
	.byte	28                              @ DW_AT_decl_line
	.long	1003                            @ DW_AT_type
	.byte	11                              @ Abbrev [11] 0x2cd:0xe DW_TAG_variable
	.byte	2                               @ DW_AT_location
	.byte	145
	.byte	8
	.long	.Linfo_string76                 @ DW_AT_name
	.byte	3                               @ DW_AT_decl_file
	.byte	30                              @ DW_AT_decl_line
	.long	38                              @ DW_AT_type
	.byte	11                              @ Abbrev [11] 0x2db:0xe DW_TAG_variable
	.byte	2                               @ DW_AT_location
	.byte	145
	.byte	7
	.long	.Linfo_string77                 @ DW_AT_name
	.byte	3                               @ DW_AT_decl_file
	.byte	31                              @ DW_AT_decl_line
	.long	1112                            @ DW_AT_type
	.byte	0                               @ End Of Children Mark
	.byte	9                               @ Abbrev [9] 0x2ea:0x20 DW_TAG_subprogram
	.long	.Lfunc_begin3                   @ DW_AT_low_pc
	.long	.Lfunc_end3-.Lfunc_begin3       @ DW_AT_high_pc
	.byte	1                               @ DW_AT_frame_base
	.byte	93
	.long	.Linfo_string50                 @ DW_AT_name
	.byte	3                               @ DW_AT_decl_file
	.byte	61                              @ DW_AT_decl_line
                                        @ DW_AT_prototyped
                                        @ DW_AT_external
	.byte	11                              @ Abbrev [11] 0x2fb:0xe DW_TAG_variable
	.byte	2                               @ DW_AT_location
	.byte	145
	.byte	0
	.long	.Linfo_string79                 @ DW_AT_name
	.byte	3                               @ DW_AT_decl_file
	.byte	64                              @ DW_AT_decl_line
	.long	1008                            @ DW_AT_type
	.byte	0                               @ End Of Children Mark
	.byte	9                               @ Abbrev [9] 0x30a:0x2e DW_TAG_subprogram
	.long	.Lfunc_begin4                   @ DW_AT_low_pc
	.long	.Lfunc_end4-.Lfunc_begin4       @ DW_AT_high_pc
	.byte	1                               @ DW_AT_frame_base
	.byte	93
	.long	.Linfo_string51                 @ DW_AT_name
	.byte	3                               @ DW_AT_decl_file
	.byte	74                              @ DW_AT_decl_line
                                        @ DW_AT_prototyped
                                        @ DW_AT_external
	.byte	10                              @ Abbrev [10] 0x31b:0xe DW_TAG_formal_parameter
	.byte	2                               @ DW_AT_location
	.byte	145
	.byte	4
	.long	.Linfo_string67                 @ DW_AT_name
	.byte	3                               @ DW_AT_decl_file
	.byte	74                              @ DW_AT_decl_line
	.long	831                             @ DW_AT_type
	.byte	10                              @ Abbrev [10] 0x329:0xe DW_TAG_formal_parameter
	.byte	2                               @ DW_AT_location
	.byte	145
	.byte	0
	.long	.Linfo_string69                 @ DW_AT_name
	.byte	3                               @ DW_AT_decl_file
	.byte	74                              @ DW_AT_decl_line
	.long	38                              @ DW_AT_type
	.byte	0                               @ End Of Children Mark
	.byte	3                               @ Abbrev [3] 0x338:0x7 DW_TAG_base_type
	.long	.Linfo_string48                 @ DW_AT_name
	.byte	5                               @ DW_AT_encoding
	.byte	4                               @ DW_AT_byte_size
	.byte	4                               @ Abbrev [4] 0x33f:0x5 DW_TAG_pointer_type
	.long	836                             @ DW_AT_type
	.byte	5                               @ Abbrev [5] 0x344:0xc DW_TAG_typedef
	.long	848                             @ DW_AT_type
	.long	.Linfo_string64                 @ DW_AT_name
	.byte	2                               @ DW_AT_decl_file
	.short	545                             @ DW_AT_decl_line
	.byte	6                               @ Abbrev [6] 0x350:0x88 DW_TAG_structure_type
	.byte	44                              @ DW_AT_byte_size
	.byte	2                               @ DW_AT_decl_file
	.short	533                             @ DW_AT_decl_line
	.byte	7                               @ Abbrev [7] 0x355:0xd DW_TAG_member
	.long	.Linfo_string53                 @ DW_AT_name
	.long	599                             @ DW_AT_type
	.byte	2                               @ DW_AT_decl_file
	.short	535                             @ DW_AT_decl_line
	.byte	0                               @ DW_AT_data_member_location
	.byte	7                               @ Abbrev [7] 0x362:0xd DW_TAG_member
	.long	.Linfo_string54                 @ DW_AT_name
	.long	599                             @ DW_AT_type
	.byte	2                               @ DW_AT_decl_file
	.short	536                             @ DW_AT_decl_line
	.byte	4                               @ DW_AT_data_member_location
	.byte	7                               @ Abbrev [7] 0x36f:0xd DW_TAG_member
	.long	.Linfo_string55                 @ DW_AT_name
	.long	599                             @ DW_AT_type
	.byte	2                               @ DW_AT_decl_file
	.short	537                             @ DW_AT_decl_line
	.byte	8                               @ DW_AT_data_member_location
	.byte	7                               @ Abbrev [7] 0x37c:0xd DW_TAG_member
	.long	.Linfo_string56                 @ DW_AT_name
	.long	599                             @ DW_AT_type
	.byte	2                               @ DW_AT_decl_file
	.short	538                             @ DW_AT_decl_line
	.byte	12                              @ DW_AT_data_member_location
	.byte	7                               @ Abbrev [7] 0x389:0xd DW_TAG_member
	.long	.Linfo_string57                 @ DW_AT_name
	.long	599                             @ DW_AT_type
	.byte	2                               @ DW_AT_decl_file
	.short	539                             @ DW_AT_decl_line
	.byte	16                              @ DW_AT_data_member_location
	.byte	7                               @ Abbrev [7] 0x396:0xd DW_TAG_member
	.long	.Linfo_string58                 @ DW_AT_name
	.long	599                             @ DW_AT_type
	.byte	2                               @ DW_AT_decl_file
	.short	540                             @ DW_AT_decl_line
	.byte	20                              @ DW_AT_data_member_location
	.byte	7                               @ Abbrev [7] 0x3a3:0xd DW_TAG_member
	.long	.Linfo_string59                 @ DW_AT_name
	.long	599                             @ DW_AT_type
	.byte	2                               @ DW_AT_decl_file
	.short	541                             @ DW_AT_decl_line
	.byte	24                              @ DW_AT_data_member_location
	.byte	7                               @ Abbrev [7] 0x3b0:0xd DW_TAG_member
	.long	.Linfo_string60                 @ DW_AT_name
	.long	599                             @ DW_AT_type
	.byte	2                               @ DW_AT_decl_file
	.short	542                             @ DW_AT_decl_line
	.byte	28                              @ DW_AT_data_member_location
	.byte	7                               @ Abbrev [7] 0x3bd:0xd DW_TAG_member
	.long	.Linfo_string61                 @ DW_AT_name
	.long	984                             @ DW_AT_type
	.byte	2                               @ DW_AT_decl_file
	.short	543                             @ DW_AT_decl_line
	.byte	32                              @ DW_AT_data_member_location
	.byte	7                               @ Abbrev [7] 0x3ca:0xd DW_TAG_member
	.long	.Linfo_string63                 @ DW_AT_name
	.long	599                             @ DW_AT_type
	.byte	2                               @ DW_AT_decl_file
	.short	544                             @ DW_AT_decl_line
	.byte	40                              @ DW_AT_data_member_location
	.byte	0                               @ End Of Children Mark
	.byte	13                              @ Abbrev [13] 0x3d8:0xc DW_TAG_array_type
	.long	599                             @ DW_AT_type
	.byte	14                              @ Abbrev [14] 0x3dd:0x6 DW_TAG_subrange_type
	.long	996                             @ DW_AT_type
	.byte	2                               @ DW_AT_count
	.byte	0                               @ End Of Children Mark
	.byte	15                              @ Abbrev [15] 0x3e4:0x7 DW_TAG_base_type
	.long	.Linfo_string62                 @ DW_AT_name
	.byte	8                               @ DW_AT_byte_size
	.byte	7                               @ DW_AT_encoding
	.byte	4                               @ Abbrev [4] 0x3eb:0x5 DW_TAG_pointer_type
	.long	1008                            @ DW_AT_type
	.byte	2                               @ Abbrev [2] 0x3f0:0xb DW_TAG_typedef
	.long	1019                            @ DW_AT_type
	.long	.Linfo_string75                 @ DW_AT_name
	.byte	4                               @ DW_AT_decl_file
	.byte	23                              @ DW_AT_decl_line
	.byte	16                              @ Abbrev [16] 0x3fb:0x4d DW_TAG_structure_type
	.byte	24                              @ DW_AT_byte_size
	.byte	4                               @ DW_AT_decl_file
	.byte	15                              @ DW_AT_decl_line
	.byte	17                              @ Abbrev [17] 0x3ff:0xc DW_TAG_member
	.long	.Linfo_string68                 @ DW_AT_name
	.long	831                             @ DW_AT_type
	.byte	4                               @ DW_AT_decl_file
	.byte	17                              @ DW_AT_decl_line
	.byte	0                               @ DW_AT_data_member_location
	.byte	17                              @ Abbrev [17] 0x40b:0xc DW_TAG_member
	.long	.Linfo_string69                 @ DW_AT_name
	.long	1096                            @ DW_AT_type
	.byte	4                               @ DW_AT_decl_file
	.byte	18                              @ DW_AT_decl_line
	.byte	4                               @ DW_AT_data_member_location
	.byte	17                              @ Abbrev [17] 0x417:0xc DW_TAG_member
	.long	.Linfo_string71                 @ DW_AT_name
	.long	1096                            @ DW_AT_type
	.byte	4                               @ DW_AT_decl_file
	.byte	19                              @ DW_AT_decl_line
	.byte	8                               @ DW_AT_data_member_location
	.byte	17                              @ Abbrev [17] 0x423:0xc DW_TAG_member
	.long	.Linfo_string72                 @ DW_AT_name
	.long	1096                            @ DW_AT_type
	.byte	4                               @ DW_AT_decl_file
	.byte	20                              @ DW_AT_decl_line
	.byte	12                              @ DW_AT_data_member_location
	.byte	17                              @ Abbrev [17] 0x42f:0xc DW_TAG_member
	.long	.Linfo_string73                 @ DW_AT_name
	.long	1096                            @ DW_AT_type
	.byte	4                               @ DW_AT_decl_file
	.byte	21                              @ DW_AT_decl_line
	.byte	16                              @ DW_AT_data_member_location
	.byte	17                              @ Abbrev [17] 0x43b:0xc DW_TAG_member
	.long	.Linfo_string74                 @ DW_AT_name
	.long	1096                            @ DW_AT_type
	.byte	4                               @ DW_AT_decl_file
	.byte	22                              @ DW_AT_decl_line
	.byte	20                              @ DW_AT_data_member_location
	.byte	0                               @ End Of Children Mark
	.byte	2                               @ Abbrev [2] 0x448:0xb DW_TAG_typedef
	.long	1107                            @ DW_AT_type
	.long	.Linfo_string70                 @ DW_AT_name
	.byte	5                               @ DW_AT_decl_file
	.byte	29                              @ DW_AT_decl_line
	.byte	8                               @ Abbrev [8] 0x453:0x5 DW_TAG_volatile_type
	.long	49                              @ DW_AT_type
	.byte	3                               @ Abbrev [3] 0x458:0x7 DW_TAG_base_type
	.long	.Linfo_string78                 @ DW_AT_name
	.byte	2                               @ DW_AT_encoding
	.byte	1                               @ DW_AT_byte_size
	.byte	0                               @ End Of Children Mark
.Ldebug_info_end0:
	.section	.debug_ranges,"",%progbits
.Ldebug_ranges0:
	.long	.Lfunc_begin0
	.long	.Lfunc_end0
	.long	.Lfunc_begin1
	.long	.Lfunc_end1
	.long	.Lfunc_begin2
	.long	.Lfunc_end2
	.long	.Lfunc_begin3
	.long	.Lfunc_end3
	.long	.Lfunc_begin4
	.long	.Lfunc_end4
	.long	0
	.long	0
	.section	.debug_str,"MS",%progbits,1
.Linfo_string0:
	.asciz	"Component: Arm Compiler for Embedded 6.19 Tool: armclang [5e73cb00]" @ string offset=0
.Linfo_string1:
	.asciz	"stm32g4_gpio.c"                @ string offset=68
.Linfo_string2:
	.asciz	"C:\\Users\\Shenny\\Desktop\\Data\\Embedded_Github\\Public\\STM32_G474RE\\Keil_UV5\\Lesson_1_Blinky" @ string offset=83
.Linfo_string3:
	.asciz	"unsigned int"                  @ string offset=173
.Linfo_string4:
	.asciz	"uint32_t"                      @ string offset=186
.Linfo_string5:
	.asciz	"CR"                            @ string offset=195
.Linfo_string6:
	.asciz	"ICSCR"                         @ string offset=198
.Linfo_string7:
	.asciz	"CFGR"                          @ string offset=204
.Linfo_string8:
	.asciz	"PLLCFGR"                       @ string offset=209
.Linfo_string9:
	.asciz	"RESERVED0"                     @ string offset=217
.Linfo_string10:
	.asciz	"RESERVED1"                     @ string offset=227
.Linfo_string11:
	.asciz	"CIER"                          @ string offset=237
.Linfo_string12:
	.asciz	"CIFR"                          @ string offset=242
.Linfo_string13:
	.asciz	"CICR"                          @ string offset=247
.Linfo_string14:
	.asciz	"RESERVED2"                     @ string offset=252
.Linfo_string15:
	.asciz	"AHB1RSTR"                      @ string offset=262
.Linfo_string16:
	.asciz	"AHB2RSTR"                      @ string offset=271
.Linfo_string17:
	.asciz	"AHB3RSTR"                      @ string offset=280
.Linfo_string18:
	.asciz	"RESERVED3"                     @ string offset=289
.Linfo_string19:
	.asciz	"APB1RSTR1"                     @ string offset=299
.Linfo_string20:
	.asciz	"APB1RSTR2"                     @ string offset=309
.Linfo_string21:
	.asciz	"APB2RSTR"                      @ string offset=319
.Linfo_string22:
	.asciz	"RESERVED4"                     @ string offset=328
.Linfo_string23:
	.asciz	"AHB1ENR"                       @ string offset=338
.Linfo_string24:
	.asciz	"AHB2ENR"                       @ string offset=346
.Linfo_string25:
	.asciz	"AHB3ENR"                       @ string offset=354
.Linfo_string26:
	.asciz	"RESERVED5"                     @ string offset=362
.Linfo_string27:
	.asciz	"APB1ENR1"                      @ string offset=372
.Linfo_string28:
	.asciz	"APB1ENR2"                      @ string offset=381
.Linfo_string29:
	.asciz	"APB2ENR"                       @ string offset=390
.Linfo_string30:
	.asciz	"RESERVED6"                     @ string offset=398
.Linfo_string31:
	.asciz	"AHB1SMENR"                     @ string offset=408
.Linfo_string32:
	.asciz	"AHB2SMENR"                     @ string offset=418
.Linfo_string33:
	.asciz	"AHB3SMENR"                     @ string offset=428
.Linfo_string34:
	.asciz	"RESERVED7"                     @ string offset=438
.Linfo_string35:
	.asciz	"APB1SMENR1"                    @ string offset=448
.Linfo_string36:
	.asciz	"APB1SMENR2"                    @ string offset=459
.Linfo_string37:
	.asciz	"APB2SMENR"                     @ string offset=470
.Linfo_string38:
	.asciz	"RESERVED8"                     @ string offset=480
.Linfo_string39:
	.asciz	"CCIPR"                         @ string offset=490
.Linfo_string40:
	.asciz	"RESERVED9"                     @ string offset=496
.Linfo_string41:
	.asciz	"BDCR"                          @ string offset=506
.Linfo_string42:
	.asciz	"CSR"                           @ string offset=511
.Linfo_string43:
	.asciz	"CRRCR"                         @ string offset=515
.Linfo_string44:
	.asciz	"CCIPR2"                        @ string offset=521
.Linfo_string45:
	.asciz	"RCC_TypeDef"                   @ string offset=528
.Linfo_string46:
	.asciz	"ENABLE_CLOCK_PORT"             @ string offset=540
.Linfo_string47:
	.asciz	"Check_pin_afmode"              @ string offset=558
.Linfo_string48:
	.asciz	"int"                           @ string offset=575
.Linfo_string49:
	.asciz	"GPIO_Setup"                    @ string offset=579
.Linfo_string50:
	.asciz	"GPIO_Init"                     @ string offset=590
.Linfo_string51:
	.asciz	"GPIO_Toggle"                   @ string offset=600
.Linfo_string52:
	.asciz	"PORT_GPIO"                     @ string offset=612
.Linfo_string53:
	.asciz	"MODER"                         @ string offset=622
.Linfo_string54:
	.asciz	"OTYPER"                        @ string offset=628
.Linfo_string55:
	.asciz	"OSPEEDR"                       @ string offset=635
.Linfo_string56:
	.asciz	"PUPDR"                         @ string offset=643
.Linfo_string57:
	.asciz	"IDR"                           @ string offset=649
.Linfo_string58:
	.asciz	"ODR"                           @ string offset=653
.Linfo_string59:
	.asciz	"BSRR"                          @ string offset=657
.Linfo_string60:
	.asciz	"LCKR"                          @ string offset=662
.Linfo_string61:
	.asciz	"AFR"                           @ string offset=667
.Linfo_string62:
	.asciz	"__ARRAY_SIZE_TYPE__"           @ string offset=671
.Linfo_string63:
	.asciz	"BRR"                           @ string offset=691
.Linfo_string64:
	.asciz	"GPIO_TypeDef"                  @ string offset=695
.Linfo_string65:
	.asciz	"gpio_pos"                      @ string offset=708
.Linfo_string66:
	.asciz	"gpio"                          @ string offset=717
.Linfo_string67:
	.asciz	"GPIOx"                         @ string offset=722
.Linfo_string68:
	.asciz	"Port"                          @ string offset=728
.Linfo_string69:
	.asciz	"Pin"                           @ string offset=733
.Linfo_string70:
	.asciz	"v_uint32_t"                    @ string offset=737
.Linfo_string71:
	.asciz	"Mode"                          @ string offset=748
.Linfo_string72:
	.asciz	"Pull"                          @ string offset=753
.Linfo_string73:
	.asciz	"Speed"                         @ string offset=758
.Linfo_string74:
	.asciz	"Alternate"                     @ string offset=764
.Linfo_string75:
	.asciz	"GPIO_InitTypeDef"              @ string offset=774
.Linfo_string76:
	.asciz	"positon"                       @ string offset=791
.Linfo_string77:
	.asciz	"pin_afmode"                    @ string offset=799
.Linfo_string78:
	.asciz	"_Bool"                         @ string offset=810
.Linfo_string79:
	.asciz	"GPIO_Config"                   @ string offset=816
	.ident	"Component: Arm Compiler for Embedded 6.19 Tool: armclang [5e73cb00]"
	.section	".note.GNU-stack","",%progbits
	.eabi_attribute	30, 6	@ Tag_ABI_optimization_goals
	.ARM_attribute	16, 1	@ Tag_AV_eba
	.section	.debug_line,"",%progbits
.Lline_table_start0:
