	.text
	.syntax unified
	.eabi_attribute	67, "2.09"	@ Tag_conformance
	.cpu	cortex-m4
	.eabi_attribute	6, 13	@ Tag_CPU_arch
	.eabi_attribute	7, 77	@ Tag_CPU_arch_profile
	.eabi_attribute	8, 0	@ Tag_ARM_ISA_use
	.eabi_attribute	9, 2	@ Tag_THUMB_ISA_use
	.fpu	fpv4-sp-d16
	.eabi_attribute	27, 1	@ Tag_ABI_HardFP_use
	.eabi_attribute	36, 1	@ Tag_FP_HP_extension
	.eabi_attribute	34, 1	@ Tag_CPU_unaligned_access
	.eabi_attribute	17, 1	@ Tag_ABI_PCS_GOT_use
	.eabi_attribute	20, 2	@ Tag_ABI_FP_denormal
	.eabi_attribute	21, 0	@ Tag_ABI_FP_exceptions
	.eabi_attribute	23, 1	@ Tag_ABI_FP_number_model
	.eabi_attribute	24, 1	@ Tag_ABI_align_needed
	.eabi_attribute	25, 1	@ Tag_ABI_align_preserved
	.eabi_attribute	28, 1	@ Tag_ABI_VFP_args
	.eabi_attribute	38, 1	@ Tag_ABI_FP_16bit_format
	.eabi_attribute	18, 2	@ Tag_ABI_PCS_wchar_t
	.eabi_attribute	26, 1	@ Tag_ABI_enum_size
	.eabi_attribute	14, 0	@ Tag_ABI_PCS_R9_use
	.file	"system_stm32g4xx.c"
	.file	1 "C:\\Keil_v5\\ARM\\ARMCLANG\\Bin\\..\\include" "stdint.h"
	.file	2 "C:\\Users\\Shenny\\Desktop\\Data\\Embedded_Github\\Public\\STM32_G474RE\\Keil_UV5\\Lesson_1_Blinky" "system_stm32g4xx.c"
	.file	3 "C:/Users/Shenny/AppData/Local/Arm/Packs/ARM/CMSIS/5.9.0/CMSIS/Core/Include" "core_cm4.h"
	.file	4 "C:/Users/Shenny/AppData/Local/Arm/Packs/Keil/STM32G4xx_DFP/1.5.0/Drivers/CMSIS/Device/ST/STM32G4xx/Include" "stm32g474xx.h"
	.section	.text.SystemInit,"ax",%progbits
	.hidden	SystemInit                      @ -- Begin function SystemInit
	.globl	SystemInit
	.p2align	2
	.type	SystemInit,%function
	.code	16                              @ @SystemInit
	.thumb_func
SystemInit:
.Lfunc_begin0:
	.loc	2 180 0                         @ system_stm32g4xx.c:180:0
	.fnstart
	.cfi_sections .debug_frame
	.cfi_startproc
@ %bb.0:
	movw	r1, #60808
	movt	r1, #57344
.Ltmp0:
	.loc	2 183 16 prologue_end           @ system_stm32g4xx.c:183:16
	ldr	r0, [r1]
	orr	r0, r0, #15728640
	str	r0, [r1]
	.loc	2 190 1                         @ system_stm32g4xx.c:190:1
	bx	lr
.Ltmp1:
.Lfunc_end0:
	.size	SystemInit, .Lfunc_end0-SystemInit
	.cfi_endproc
	.cantunwind
	.fnend
                                        @ -- End function
	.section	.text.SystemCoreClockUpdate,"ax",%progbits
	.hidden	SystemCoreClockUpdate           @ -- Begin function SystemCoreClockUpdate
	.globl	SystemCoreClockUpdate
	.p2align	2
	.type	SystemCoreClockUpdate,%function
	.code	16                              @ @SystemCoreClockUpdate
	.thumb_func
SystemCoreClockUpdate:
.Lfunc_begin1:
	.loc	2 229 0                         @ system_stm32g4xx.c:229:0
	.fnstart
	.cfi_startproc
@ %bb.0:
	.pad	#24
	sub	sp, #24
	.cfi_def_cfa_offset 24
	movw	r0, #4104
	movt	r0, #16386
.Ltmp2:
	.loc	2 233 16 prologue_end           @ system_stm32g4xx.c:233:16
	ldr	r0, [r0]
	.loc	2 233 21 is_stmt 0              @ system_stm32g4xx.c:233:21
	and	r0, r0, #12
	.loc	2 233 3                         @ system_stm32g4xx.c:233:3
	mov	r1, r0
	str	r1, [sp]                        @ 4-byte Spill
	cmp	r0, #4
	beq	.LBB1_3
	b	.LBB1_1
.LBB1_1:
	ldr	r0, [sp]                        @ 4-byte Reload
	cmp	r0, #8
	beq	.LBB1_4
	b	.LBB1_2
.LBB1_2:
	ldr	r0, [sp]                        @ 4-byte Reload
	cmp	r0, #12
	beq	.LBB1_5
	b	.LBB1_9
.LBB1_3:
.Ltmp3:
	.loc	2 236 23 is_stmt 1              @ system_stm32g4xx.c:236:23
	movw	r1, :lower16:SystemCoreClock
	movt	r1, :upper16:SystemCoreClock
	movw	r0, #9216
	movt	r0, #244
	str	r0, [r1]
	.loc	2 237 7                         @ system_stm32g4xx.c:237:7
	b	.LBB1_10
.LBB1_4:
	.loc	2 240 23                        @ system_stm32g4xx.c:240:23
	movw	r1, :lower16:SystemCoreClock
	movt	r1, :upper16:SystemCoreClock
	movw	r0, #13824
	movt	r0, #366
	str	r0, [r1]
	.loc	2 241 7                         @ system_stm32g4xx.c:241:7
	b	.LBB1_10
.LBB1_5:
	.loc	2 0 7 is_stmt 0                 @ system_stm32g4xx.c:0:7
	movw	r0, #4108
	movt	r0, #16386
	.loc	2 247 25 is_stmt 1              @ system_stm32g4xx.c:247:25
	ldr	r1, [r0]
	.loc	2 247 33 is_stmt 0              @ system_stm32g4xx.c:247:33
	and	r1, r1, #3
	.loc	2 247 17                        @ system_stm32g4xx.c:247:17
	str	r1, [sp, #8]
	.loc	2 248 21 is_stmt 1              @ system_stm32g4xx.c:248:21
	ldr	r0, [r0]
	.loc	2 248 29 is_stmt 0              @ system_stm32g4xx.c:248:29
	uxtb	r1, r0
	movs	r0, #1
	.loc	2 248 55                        @ system_stm32g4xx.c:248:55
	add.w	r0, r0, r1, lsr #4
	.loc	2 248 12                        @ system_stm32g4xx.c:248:12
	str	r0, [sp, #4]
.Ltmp4:
	.loc	2 249 11 is_stmt 1              @ system_stm32g4xx.c:249:11
	ldr	r0, [sp, #8]
.Ltmp5:
	.loc	2 249 11 is_stmt 0              @ system_stm32g4xx.c:249:11
	cmp	r0, #2
	bne	.LBB1_7
	b	.LBB1_6
.LBB1_6:
.Ltmp6:
	.loc	2 251 31 is_stmt 1              @ system_stm32g4xx.c:251:31
	ldr	r1, [sp, #4]
	movw	r0, #9216
	movt	r0, #244
	.loc	2 251 29 is_stmt 0              @ system_stm32g4xx.c:251:29
	udiv	r0, r0, r1
	.loc	2 251 16                        @ system_stm32g4xx.c:251:16
	str	r0, [sp, #16]
	.loc	2 252 7 is_stmt 1               @ system_stm32g4xx.c:252:7
	b	.LBB1_8
.Ltmp7:
.LBB1_7:
	.loc	2 255 31                        @ system_stm32g4xx.c:255:31
	ldr	r1, [sp, #4]
	movw	r0, #13824
	movt	r0, #366
	.loc	2 255 29 is_stmt 0              @ system_stm32g4xx.c:255:29
	udiv	r0, r0, r1
	.loc	2 255 16                        @ system_stm32g4xx.c:255:16
	str	r0, [sp, #16]
	b	.LBB1_8
.Ltmp8:
.LBB1_8:
	.loc	2 257 16 is_stmt 1              @ system_stm32g4xx.c:257:16
	ldr	r1, [sp, #16]
	movw	r0, #4108
	movt	r0, #16386
	.loc	2 257 32 is_stmt 0              @ system_stm32g4xx.c:257:32
	ldr	r2, [r0]
	.loc	2 257 60                        @ system_stm32g4xx.c:257:60
	ubfx	r2, r2, #8, #7
	.loc	2 257 23                        @ system_stm32g4xx.c:257:23
	muls	r1, r2, r1
	.loc	2 257 14                        @ system_stm32g4xx.c:257:14
	str	r1, [sp, #16]
	.loc	2 258 22 is_stmt 1              @ system_stm32g4xx.c:258:22
	ldr	r0, [r0]
	.loc	2 258 30 is_stmt 0              @ system_stm32g4xx.c:258:30
	and	r1, r0, #100663296
	movs	r0, #2
	.loc	2 258 63                        @ system_stm32g4xx.c:258:63
	add.w	r0, r0, r1, lsr #24
	.loc	2 258 12                        @ system_stm32g4xx.c:258:12
	str	r0, [sp, #12]
	.loc	2 259 25 is_stmt 1              @ system_stm32g4xx.c:259:25
	ldr	r0, [sp, #16]
	.loc	2 259 32 is_stmt 0              @ system_stm32g4xx.c:259:32
	ldr	r1, [sp, #12]
	.loc	2 259 31                        @ system_stm32g4xx.c:259:31
	udiv	r0, r0, r1
	.loc	2 259 23                        @ system_stm32g4xx.c:259:23
	movw	r1, :lower16:SystemCoreClock
	movt	r1, :upper16:SystemCoreClock
	str	r0, [r1]
	.loc	2 260 7 is_stmt 1               @ system_stm32g4xx.c:260:7
	b	.LBB1_10
.LBB1_9:
	.loc	2 263 7                         @ system_stm32g4xx.c:263:7
	b	.LBB1_10
.Ltmp9:
.LBB1_10:
	.loc	2 0 7 is_stmt 0                 @ system_stm32g4xx.c:0:7
	movw	r0, #4104
	movt	r0, #16386
	.loc	2 267 30 is_stmt 1              @ system_stm32g4xx.c:267:30
	ldr	r0, [r0]
	.loc	2 267 35 is_stmt 0              @ system_stm32g4xx.c:267:35
	uxtb	r0, r0
	.loc	2 267 52                        @ system_stm32g4xx.c:267:52
	lsrs	r1, r0, #4
	.loc	2 267 9                         @ system_stm32g4xx.c:267:9
	movw	r0, :lower16:AHBPrescTable
	movt	r0, :upper16:AHBPrescTable
	ldrb	r0, [r0, r1]
	.loc	2 267 7                         @ system_stm32g4xx.c:267:7
	str	r0, [sp, #20]
	.loc	2 269 23 is_stmt 1              @ system_stm32g4xx.c:269:23
	ldr	r2, [sp, #20]
	.loc	2 269 19 is_stmt 0              @ system_stm32g4xx.c:269:19
	movw	r1, :lower16:SystemCoreClock
	movt	r1, :upper16:SystemCoreClock
	ldr	r0, [r1]
	lsrs	r0, r2
	str	r0, [r1]
	.loc	2 270 1 is_stmt 1               @ system_stm32g4xx.c:270:1
	add	sp, #24
	bx	lr
.Ltmp10:
.Lfunc_end1:
	.size	SystemCoreClockUpdate, .Lfunc_end1-SystemCoreClockUpdate
	.cfi_endproc
	.cantunwind
	.fnend
                                        @ -- End function
	.hidden	SystemCoreClock                 @ @SystemCoreClock
	.type	SystemCoreClock,%object
	.section	.data.SystemCoreClock,"aw",%progbits
	.globl	SystemCoreClock
	.p2align	2, 0x0
SystemCoreClock:
	.long	16000000                        @ 0xf42400
	.size	SystemCoreClock, 4

	.hidden	AHBPrescTable                   @ @AHBPrescTable
	.type	AHBPrescTable,%object
	.section	.rodata.AHBPrescTable,"a",%progbits
	.globl	AHBPrescTable
AHBPrescTable:
	.ascii	"\000\000\000\000\000\000\000\000\001\002\003\004\006\007\b\t"
	.size	AHBPrescTable, 16

	.hidden	APBPrescTable                   @ @APBPrescTable
	.type	APBPrescTable,%object
	.section	.rodata.APBPrescTable,"a",%progbits
	.globl	APBPrescTable
APBPrescTable:
	.ascii	"\000\000\000\000\001\002\003\004"
	.size	APBPrescTable, 8

	.section	.debug_abbrev,"",%progbits
	.byte	1                               @ Abbreviation Code
	.byte	17                              @ DW_TAG_compile_unit
	.byte	1                               @ DW_CHILDREN_yes
	.byte	37                              @ DW_AT_producer
	.byte	14                              @ DW_FORM_strp
	.byte	19                              @ DW_AT_language
	.byte	5                               @ DW_FORM_data2
	.byte	3                               @ DW_AT_name
	.byte	14                              @ DW_FORM_strp
	.byte	16                              @ DW_AT_stmt_list
	.byte	23                              @ DW_FORM_sec_offset
	.byte	27                              @ DW_AT_comp_dir
	.byte	14                              @ DW_FORM_strp
	.byte	17                              @ DW_AT_low_pc
	.byte	1                               @ DW_FORM_addr
	.byte	85                              @ DW_AT_ranges
	.byte	23                              @ DW_FORM_sec_offset
	.byte	0                               @ EOM(1)
	.byte	0                               @ EOM(2)
	.byte	2                               @ Abbreviation Code
	.byte	52                              @ DW_TAG_variable
	.byte	0                               @ DW_CHILDREN_no
	.byte	3                               @ DW_AT_name
	.byte	14                              @ DW_FORM_strp
	.byte	73                              @ DW_AT_type
	.byte	19                              @ DW_FORM_ref4
	.byte	63                              @ DW_AT_external
	.byte	25                              @ DW_FORM_flag_present
	.byte	58                              @ DW_AT_decl_file
	.byte	11                              @ DW_FORM_data1
	.byte	59                              @ DW_AT_decl_line
	.byte	11                              @ DW_FORM_data1
	.byte	2                               @ DW_AT_location
	.byte	24                              @ DW_FORM_exprloc
	.byte	0                               @ EOM(1)
	.byte	0                               @ EOM(2)
	.byte	3                               @ Abbreviation Code
	.byte	22                              @ DW_TAG_typedef
	.byte	0                               @ DW_CHILDREN_no
	.byte	73                              @ DW_AT_type
	.byte	19                              @ DW_FORM_ref4
	.byte	3                               @ DW_AT_name
	.byte	14                              @ DW_FORM_strp
	.byte	58                              @ DW_AT_decl_file
	.byte	11                              @ DW_FORM_data1
	.byte	59                              @ DW_AT_decl_line
	.byte	11                              @ DW_FORM_data1
	.byte	0                               @ EOM(1)
	.byte	0                               @ EOM(2)
	.byte	4                               @ Abbreviation Code
	.byte	36                              @ DW_TAG_base_type
	.byte	0                               @ DW_CHILDREN_no
	.byte	3                               @ DW_AT_name
	.byte	14                              @ DW_FORM_strp
	.byte	62                              @ DW_AT_encoding
	.byte	11                              @ DW_FORM_data1
	.byte	11                              @ DW_AT_byte_size
	.byte	11                              @ DW_FORM_data1
	.byte	0                               @ EOM(1)
	.byte	0                               @ EOM(2)
	.byte	5                               @ Abbreviation Code
	.byte	1                               @ DW_TAG_array_type
	.byte	1                               @ DW_CHILDREN_yes
	.byte	73                              @ DW_AT_type
	.byte	19                              @ DW_FORM_ref4
	.byte	0                               @ EOM(1)
	.byte	0                               @ EOM(2)
	.byte	6                               @ Abbreviation Code
	.byte	33                              @ DW_TAG_subrange_type
	.byte	0                               @ DW_CHILDREN_no
	.byte	73                              @ DW_AT_type
	.byte	19                              @ DW_FORM_ref4
	.byte	55                              @ DW_AT_count
	.byte	11                              @ DW_FORM_data1
	.byte	0                               @ EOM(1)
	.byte	0                               @ EOM(2)
	.byte	7                               @ Abbreviation Code
	.byte	38                              @ DW_TAG_const_type
	.byte	0                               @ DW_CHILDREN_no
	.byte	73                              @ DW_AT_type
	.byte	19                              @ DW_FORM_ref4
	.byte	0                               @ EOM(1)
	.byte	0                               @ EOM(2)
	.byte	8                               @ Abbreviation Code
	.byte	36                              @ DW_TAG_base_type
	.byte	0                               @ DW_CHILDREN_no
	.byte	3                               @ DW_AT_name
	.byte	14                              @ DW_FORM_strp
	.byte	11                              @ DW_AT_byte_size
	.byte	11                              @ DW_FORM_data1
	.byte	62                              @ DW_AT_encoding
	.byte	11                              @ DW_FORM_data1
	.byte	0                               @ EOM(1)
	.byte	0                               @ EOM(2)
	.byte	9                               @ Abbreviation Code
	.byte	15                              @ DW_TAG_pointer_type
	.byte	0                               @ DW_CHILDREN_no
	.byte	73                              @ DW_AT_type
	.byte	19                              @ DW_FORM_ref4
	.byte	0                               @ EOM(1)
	.byte	0                               @ EOM(2)
	.byte	10                              @ Abbreviation Code
	.byte	22                              @ DW_TAG_typedef
	.byte	0                               @ DW_CHILDREN_no
	.byte	73                              @ DW_AT_type
	.byte	19                              @ DW_FORM_ref4
	.byte	3                               @ DW_AT_name
	.byte	14                              @ DW_FORM_strp
	.byte	58                              @ DW_AT_decl_file
	.byte	11                              @ DW_FORM_data1
	.byte	59                              @ DW_AT_decl_line
	.byte	5                               @ DW_FORM_data2
	.byte	0                               @ EOM(1)
	.byte	0                               @ EOM(2)
	.byte	11                              @ Abbreviation Code
	.byte	19                              @ DW_TAG_structure_type
	.byte	1                               @ DW_CHILDREN_yes
	.byte	11                              @ DW_AT_byte_size
	.byte	11                              @ DW_FORM_data1
	.byte	58                              @ DW_AT_decl_file
	.byte	11                              @ DW_FORM_data1
	.byte	59                              @ DW_AT_decl_line
	.byte	5                               @ DW_FORM_data2
	.byte	0                               @ EOM(1)
	.byte	0                               @ EOM(2)
	.byte	12                              @ Abbreviation Code
	.byte	13                              @ DW_TAG_member
	.byte	0                               @ DW_CHILDREN_no
	.byte	3                               @ DW_AT_name
	.byte	14                              @ DW_FORM_strp
	.byte	73                              @ DW_AT_type
	.byte	19                              @ DW_FORM_ref4
	.byte	58                              @ DW_AT_decl_file
	.byte	11                              @ DW_FORM_data1
	.byte	59                              @ DW_AT_decl_line
	.byte	5                               @ DW_FORM_data2
	.byte	56                              @ DW_AT_data_member_location
	.byte	11                              @ DW_FORM_data1
	.byte	0                               @ EOM(1)
	.byte	0                               @ EOM(2)
	.byte	13                              @ Abbreviation Code
	.byte	53                              @ DW_TAG_volatile_type
	.byte	0                               @ DW_CHILDREN_no
	.byte	73                              @ DW_AT_type
	.byte	19                              @ DW_FORM_ref4
	.byte	0                               @ EOM(1)
	.byte	0                               @ EOM(2)
	.byte	14                              @ Abbreviation Code
	.byte	46                              @ DW_TAG_subprogram
	.byte	0                               @ DW_CHILDREN_no
	.byte	17                              @ DW_AT_low_pc
	.byte	1                               @ DW_FORM_addr
	.byte	18                              @ DW_AT_high_pc
	.byte	6                               @ DW_FORM_data4
	.byte	64                              @ DW_AT_frame_base
	.byte	24                              @ DW_FORM_exprloc
	.byte	3                               @ DW_AT_name
	.byte	14                              @ DW_FORM_strp
	.byte	58                              @ DW_AT_decl_file
	.byte	11                              @ DW_FORM_data1
	.byte	59                              @ DW_AT_decl_line
	.byte	11                              @ DW_FORM_data1
	.byte	39                              @ DW_AT_prototyped
	.byte	25                              @ DW_FORM_flag_present
	.byte	63                              @ DW_AT_external
	.byte	25                              @ DW_FORM_flag_present
	.byte	0                               @ EOM(1)
	.byte	0                               @ EOM(2)
	.byte	15                              @ Abbreviation Code
	.byte	46                              @ DW_TAG_subprogram
	.byte	1                               @ DW_CHILDREN_yes
	.byte	17                              @ DW_AT_low_pc
	.byte	1                               @ DW_FORM_addr
	.byte	18                              @ DW_AT_high_pc
	.byte	6                               @ DW_FORM_data4
	.byte	64                              @ DW_AT_frame_base
	.byte	24                              @ DW_FORM_exprloc
	.byte	3                               @ DW_AT_name
	.byte	14                              @ DW_FORM_strp
	.byte	58                              @ DW_AT_decl_file
	.byte	11                              @ DW_FORM_data1
	.byte	59                              @ DW_AT_decl_line
	.byte	11                              @ DW_FORM_data1
	.byte	39                              @ DW_AT_prototyped
	.byte	25                              @ DW_FORM_flag_present
	.byte	63                              @ DW_AT_external
	.byte	25                              @ DW_FORM_flag_present
	.byte	0                               @ EOM(1)
	.byte	0                               @ EOM(2)
	.byte	16                              @ Abbreviation Code
	.byte	52                              @ DW_TAG_variable
	.byte	0                               @ DW_CHILDREN_no
	.byte	2                               @ DW_AT_location
	.byte	24                              @ DW_FORM_exprloc
	.byte	3                               @ DW_AT_name
	.byte	14                              @ DW_FORM_strp
	.byte	58                              @ DW_AT_decl_file
	.byte	11                              @ DW_FORM_data1
	.byte	59                              @ DW_AT_decl_line
	.byte	11                              @ DW_FORM_data1
	.byte	73                              @ DW_AT_type
	.byte	19                              @ DW_FORM_ref4
	.byte	0                               @ EOM(1)
	.byte	0                               @ EOM(2)
	.byte	0                               @ EOM(3)
	.section	.debug_info,"",%progbits
.Lcu_begin0:
	.long	.Ldebug_info_end0-.Ldebug_info_start0 @ Length of Unit
.Ldebug_info_start0:
	.short	4                               @ DWARF version number
	.long	.debug_abbrev                   @ Offset Into Abbrev. Section
	.byte	4                               @ Address Size (in bytes)
	.byte	1                               @ Abbrev [1] 0xb:0x492 DW_TAG_compile_unit
	.long	.Linfo_string0                  @ DW_AT_producer
	.short	12                              @ DW_AT_language
	.long	.Linfo_string1                  @ DW_AT_name
	.long	.Lline_table_start0             @ DW_AT_stmt_list
	.long	.Linfo_string2                  @ DW_AT_comp_dir
	.long	0                               @ DW_AT_low_pc
	.long	.Ldebug_ranges0                 @ DW_AT_ranges
	.byte	2                               @ Abbrev [2] 0x26:0x11 DW_TAG_variable
	.long	.Linfo_string3                  @ DW_AT_name
	.long	55                              @ DW_AT_type
                                        @ DW_AT_external
	.byte	2                               @ DW_AT_decl_file
	.byte	152                             @ DW_AT_decl_line
	.byte	5                               @ DW_AT_location
	.byte	3
	.long	SystemCoreClock
	.byte	3                               @ Abbrev [3] 0x37:0xb DW_TAG_typedef
	.long	66                              @ DW_AT_type
	.long	.Linfo_string5                  @ DW_AT_name
	.byte	1                               @ DW_AT_decl_file
	.byte	64                              @ DW_AT_decl_line
	.byte	4                               @ Abbrev [4] 0x42:0x7 DW_TAG_base_type
	.long	.Linfo_string4                  @ DW_AT_name
	.byte	7                               @ DW_AT_encoding
	.byte	4                               @ DW_AT_byte_size
	.byte	2                               @ Abbrev [2] 0x49:0x11 DW_TAG_variable
	.long	.Linfo_string6                  @ DW_AT_name
	.long	90                              @ DW_AT_type
                                        @ DW_AT_external
	.byte	2                               @ DW_AT_decl_file
	.byte	154                             @ DW_AT_decl_line
	.byte	5                               @ DW_AT_location
	.byte	3
	.long	AHBPrescTable
	.byte	5                               @ Abbrev [5] 0x5a:0xc DW_TAG_array_type
	.long	102                             @ DW_AT_type
	.byte	6                               @ Abbrev [6] 0x5f:0x6 DW_TAG_subrange_type
	.long	125                             @ DW_AT_type
	.byte	16                              @ DW_AT_count
	.byte	0                               @ End Of Children Mark
	.byte	7                               @ Abbrev [7] 0x66:0x5 DW_TAG_const_type
	.long	107                             @ DW_AT_type
	.byte	3                               @ Abbrev [3] 0x6b:0xb DW_TAG_typedef
	.long	118                             @ DW_AT_type
	.long	.Linfo_string8                  @ DW_AT_name
	.byte	1                               @ DW_AT_decl_file
	.byte	62                              @ DW_AT_decl_line
	.byte	4                               @ Abbrev [4] 0x76:0x7 DW_TAG_base_type
	.long	.Linfo_string7                  @ DW_AT_name
	.byte	8                               @ DW_AT_encoding
	.byte	1                               @ DW_AT_byte_size
	.byte	8                               @ Abbrev [8] 0x7d:0x7 DW_TAG_base_type
	.long	.Linfo_string9                  @ DW_AT_name
	.byte	8                               @ DW_AT_byte_size
	.byte	7                               @ DW_AT_encoding
	.byte	2                               @ Abbrev [2] 0x84:0x11 DW_TAG_variable
	.long	.Linfo_string10                 @ DW_AT_name
	.long	149                             @ DW_AT_type
                                        @ DW_AT_external
	.byte	2                               @ DW_AT_decl_file
	.byte	155                             @ DW_AT_decl_line
	.byte	5                               @ DW_AT_location
	.byte	3
	.long	APBPrescTable
	.byte	5                               @ Abbrev [5] 0x95:0xc DW_TAG_array_type
	.long	102                             @ DW_AT_type
	.byte	6                               @ Abbrev [6] 0x9a:0x6 DW_TAG_subrange_type
	.long	125                             @ DW_AT_type
	.byte	8                               @ DW_AT_count
	.byte	0                               @ End Of Children Mark
	.byte	9                               @ Abbrev [9] 0xa1:0x5 DW_TAG_pointer_type
	.long	166                             @ DW_AT_type
	.byte	10                              @ Abbrev [10] 0xa6:0xc DW_TAG_typedef
	.long	178                             @ DW_AT_type
	.long	.Linfo_string32                 @ DW_AT_name
	.byte	3                               @ DW_AT_decl_file
	.short	468                             @ DW_AT_decl_line
	.byte	11                              @ Abbrev [11] 0xb2:0x117 DW_TAG_structure_type
	.byte	140                             @ DW_AT_byte_size
	.byte	3                               @ DW_AT_decl_file
	.short	445                             @ DW_AT_decl_line
	.byte	12                              @ Abbrev [12] 0xb7:0xd DW_TAG_member
	.long	.Linfo_string11                 @ DW_AT_name
	.long	457                             @ DW_AT_type
	.byte	3                               @ DW_AT_decl_file
	.short	447                             @ DW_AT_decl_line
	.byte	0                               @ DW_AT_data_member_location
	.byte	12                              @ Abbrev [12] 0xc4:0xd DW_TAG_member
	.long	.Linfo_string12                 @ DW_AT_name
	.long	462                             @ DW_AT_type
	.byte	3                               @ DW_AT_decl_file
	.short	448                             @ DW_AT_decl_line
	.byte	4                               @ DW_AT_data_member_location
	.byte	12                              @ Abbrev [12] 0xd1:0xd DW_TAG_member
	.long	.Linfo_string13                 @ DW_AT_name
	.long	462                             @ DW_AT_type
	.byte	3                               @ DW_AT_decl_file
	.short	449                             @ DW_AT_decl_line
	.byte	8                               @ DW_AT_data_member_location
	.byte	12                              @ Abbrev [12] 0xde:0xd DW_TAG_member
	.long	.Linfo_string14                 @ DW_AT_name
	.long	462                             @ DW_AT_type
	.byte	3                               @ DW_AT_decl_file
	.short	450                             @ DW_AT_decl_line
	.byte	12                              @ DW_AT_data_member_location
	.byte	12                              @ Abbrev [12] 0xeb:0xd DW_TAG_member
	.long	.Linfo_string15                 @ DW_AT_name
	.long	462                             @ DW_AT_type
	.byte	3                               @ DW_AT_decl_file
	.short	451                             @ DW_AT_decl_line
	.byte	16                              @ DW_AT_data_member_location
	.byte	12                              @ Abbrev [12] 0xf8:0xd DW_TAG_member
	.long	.Linfo_string16                 @ DW_AT_name
	.long	462                             @ DW_AT_type
	.byte	3                               @ DW_AT_decl_file
	.short	452                             @ DW_AT_decl_line
	.byte	20                              @ DW_AT_data_member_location
	.byte	12                              @ Abbrev [12] 0x105:0xd DW_TAG_member
	.long	.Linfo_string17                 @ DW_AT_name
	.long	467                             @ DW_AT_type
	.byte	3                               @ DW_AT_decl_file
	.short	453                             @ DW_AT_decl_line
	.byte	24                              @ DW_AT_data_member_location
	.byte	12                              @ Abbrev [12] 0x112:0xd DW_TAG_member
	.long	.Linfo_string18                 @ DW_AT_name
	.long	462                             @ DW_AT_type
	.byte	3                               @ DW_AT_decl_file
	.short	454                             @ DW_AT_decl_line
	.byte	36                              @ DW_AT_data_member_location
	.byte	12                              @ Abbrev [12] 0x11f:0xd DW_TAG_member
	.long	.Linfo_string19                 @ DW_AT_name
	.long	462                             @ DW_AT_type
	.byte	3                               @ DW_AT_decl_file
	.short	455                             @ DW_AT_decl_line
	.byte	40                              @ DW_AT_data_member_location
	.byte	12                              @ Abbrev [12] 0x12c:0xd DW_TAG_member
	.long	.Linfo_string20                 @ DW_AT_name
	.long	462                             @ DW_AT_type
	.byte	3                               @ DW_AT_decl_file
	.short	456                             @ DW_AT_decl_line
	.byte	44                              @ DW_AT_data_member_location
	.byte	12                              @ Abbrev [12] 0x139:0xd DW_TAG_member
	.long	.Linfo_string21                 @ DW_AT_name
	.long	462                             @ DW_AT_type
	.byte	3                               @ DW_AT_decl_file
	.short	457                             @ DW_AT_decl_line
	.byte	48                              @ DW_AT_data_member_location
	.byte	12                              @ Abbrev [12] 0x146:0xd DW_TAG_member
	.long	.Linfo_string22                 @ DW_AT_name
	.long	462                             @ DW_AT_type
	.byte	3                               @ DW_AT_decl_file
	.short	458                             @ DW_AT_decl_line
	.byte	52                              @ DW_AT_data_member_location
	.byte	12                              @ Abbrev [12] 0x153:0xd DW_TAG_member
	.long	.Linfo_string23                 @ DW_AT_name
	.long	462                             @ DW_AT_type
	.byte	3                               @ DW_AT_decl_file
	.short	459                             @ DW_AT_decl_line
	.byte	56                              @ DW_AT_data_member_location
	.byte	12                              @ Abbrev [12] 0x160:0xd DW_TAG_member
	.long	.Linfo_string24                 @ DW_AT_name
	.long	462                             @ DW_AT_type
	.byte	3                               @ DW_AT_decl_file
	.short	460                             @ DW_AT_decl_line
	.byte	60                              @ DW_AT_data_member_location
	.byte	12                              @ Abbrev [12] 0x16d:0xd DW_TAG_member
	.long	.Linfo_string25                 @ DW_AT_name
	.long	484                             @ DW_AT_type
	.byte	3                               @ DW_AT_decl_file
	.short	461                             @ DW_AT_decl_line
	.byte	64                              @ DW_AT_data_member_location
	.byte	12                              @ Abbrev [12] 0x17a:0xd DW_TAG_member
	.long	.Linfo_string26                 @ DW_AT_name
	.long	457                             @ DW_AT_type
	.byte	3                               @ DW_AT_decl_file
	.short	462                             @ DW_AT_decl_line
	.byte	72                              @ DW_AT_data_member_location
	.byte	12                              @ Abbrev [12] 0x187:0xd DW_TAG_member
	.long	.Linfo_string27                 @ DW_AT_name
	.long	457                             @ DW_AT_type
	.byte	3                               @ DW_AT_decl_file
	.short	463                             @ DW_AT_decl_line
	.byte	76                              @ DW_AT_data_member_location
	.byte	12                              @ Abbrev [12] 0x194:0xd DW_TAG_member
	.long	.Linfo_string28                 @ DW_AT_name
	.long	496                             @ DW_AT_type
	.byte	3                               @ DW_AT_decl_file
	.short	464                             @ DW_AT_decl_line
	.byte	80                              @ DW_AT_data_member_location
	.byte	12                              @ Abbrev [12] 0x1a1:0xd DW_TAG_member
	.long	.Linfo_string29                 @ DW_AT_name
	.long	508                             @ DW_AT_type
	.byte	3                               @ DW_AT_decl_file
	.short	465                             @ DW_AT_decl_line
	.byte	96                              @ DW_AT_data_member_location
	.byte	12                              @ Abbrev [12] 0x1ae:0xd DW_TAG_member
	.long	.Linfo_string30                 @ DW_AT_name
	.long	520                             @ DW_AT_type
	.byte	3                               @ DW_AT_decl_file
	.short	466                             @ DW_AT_decl_line
	.byte	116                             @ DW_AT_data_member_location
	.byte	12                              @ Abbrev [12] 0x1bb:0xd DW_TAG_member
	.long	.Linfo_string31                 @ DW_AT_name
	.long	462                             @ DW_AT_type
	.byte	3                               @ DW_AT_decl_file
	.short	467                             @ DW_AT_decl_line
	.byte	136                             @ DW_AT_data_member_location
	.byte	0                               @ End Of Children Mark
	.byte	7                               @ Abbrev [7] 0x1c9:0x5 DW_TAG_const_type
	.long	462                             @ DW_AT_type
	.byte	13                              @ Abbrev [13] 0x1ce:0x5 DW_TAG_volatile_type
	.long	55                              @ DW_AT_type
	.byte	5                               @ Abbrev [5] 0x1d3:0xc DW_TAG_array_type
	.long	479                             @ DW_AT_type
	.byte	6                               @ Abbrev [6] 0x1d8:0x6 DW_TAG_subrange_type
	.long	125                             @ DW_AT_type
	.byte	12                              @ DW_AT_count
	.byte	0                               @ End Of Children Mark
	.byte	13                              @ Abbrev [13] 0x1df:0x5 DW_TAG_volatile_type
	.long	107                             @ DW_AT_type
	.byte	5                               @ Abbrev [5] 0x1e4:0xc DW_TAG_array_type
	.long	457                             @ DW_AT_type
	.byte	6                               @ Abbrev [6] 0x1e9:0x6 DW_TAG_subrange_type
	.long	125                             @ DW_AT_type
	.byte	2                               @ DW_AT_count
	.byte	0                               @ End Of Children Mark
	.byte	5                               @ Abbrev [5] 0x1f0:0xc DW_TAG_array_type
	.long	457                             @ DW_AT_type
	.byte	6                               @ Abbrev [6] 0x1f5:0x6 DW_TAG_subrange_type
	.long	125                             @ DW_AT_type
	.byte	4                               @ DW_AT_count
	.byte	0                               @ End Of Children Mark
	.byte	5                               @ Abbrev [5] 0x1fc:0xc DW_TAG_array_type
	.long	457                             @ DW_AT_type
	.byte	6                               @ Abbrev [6] 0x201:0x6 DW_TAG_subrange_type
	.long	125                             @ DW_AT_type
	.byte	5                               @ DW_AT_count
	.byte	0                               @ End Of Children Mark
	.byte	5                               @ Abbrev [5] 0x208:0xc DW_TAG_array_type
	.long	55                              @ DW_AT_type
	.byte	6                               @ Abbrev [6] 0x20d:0x6 DW_TAG_subrange_type
	.long	125                             @ DW_AT_type
	.byte	5                               @ DW_AT_count
	.byte	0                               @ End Of Children Mark
	.byte	9                               @ Abbrev [9] 0x214:0x5 DW_TAG_pointer_type
	.long	537                             @ DW_AT_type
	.byte	10                              @ Abbrev [10] 0x219:0xc DW_TAG_typedef
	.long	549                             @ DW_AT_type
	.long	.Linfo_string72                 @ DW_AT_name
	.byte	4                               @ DW_AT_decl_file
	.short	706                             @ DW_AT_decl_line
	.byte	11                              @ Abbrev [11] 0x225:0x20e DW_TAG_structure_type
	.byte	160                             @ DW_AT_byte_size
	.byte	4                               @ DW_AT_decl_file
	.short	664                             @ DW_AT_decl_line
	.byte	12                              @ Abbrev [12] 0x22a:0xd DW_TAG_member
	.long	.Linfo_string33                 @ DW_AT_name
	.long	462                             @ DW_AT_type
	.byte	4                               @ DW_AT_decl_file
	.short	666                             @ DW_AT_decl_line
	.byte	0                               @ DW_AT_data_member_location
	.byte	12                              @ Abbrev [12] 0x237:0xd DW_TAG_member
	.long	.Linfo_string34                 @ DW_AT_name
	.long	462                             @ DW_AT_type
	.byte	4                               @ DW_AT_decl_file
	.short	667                             @ DW_AT_decl_line
	.byte	4                               @ DW_AT_data_member_location
	.byte	12                              @ Abbrev [12] 0x244:0xd DW_TAG_member
	.long	.Linfo_string35                 @ DW_AT_name
	.long	462                             @ DW_AT_type
	.byte	4                               @ DW_AT_decl_file
	.short	668                             @ DW_AT_decl_line
	.byte	8                               @ DW_AT_data_member_location
	.byte	12                              @ Abbrev [12] 0x251:0xd DW_TAG_member
	.long	.Linfo_string36                 @ DW_AT_name
	.long	462                             @ DW_AT_type
	.byte	4                               @ DW_AT_decl_file
	.short	669                             @ DW_AT_decl_line
	.byte	12                              @ DW_AT_data_member_location
	.byte	12                              @ Abbrev [12] 0x25e:0xd DW_TAG_member
	.long	.Linfo_string30                 @ DW_AT_name
	.long	55                              @ DW_AT_type
	.byte	4                               @ DW_AT_decl_file
	.short	670                             @ DW_AT_decl_line
	.byte	16                              @ DW_AT_data_member_location
	.byte	12                              @ Abbrev [12] 0x26b:0xd DW_TAG_member
	.long	.Linfo_string37                 @ DW_AT_name
	.long	55                              @ DW_AT_type
	.byte	4                               @ DW_AT_decl_file
	.short	671                             @ DW_AT_decl_line
	.byte	20                              @ DW_AT_data_member_location
	.byte	12                              @ Abbrev [12] 0x278:0xd DW_TAG_member
	.long	.Linfo_string38                 @ DW_AT_name
	.long	462                             @ DW_AT_type
	.byte	4                               @ DW_AT_decl_file
	.short	672                             @ DW_AT_decl_line
	.byte	24                              @ DW_AT_data_member_location
	.byte	12                              @ Abbrev [12] 0x285:0xd DW_TAG_member
	.long	.Linfo_string39                 @ DW_AT_name
	.long	462                             @ DW_AT_type
	.byte	4                               @ DW_AT_decl_file
	.short	673                             @ DW_AT_decl_line
	.byte	28                              @ DW_AT_data_member_location
	.byte	12                              @ Abbrev [12] 0x292:0xd DW_TAG_member
	.long	.Linfo_string40                 @ DW_AT_name
	.long	462                             @ DW_AT_type
	.byte	4                               @ DW_AT_decl_file
	.short	674                             @ DW_AT_decl_line
	.byte	32                              @ DW_AT_data_member_location
	.byte	12                              @ Abbrev [12] 0x29f:0xd DW_TAG_member
	.long	.Linfo_string41                 @ DW_AT_name
	.long	55                              @ DW_AT_type
	.byte	4                               @ DW_AT_decl_file
	.short	675                             @ DW_AT_decl_line
	.byte	36                              @ DW_AT_data_member_location
	.byte	12                              @ Abbrev [12] 0x2ac:0xd DW_TAG_member
	.long	.Linfo_string42                 @ DW_AT_name
	.long	462                             @ DW_AT_type
	.byte	4                               @ DW_AT_decl_file
	.short	676                             @ DW_AT_decl_line
	.byte	40                              @ DW_AT_data_member_location
	.byte	12                              @ Abbrev [12] 0x2b9:0xd DW_TAG_member
	.long	.Linfo_string43                 @ DW_AT_name
	.long	462                             @ DW_AT_type
	.byte	4                               @ DW_AT_decl_file
	.short	677                             @ DW_AT_decl_line
	.byte	44                              @ DW_AT_data_member_location
	.byte	12                              @ Abbrev [12] 0x2c6:0xd DW_TAG_member
	.long	.Linfo_string44                 @ DW_AT_name
	.long	462                             @ DW_AT_type
	.byte	4                               @ DW_AT_decl_file
	.short	678                             @ DW_AT_decl_line
	.byte	48                              @ DW_AT_data_member_location
	.byte	12                              @ Abbrev [12] 0x2d3:0xd DW_TAG_member
	.long	.Linfo_string45                 @ DW_AT_name
	.long	55                              @ DW_AT_type
	.byte	4                               @ DW_AT_decl_file
	.short	679                             @ DW_AT_decl_line
	.byte	52                              @ DW_AT_data_member_location
	.byte	12                              @ Abbrev [12] 0x2e0:0xd DW_TAG_member
	.long	.Linfo_string46                 @ DW_AT_name
	.long	462                             @ DW_AT_type
	.byte	4                               @ DW_AT_decl_file
	.short	680                             @ DW_AT_decl_line
	.byte	56                              @ DW_AT_data_member_location
	.byte	12                              @ Abbrev [12] 0x2ed:0xd DW_TAG_member
	.long	.Linfo_string47                 @ DW_AT_name
	.long	462                             @ DW_AT_type
	.byte	4                               @ DW_AT_decl_file
	.short	681                             @ DW_AT_decl_line
	.byte	60                              @ DW_AT_data_member_location
	.byte	12                              @ Abbrev [12] 0x2fa:0xd DW_TAG_member
	.long	.Linfo_string48                 @ DW_AT_name
	.long	462                             @ DW_AT_type
	.byte	4                               @ DW_AT_decl_file
	.short	682                             @ DW_AT_decl_line
	.byte	64                              @ DW_AT_data_member_location
	.byte	12                              @ Abbrev [12] 0x307:0xd DW_TAG_member
	.long	.Linfo_string49                 @ DW_AT_name
	.long	55                              @ DW_AT_type
	.byte	4                               @ DW_AT_decl_file
	.short	683                             @ DW_AT_decl_line
	.byte	68                              @ DW_AT_data_member_location
	.byte	12                              @ Abbrev [12] 0x314:0xd DW_TAG_member
	.long	.Linfo_string50                 @ DW_AT_name
	.long	462                             @ DW_AT_type
	.byte	4                               @ DW_AT_decl_file
	.short	684                             @ DW_AT_decl_line
	.byte	72                              @ DW_AT_data_member_location
	.byte	12                              @ Abbrev [12] 0x321:0xd DW_TAG_member
	.long	.Linfo_string51                 @ DW_AT_name
	.long	462                             @ DW_AT_type
	.byte	4                               @ DW_AT_decl_file
	.short	685                             @ DW_AT_decl_line
	.byte	76                              @ DW_AT_data_member_location
	.byte	12                              @ Abbrev [12] 0x32e:0xd DW_TAG_member
	.long	.Linfo_string52                 @ DW_AT_name
	.long	462                             @ DW_AT_type
	.byte	4                               @ DW_AT_decl_file
	.short	686                             @ DW_AT_decl_line
	.byte	80                              @ DW_AT_data_member_location
	.byte	12                              @ Abbrev [12] 0x33b:0xd DW_TAG_member
	.long	.Linfo_string53                 @ DW_AT_name
	.long	55                              @ DW_AT_type
	.byte	4                               @ DW_AT_decl_file
	.short	687                             @ DW_AT_decl_line
	.byte	84                              @ DW_AT_data_member_location
	.byte	12                              @ Abbrev [12] 0x348:0xd DW_TAG_member
	.long	.Linfo_string54                 @ DW_AT_name
	.long	462                             @ DW_AT_type
	.byte	4                               @ DW_AT_decl_file
	.short	688                             @ DW_AT_decl_line
	.byte	88                              @ DW_AT_data_member_location
	.byte	12                              @ Abbrev [12] 0x355:0xd DW_TAG_member
	.long	.Linfo_string55                 @ DW_AT_name
	.long	462                             @ DW_AT_type
	.byte	4                               @ DW_AT_decl_file
	.short	689                             @ DW_AT_decl_line
	.byte	92                              @ DW_AT_data_member_location
	.byte	12                              @ Abbrev [12] 0x362:0xd DW_TAG_member
	.long	.Linfo_string56                 @ DW_AT_name
	.long	462                             @ DW_AT_type
	.byte	4                               @ DW_AT_decl_file
	.short	690                             @ DW_AT_decl_line
	.byte	96                              @ DW_AT_data_member_location
	.byte	12                              @ Abbrev [12] 0x36f:0xd DW_TAG_member
	.long	.Linfo_string57                 @ DW_AT_name
	.long	55                              @ DW_AT_type
	.byte	4                               @ DW_AT_decl_file
	.short	691                             @ DW_AT_decl_line
	.byte	100                             @ DW_AT_data_member_location
	.byte	12                              @ Abbrev [12] 0x37c:0xd DW_TAG_member
	.long	.Linfo_string58                 @ DW_AT_name
	.long	462                             @ DW_AT_type
	.byte	4                               @ DW_AT_decl_file
	.short	692                             @ DW_AT_decl_line
	.byte	104                             @ DW_AT_data_member_location
	.byte	12                              @ Abbrev [12] 0x389:0xd DW_TAG_member
	.long	.Linfo_string59                 @ DW_AT_name
	.long	462                             @ DW_AT_type
	.byte	4                               @ DW_AT_decl_file
	.short	693                             @ DW_AT_decl_line
	.byte	108                             @ DW_AT_data_member_location
	.byte	12                              @ Abbrev [12] 0x396:0xd DW_TAG_member
	.long	.Linfo_string60                 @ DW_AT_name
	.long	462                             @ DW_AT_type
	.byte	4                               @ DW_AT_decl_file
	.short	694                             @ DW_AT_decl_line
	.byte	112                             @ DW_AT_data_member_location
	.byte	12                              @ Abbrev [12] 0x3a3:0xd DW_TAG_member
	.long	.Linfo_string61                 @ DW_AT_name
	.long	55                              @ DW_AT_type
	.byte	4                               @ DW_AT_decl_file
	.short	695                             @ DW_AT_decl_line
	.byte	116                             @ DW_AT_data_member_location
	.byte	12                              @ Abbrev [12] 0x3b0:0xd DW_TAG_member
	.long	.Linfo_string62                 @ DW_AT_name
	.long	462                             @ DW_AT_type
	.byte	4                               @ DW_AT_decl_file
	.short	696                             @ DW_AT_decl_line
	.byte	120                             @ DW_AT_data_member_location
	.byte	12                              @ Abbrev [12] 0x3bd:0xd DW_TAG_member
	.long	.Linfo_string63                 @ DW_AT_name
	.long	462                             @ DW_AT_type
	.byte	4                               @ DW_AT_decl_file
	.short	697                             @ DW_AT_decl_line
	.byte	124                             @ DW_AT_data_member_location
	.byte	12                              @ Abbrev [12] 0x3ca:0xd DW_TAG_member
	.long	.Linfo_string64                 @ DW_AT_name
	.long	462                             @ DW_AT_type
	.byte	4                               @ DW_AT_decl_file
	.short	698                             @ DW_AT_decl_line
	.byte	128                             @ DW_AT_data_member_location
	.byte	12                              @ Abbrev [12] 0x3d7:0xd DW_TAG_member
	.long	.Linfo_string65                 @ DW_AT_name
	.long	55                              @ DW_AT_type
	.byte	4                               @ DW_AT_decl_file
	.short	699                             @ DW_AT_decl_line
	.byte	132                             @ DW_AT_data_member_location
	.byte	12                              @ Abbrev [12] 0x3e4:0xd DW_TAG_member
	.long	.Linfo_string66                 @ DW_AT_name
	.long	462                             @ DW_AT_type
	.byte	4                               @ DW_AT_decl_file
	.short	700                             @ DW_AT_decl_line
	.byte	136                             @ DW_AT_data_member_location
	.byte	12                              @ Abbrev [12] 0x3f1:0xd DW_TAG_member
	.long	.Linfo_string67                 @ DW_AT_name
	.long	55                              @ DW_AT_type
	.byte	4                               @ DW_AT_decl_file
	.short	701                             @ DW_AT_decl_line
	.byte	140                             @ DW_AT_data_member_location
	.byte	12                              @ Abbrev [12] 0x3fe:0xd DW_TAG_member
	.long	.Linfo_string68                 @ DW_AT_name
	.long	462                             @ DW_AT_type
	.byte	4                               @ DW_AT_decl_file
	.short	702                             @ DW_AT_decl_line
	.byte	144                             @ DW_AT_data_member_location
	.byte	12                              @ Abbrev [12] 0x40b:0xd DW_TAG_member
	.long	.Linfo_string69                 @ DW_AT_name
	.long	462                             @ DW_AT_type
	.byte	4                               @ DW_AT_decl_file
	.short	703                             @ DW_AT_decl_line
	.byte	148                             @ DW_AT_data_member_location
	.byte	12                              @ Abbrev [12] 0x418:0xd DW_TAG_member
	.long	.Linfo_string70                 @ DW_AT_name
	.long	462                             @ DW_AT_type
	.byte	4                               @ DW_AT_decl_file
	.short	704                             @ DW_AT_decl_line
	.byte	152                             @ DW_AT_data_member_location
	.byte	12                              @ Abbrev [12] 0x425:0xd DW_TAG_member
	.long	.Linfo_string71                 @ DW_AT_name
	.long	462                             @ DW_AT_type
	.byte	4                               @ DW_AT_decl_file
	.short	705                             @ DW_AT_decl_line
	.byte	156                             @ DW_AT_data_member_location
	.byte	0                               @ End Of Children Mark
	.byte	14                              @ Abbrev [14] 0x433:0x11 DW_TAG_subprogram
	.long	.Lfunc_begin0                   @ DW_AT_low_pc
	.long	.Lfunc_end0-.Lfunc_begin0       @ DW_AT_high_pc
	.byte	1                               @ DW_AT_frame_base
	.byte	93
	.long	.Linfo_string73                 @ DW_AT_name
	.byte	2                               @ DW_AT_decl_file
	.byte	179                             @ DW_AT_decl_line
                                        @ DW_AT_prototyped
                                        @ DW_AT_external
	.byte	15                              @ Abbrev [15] 0x444:0x58 DW_TAG_subprogram
	.long	.Lfunc_begin1                   @ DW_AT_low_pc
	.long	.Lfunc_end1-.Lfunc_begin1       @ DW_AT_high_pc
	.byte	1                               @ DW_AT_frame_base
	.byte	93
	.long	.Linfo_string74                 @ DW_AT_name
	.byte	2                               @ DW_AT_decl_file
	.byte	228                             @ DW_AT_decl_line
                                        @ DW_AT_prototyped
                                        @ DW_AT_external
	.byte	16                              @ Abbrev [16] 0x455:0xe DW_TAG_variable
	.byte	2                               @ DW_AT_location
	.byte	145
	.byte	20
	.long	.Linfo_string75                 @ DW_AT_name
	.byte	2                               @ DW_AT_decl_file
	.byte	230                             @ DW_AT_decl_line
	.long	55                              @ DW_AT_type
	.byte	16                              @ Abbrev [16] 0x463:0xe DW_TAG_variable
	.byte	2                               @ DW_AT_location
	.byte	145
	.byte	16
	.long	.Linfo_string76                 @ DW_AT_name
	.byte	2                               @ DW_AT_decl_file
	.byte	230                             @ DW_AT_decl_line
	.long	55                              @ DW_AT_type
	.byte	16                              @ Abbrev [16] 0x471:0xe DW_TAG_variable
	.byte	2                               @ DW_AT_location
	.byte	145
	.byte	12
	.long	.Linfo_string77                 @ DW_AT_name
	.byte	2                               @ DW_AT_decl_file
	.byte	230                             @ DW_AT_decl_line
	.long	55                              @ DW_AT_type
	.byte	16                              @ Abbrev [16] 0x47f:0xe DW_TAG_variable
	.byte	2                               @ DW_AT_location
	.byte	145
	.byte	8
	.long	.Linfo_string78                 @ DW_AT_name
	.byte	2                               @ DW_AT_decl_file
	.byte	230                             @ DW_AT_decl_line
	.long	55                              @ DW_AT_type
	.byte	16                              @ Abbrev [16] 0x48d:0xe DW_TAG_variable
	.byte	2                               @ DW_AT_location
	.byte	145
	.byte	4
	.long	.Linfo_string79                 @ DW_AT_name
	.byte	2                               @ DW_AT_decl_file
	.byte	230                             @ DW_AT_decl_line
	.long	55                              @ DW_AT_type
	.byte	0                               @ End Of Children Mark
	.byte	0                               @ End Of Children Mark
.Ldebug_info_end0:
	.section	.debug_ranges,"",%progbits
.Ldebug_ranges0:
	.long	.Lfunc_begin0
	.long	.Lfunc_end0
	.long	.Lfunc_begin1
	.long	.Lfunc_end1
	.long	0
	.long	0
	.section	.debug_str,"MS",%progbits,1
.Linfo_string0:
	.asciz	"Component: Arm Compiler for Embedded 6.19 Tool: armclang [5e73cb00]" @ string offset=0
.Linfo_string1:
	.asciz	"system_stm32g4xx.c"            @ string offset=68
.Linfo_string2:
	.asciz	"C:\\Users\\Shenny\\Desktop\\Data\\Embedded_Github\\Public\\STM32_G474RE\\Keil_UV5\\Lesson_1_Blinky" @ string offset=87
.Linfo_string3:
	.asciz	"SystemCoreClock"               @ string offset=177
.Linfo_string4:
	.asciz	"unsigned int"                  @ string offset=193
.Linfo_string5:
	.asciz	"uint32_t"                      @ string offset=206
.Linfo_string6:
	.asciz	"AHBPrescTable"                 @ string offset=215
.Linfo_string7:
	.asciz	"unsigned char"                 @ string offset=229
.Linfo_string8:
	.asciz	"uint8_t"                       @ string offset=243
.Linfo_string9:
	.asciz	"__ARRAY_SIZE_TYPE__"           @ string offset=251
.Linfo_string10:
	.asciz	"APBPrescTable"                 @ string offset=271
.Linfo_string11:
	.asciz	"CPUID"                         @ string offset=285
.Linfo_string12:
	.asciz	"ICSR"                          @ string offset=291
.Linfo_string13:
	.asciz	"VTOR"                          @ string offset=296
.Linfo_string14:
	.asciz	"AIRCR"                         @ string offset=301
.Linfo_string15:
	.asciz	"SCR"                           @ string offset=307
.Linfo_string16:
	.asciz	"CCR"                           @ string offset=311
.Linfo_string17:
	.asciz	"SHP"                           @ string offset=315
.Linfo_string18:
	.asciz	"SHCSR"                         @ string offset=319
.Linfo_string19:
	.asciz	"CFSR"                          @ string offset=325
.Linfo_string20:
	.asciz	"HFSR"                          @ string offset=330
.Linfo_string21:
	.asciz	"DFSR"                          @ string offset=335
.Linfo_string22:
	.asciz	"MMFAR"                         @ string offset=340
.Linfo_string23:
	.asciz	"BFAR"                          @ string offset=346
.Linfo_string24:
	.asciz	"AFSR"                          @ string offset=351
.Linfo_string25:
	.asciz	"PFR"                           @ string offset=356
.Linfo_string26:
	.asciz	"DFR"                           @ string offset=360
.Linfo_string27:
	.asciz	"ADR"                           @ string offset=364
.Linfo_string28:
	.asciz	"MMFR"                          @ string offset=368
.Linfo_string29:
	.asciz	"ISAR"                          @ string offset=373
.Linfo_string30:
	.asciz	"RESERVED0"                     @ string offset=378
.Linfo_string31:
	.asciz	"CPACR"                         @ string offset=388
.Linfo_string32:
	.asciz	"SCB_Type"                      @ string offset=394
.Linfo_string33:
	.asciz	"CR"                            @ string offset=403
.Linfo_string34:
	.asciz	"ICSCR"                         @ string offset=406
.Linfo_string35:
	.asciz	"CFGR"                          @ string offset=412
.Linfo_string36:
	.asciz	"PLLCFGR"                       @ string offset=417
.Linfo_string37:
	.asciz	"RESERVED1"                     @ string offset=425
.Linfo_string38:
	.asciz	"CIER"                          @ string offset=435
.Linfo_string39:
	.asciz	"CIFR"                          @ string offset=440
.Linfo_string40:
	.asciz	"CICR"                          @ string offset=445
.Linfo_string41:
	.asciz	"RESERVED2"                     @ string offset=450
.Linfo_string42:
	.asciz	"AHB1RSTR"                      @ string offset=460
.Linfo_string43:
	.asciz	"AHB2RSTR"                      @ string offset=469
.Linfo_string44:
	.asciz	"AHB3RSTR"                      @ string offset=478
.Linfo_string45:
	.asciz	"RESERVED3"                     @ string offset=487
.Linfo_string46:
	.asciz	"APB1RSTR1"                     @ string offset=497
.Linfo_string47:
	.asciz	"APB1RSTR2"                     @ string offset=507
.Linfo_string48:
	.asciz	"APB2RSTR"                      @ string offset=517
.Linfo_string49:
	.asciz	"RESERVED4"                     @ string offset=526
.Linfo_string50:
	.asciz	"AHB1ENR"                       @ string offset=536
.Linfo_string51:
	.asciz	"AHB2ENR"                       @ string offset=544
.Linfo_string52:
	.asciz	"AHB3ENR"                       @ string offset=552
.Linfo_string53:
	.asciz	"RESERVED5"                     @ string offset=560
.Linfo_string54:
	.asciz	"APB1ENR1"                      @ string offset=570
.Linfo_string55:
	.asciz	"APB1ENR2"                      @ string offset=579
.Linfo_string56:
	.asciz	"APB2ENR"                       @ string offset=588
.Linfo_string57:
	.asciz	"RESERVED6"                     @ string offset=596
.Linfo_string58:
	.asciz	"AHB1SMENR"                     @ string offset=606
.Linfo_string59:
	.asciz	"AHB2SMENR"                     @ string offset=616
.Linfo_string60:
	.asciz	"AHB3SMENR"                     @ string offset=626
.Linfo_string61:
	.asciz	"RESERVED7"                     @ string offset=636
.Linfo_string62:
	.asciz	"APB1SMENR1"                    @ string offset=646
.Linfo_string63:
	.asciz	"APB1SMENR2"                    @ string offset=657
.Linfo_string64:
	.asciz	"APB2SMENR"                     @ string offset=668
.Linfo_string65:
	.asciz	"RESERVED8"                     @ string offset=678
.Linfo_string66:
	.asciz	"CCIPR"                         @ string offset=688
.Linfo_string67:
	.asciz	"RESERVED9"                     @ string offset=694
.Linfo_string68:
	.asciz	"BDCR"                          @ string offset=704
.Linfo_string69:
	.asciz	"CSR"                           @ string offset=709
.Linfo_string70:
	.asciz	"CRRCR"                         @ string offset=713
.Linfo_string71:
	.asciz	"CCIPR2"                        @ string offset=719
.Linfo_string72:
	.asciz	"RCC_TypeDef"                   @ string offset=726
.Linfo_string73:
	.asciz	"SystemInit"                    @ string offset=738
.Linfo_string74:
	.asciz	"SystemCoreClockUpdate"         @ string offset=749
.Linfo_string75:
	.asciz	"tmp"                           @ string offset=771
.Linfo_string76:
	.asciz	"pllvco"                        @ string offset=775
.Linfo_string77:
	.asciz	"pllr"                          @ string offset=782
.Linfo_string78:
	.asciz	"pllsource"                     @ string offset=787
.Linfo_string79:
	.asciz	"pllm"                          @ string offset=797
	.ident	"Component: Arm Compiler for Embedded 6.19 Tool: armclang [5e73cb00]"
	.section	".note.GNU-stack","",%progbits
	.eabi_attribute	30, 6	@ Tag_ABI_optimization_goals
	.ARM_attribute	16, 1	@ Tag_AV_eba
	.section	.debug_line,"",%progbits
.Lline_table_start0:
